hmmsearch:   0%|          | 0/35 [00:00<?, ?hmm/s]12:04:26 [INFO] hmmsearch: ECOFLEX.hmm vs proteins_converted.fasta
12:04:26 [INFO] $ hmmsearch --cpu 4 --tblout /gpfs/work/bio/yueqingxing22/igem/HMM/annotation_results/plastic_families/ECOFLEX.tblout.tsv --domtblout /gpfs/work/bio/yueqingxing22/igem/HMM/annotation_results/plastic_families/ECOFLEX.domtblout.tsv /gpfs/work/bio/yueqingxing22/igem/HMM/hmm_profiles/plastic_families/hmm/ECOFLEX.hmm /gpfs/work/bio/yueqingxing22/igem/HMM/data/unknown_sequences/proteins_converted.fasta > /gpfs/work/bio/yueqingxing22/igem/HMM/annotation_results/plastic_families/ECOFLEX.alignment.txt
hmmsearch:   3%|▎         | 1/35 [00:00<00:04,  7.97hmm/s]12:04:27 [INFO] hmmsearch: ECOVIO-FT.hmm vs proteins_converted.fasta
12:04:27 [INFO] $ hmmsearch --cpu 4 --tblout /gpfs/work/bio/yueqingxing22/igem/HMM/annotation_results/plastic_families/ECOVIO-FT.tblout.tsv --domtblout /gpfs/work/bio/yueqingxing22/igem/HMM/annotation_results/plastic_families/ECOVIO-FT.domtblout.tsv /gpfs/work/bio/yueqingxing22/igem/HMM/hmm_profiles/plastic_families/hmm/ECOVIO-FT.hmm /gpfs/work/bio/yueqingxing22/igem/HMM/data/unknown_sequences/proteins_converted.fasta > /gpfs/work/bio/yueqingxing22/igem/HMM/annotation_results/plastic_families/ECOVIO-FT.alignment.txt
12:04:27 [INFO] hmmsearch: Impranil.hmm vs proteins_converted.fasta
12:04:27 [INFO] $ hmmsearch --cpu 4 --tblout /gpfs/work/bio/yueqingxing22/igem/HMM/annotation_results/plastic_families/Impranil.tblout.tsv --domtblout /gpfs/work/bio/yueqingxing22/igem/HMM/annotation_results/plastic_families/Impranil.domtblout.tsv /gpfs/work/bio/yueqingxing22/igem/HMM/hmm_profiles/plastic_families/hmm/Impranil.hmm /gpfs/work/bio/yueqingxing22/igem/HMM/data/unknown_sequences/proteins_converted.fasta > /gpfs/work/bio/yueqingxing22/igem/HMM/annotation_results/plastic_families/Impranil.alignment.txt
12:04:27 [INFO] hmmsearch: NR.hmm vs proteins_converted.fasta
12:04:27 [INFO] $ hmmsearch --cpu 4 --tblout /gpfs/work/bio/yueqingxing22/igem/HMM/annotation_results/plastic_families/NR.tblout.tsv --domtblout /gpfs/work/bio/yueqingxing22/igem/HMM/annotation_results/plastic_families/NR.domtblout.tsv /gpfs/work/bio/yueqingxing22/igem/HMM/hmm_profiles/plastic_families/hmm/NR.hmm /gpfs/work/bio/yueqingxing22/igem/HMM/data/unknown_sequences/proteins_converted.fasta > /gpfs/work/bio/yueqingxing22/igem/HMM/annotation_results/plastic_families/NR.alignment.txt
hmmsearch:  11%|█▏        | 4/35 [00:00<00:01, 16.68hmm/s]12:04:27 [INFO] hmmsearch: O-PVA.hmm vs proteins_converted.fasta
12:04:27 [INFO] $ hmmsearch --cpu 4 --tblout /gpfs/work/bio/yueqingxing22/igem/HMM/annotation_results/plastic_families/O-PVA.tblout.tsv --domtblout /gpfs/work/bio/yueqingxing22/igem/HMM/annotation_results/plastic_families/O-PVA.domtblout.tsv /gpfs/work/bio/yueqingxing22/igem/HMM/hmm_profiles/plastic_families/hmm/O-PVA.hmm /gpfs/work/bio/yueqingxing22/igem/HMM/data/unknown_sequences/proteins_converted.fasta > /gpfs/work/bio/yueqingxing22/igem/HMM/annotation_results/plastic_families/O-PVA.alignment.txt
12:04:27 [INFO] hmmsearch: P3HP.hmm vs proteins_converted.fasta
12:04:27 [INFO] $ hmmsearch --cpu 4 --tblout /gpfs/work/bio/yueqingxing22/igem/HMM/annotation_results/plastic_families/P3HP.tblout.tsv --domtblout /gpfs/work/bio/yueqingxing22/igem/HMM/annotation_results/plastic_families/P3HP.domtblout.tsv /gpfs/work/bio/yueqingxing22/igem/HMM/hmm_profiles/plastic_families/hmm/P3HP.hmm /gpfs/work/bio/yueqingxing22/igem/HMM/data/unknown_sequences/proteins_converted.fasta > /gpfs/work/bio/yueqingxing22/igem/HMM/annotation_results/plastic_families/P3HP.alignment.txt
12:04:27 [INFO] hmmsearch: P3HV.hmm vs proteins_converted.fasta
12:04:27 [INFO] $ hmmsearch --cpu 4 --tblout /gpfs/work/bio/yueqingxing22/igem/HMM/annotation_results/plastic_families/P3HV.tblout.tsv --domtblout /gpfs/work/bio/yueqingxing22/igem/HMM/annotation_results/plastic_families/P3HV.domtblout.tsv /gpfs/work/bio/yueqingxing22/igem/HMM/hmm_profiles/plastic_families/hmm/P3HV.hmm /gpfs/work/bio/yueqingxing22/igem/HMM/data/unknown_sequences/proteins_converted.fasta > /gpfs/work/bio/yueqingxing22/igem/HMM/annotation_results/plastic_families/P3HV.alignment.txt
hmmsearch:  20%|██        | 7/35 [00:00<00:01, 19.57hmm/s]12:04:27 [INFO] hmmsearch: P4HB.hmm vs proteins_converted.fasta
12:04:27 [INFO] $ hmmsearch --cpu 4 --tblout /gpfs/work/bio/yueqingxing22/igem/HMM/annotation_results/plastic_families/P4HB.tblout.tsv --domtblout /gpfs/work/bio/yueqingxing22/igem/HMM/annotation_results/plastic_families/P4HB.domtblout.tsv /gpfs/work/bio/yueqingxing22/igem/HMM/hmm_profiles/plastic_families/hmm/P4HB.hmm /gpfs/work/bio/yueqingxing22/igem/HMM/data/unknown_sequences/proteins_converted.fasta > /gpfs/work/bio/yueqingxing22/igem/HMM/annotation_results/plastic_families/P4HB.alignment.txt
12:04:27 [INFO] hmmsearch: PA.hmm vs proteins_converted.fasta
12:04:27 [INFO] $ hmmsearch --cpu 4 --tblout /gpfs/work/bio/yueqingxing22/igem/HMM/annotation_results/plastic_families/PA.tblout.tsv --domtblout /gpfs/work/bio/yueqingxing22/igem/HMM/annotation_results/plastic_families/PA.domtblout.tsv /gpfs/work/bio/yueqingxing22/igem/HMM/hmm_profiles/plastic_families/hmm/PA.hmm /gpfs/work/bio/yueqingxing22/igem/HMM/data/unknown_sequences/proteins_converted.fasta > /gpfs/work/bio/yueqingxing22/igem/HMM/annotation_results/plastic_families/PA.alignment.txt
hmmsearch:  26%|██▌       | 9/35 [00:00<00:01, 16.85hmm/s]12:04:27 [INFO] hmmsearch: PBAT.hmm vs proteins_converted.fasta
12:04:27 [INFO] $ hmmsearch --cpu 4 --tblout /gpfs/work/bio/yueqingxing22/igem/HMM/annotation_results/plastic_families/PBAT.tblout.tsv --domtblout /gpfs/work/bio/yueqingxing22/igem/HMM/annotation_results/plastic_families/PBAT.domtblout.tsv /gpfs/work/bio/yueqingxing22/igem/HMM/hmm_profiles/plastic_families/hmm/PBAT.hmm /gpfs/work/bio/yueqingxing22/igem/HMM/data/unknown_sequences/proteins_converted.fasta > /gpfs/work/bio/yueqingxing22/igem/HMM/annotation_results/plastic_families/PBAT.alignment.txt
12:04:27 [INFO] hmmsearch: PBS.hmm vs proteins_converted.fasta
12:04:27 [INFO] $ hmmsearch --cpu 4 --tblout /gpfs/work/bio/yueqingxing22/igem/HMM/annotation_results/plastic_families/PBS.tblout.tsv --domtblout /gpfs/work/bio/yueqingxing22/igem/HMM/annotation_results/plastic_families/PBS.domtblout.tsv /gpfs/work/bio/yueqingxing22/igem/HMM/hmm_profiles/plastic_families/hmm/PBS.hmm /gpfs/work/bio/yueqingxing22/igem/HMM/data/unknown_sequences/proteins_converted.fasta > /gpfs/work/bio/yueqingxing22/igem/HMM/annotation_results/plastic_families/PBS.alignment.txt
hmmsearch:  31%|███▏      | 11/35 [00:00<00:01, 17.69hmm/s]12:04:27 [INFO] hmmsearch: PBSA.hmm vs proteins_converted.fasta
12:04:27 [INFO] $ hmmsearch --cpu 4 --tblout /gpfs/work/bio/yueqingxing22/igem/HMM/annotation_results/plastic_families/PBSA.tblout.tsv --domtblout /gpfs/work/bio/yueqingxing22/igem/HMM/annotation_results/plastic_families/PBSA.domtblout.tsv /gpfs/work/bio/yueqingxing22/igem/HMM/hmm_profiles/plastic_families/hmm/PBSA.hmm /gpfs/work/bio/yueqingxing22/igem/HMM/data/unknown_sequences/proteins_converted.fasta > /gpfs/work/bio/yueqingxing22/igem/HMM/annotation_results/plastic_families/PBSA.alignment.txt
12:04:27 [INFO] hmmsearch: PBSeT.hmm vs proteins_converted.fasta
12:04:27 [INFO] $ hmmsearch --cpu 4 --tblout /gpfs/work/bio/yueqingxing22/igem/HMM/annotation_results/plastic_families/PBSeT.tblout.tsv --domtblout /gpfs/work/bio/yueqingxing22/igem/HMM/annotation_results/plastic_families/PBSeT.domtblout.tsv /gpfs/work/bio/yueqingxing22/igem/HMM/hmm_profiles/plastic_families/hmm/PBSeT.hmm /gpfs/work/bio/yueqingxing22/igem/HMM/data/unknown_sequences/proteins_converted.fasta > /gpfs/work/bio/yueqingxing22/igem/HMM/annotation_results/plastic_families/PBSeT.alignment.txt
12:04:27 [INFO] hmmsearch: PCL.hmm vs proteins_converted.fasta
12:04:27 [INFO] $ hmmsearch --cpu 4 --tblout /gpfs/work/bio/yueqingxing22/igem/HMM/annotation_results/plastic_families/PCL.tblout.tsv --domtblout /gpfs/work/bio/yueqingxing22/igem/HMM/annotation_results/plastic_families/PCL.domtblout.tsv /gpfs/work/bio/yueqingxing22/igem/HMM/hmm_profiles/plastic_families/hmm/PCL.hmm /gpfs/work/bio/yueqingxing22/igem/HMM/data/unknown_sequences/proteins_converted.fasta > /gpfs/work/bio/yueqingxing22/igem/HMM/annotation_results/plastic_families/PCL.alignment.txt
hmmsearch:  40%|████      | 14/35 [00:00<00:01, 16.45hmm/s]12:04:27 [INFO] hmmsearch: PE.hmm vs proteins_converted.fasta
12:04:27 [INFO] $ hmmsearch --cpu 4 --tblout /gpfs/work/bio/yueqingxing22/igem/HMM/annotation_results/plastic_families/PE.tblout.tsv --domtblout /gpfs/work/bio/yueqingxing22/igem/HMM/annotation_results/plastic_families/PE.domtblout.tsv /gpfs/work/bio/yueqingxing22/igem/HMM/hmm_profiles/plastic_families/hmm/PE.hmm /gpfs/work/bio/yueqingxing22/igem/HMM/data/unknown_sequences/proteins_converted.fasta > /gpfs/work/bio/yueqingxing22/igem/HMM/annotation_results/plastic_families/PE.alignment.txt
12:04:27 [INFO] hmmsearch: PEA.hmm vs proteins_converted.fasta
12:04:27 [INFO] $ hmmsearch --cpu 4 --tblout /gpfs/work/bio/yueqingxing22/igem/HMM/annotation_results/plastic_families/PEA.tblout.tsv --domtblout /gpfs/work/bio/yueqingxing22/igem/HMM/annotation_results/plastic_families/PEA.domtblout.tsv /gpfs/work/bio/yueqingxing22/igem/HMM/hmm_profiles/plastic_families/hmm/PEA.hmm /gpfs/work/bio/yueqingxing22/igem/HMM/data/unknown_sequences/proteins_converted.fasta > /gpfs/work/bio/yueqingxing22/igem/HMM/annotation_results/plastic_families/PEA.alignment.txt
hmmsearch:  46%|████▌     | 16/35 [00:00<00:01, 15.92hmm/s]12:04:27 [INFO] hmmsearch: PEF.hmm vs proteins_converted.fasta
12:04:27 [INFO] $ hmmsearch --cpu 4 --tblout /gpfs/work/bio/yueqingxing22/igem/HMM/annotation_results/plastic_families/PEF.tblout.tsv --domtblout /gpfs/work/bio/yueqingxing22/igem/HMM/annotation_results/plastic_families/PEF.domtblout.tsv /gpfs/work/bio/yueqingxing22/igem/HMM/hmm_profiles/plastic_families/hmm/PEF.hmm /gpfs/work/bio/yueqingxing22/igem/HMM/data/unknown_sequences/proteins_converted.fasta > /gpfs/work/bio/yueqingxing22/igem/HMM/annotation_results/plastic_families/PEF.alignment.txt
12:04:27 [INFO] hmmsearch: PEG.hmm vs proteins_converted.fasta
12:04:27 [INFO] $ hmmsearch --cpu 4 --tblout /gpfs/work/bio/yueqingxing22/igem/HMM/annotation_results/plastic_families/PEG.tblout.tsv --domtblout /gpfs/work/bio/yueqingxing22/igem/HMM/annotation_results/plastic_families/PEG.domtblout.tsv /gpfs/work/bio/yueqingxing22/igem/HMM/hmm_profiles/plastic_families/hmm/PEG.hmm /gpfs/work/bio/yueqingxing22/igem/HMM/data/unknown_sequences/proteins_converted.fasta > /gpfs/work/bio/yueqingxing22/igem/HMM/annotation_results/plastic_families/PEG.alignment.txt
hmmsearch:  51%|█████▏    | 18/35 [00:01<00:01, 16.48hmm/s]12:04:27 [INFO] hmmsearch: PES.hmm vs proteins_converted.fasta
12:04:27 [INFO] $ hmmsearch --cpu 4 --tblout /gpfs/work/bio/yueqingxing22/igem/HMM/annotation_results/plastic_families/PES.tblout.tsv --domtblout /gpfs/work/bio/yueqingxing22/igem/HMM/annotation_results/plastic_families/PES.domtblout.tsv /gpfs/work/bio/yueqingxing22/igem/HMM/hmm_profiles/plastic_families/hmm/PES.hmm /gpfs/work/bio/yueqingxing22/igem/HMM/data/unknown_sequences/proteins_converted.fasta > /gpfs/work/bio/yueqingxing22/igem/HMM/annotation_results/plastic_families/PES.alignment.txt
12:04:28 [INFO] hmmsearch: PET.hmm vs proteins_converted.fasta
12:04:28 [INFO] $ hmmsearch --cpu 4 --tblout /gpfs/work/bio/yueqingxing22/igem/HMM/annotation_results/plastic_families/PET.tblout.tsv --domtblout /gpfs/work/bio/yueqingxing22/igem/HMM/annotation_results/plastic_families/PET.domtblout.tsv /gpfs/work/bio/yueqingxing22/igem/HMM/hmm_profiles/plastic_families/hmm/PET.hmm /gpfs/work/bio/yueqingxing22/igem/HMM/data/unknown_sequences/proteins_converted.fasta > /gpfs/work/bio/yueqingxing22/igem/HMM/annotation_results/plastic_families/PET.alignment.txt
hmmsearch:  57%|█████▋    | 20/35 [00:01<00:00, 17.28hmm/s]12:04:28 [INFO] hmmsearch: PHB.hmm vs proteins_converted.fasta
12:04:28 [INFO] $ hmmsearch --cpu 4 --tblout /gpfs/work/bio/yueqingxing22/igem/HMM/annotation_results/plastic_families/PHB.tblout.tsv --domtblout /gpfs/work/bio/yueqingxing22/igem/HMM/annotation_results/plastic_families/PHB.domtblout.tsv /gpfs/work/bio/yueqingxing22/igem/HMM/hmm_profiles/plastic_families/hmm/PHB.hmm /gpfs/work/bio/yueqingxing22/igem/HMM/data/unknown_sequences/proteins_converted.fasta > /gpfs/work/bio/yueqingxing22/igem/HMM/annotation_results/plastic_families/PHB.alignment.txt
12:04:28 [INFO] hmmsearch: PHBH.hmm vs proteins_converted.fasta
12:04:28 [INFO] $ hmmsearch --cpu 4 --tblout /gpfs/work/bio/yueqingxing22/igem/HMM/annotation_results/plastic_families/PHBH.tblout.tsv --domtblout /gpfs/work/bio/yueqingxing22/igem/HMM/annotation_results/plastic_families/PHBH.domtblout.tsv /gpfs/work/bio/yueqingxing22/igem/HMM/hmm_profiles/plastic_families/hmm/PHBH.hmm /gpfs/work/bio/yueqingxing22/igem/HMM/data/unknown_sequences/proteins_converted.fasta > /gpfs/work/bio/yueqingxing22/igem/HMM/annotation_results/plastic_families/PHBH.alignment.txt
hmmsearch:  63%|██████▎   | 22/35 [00:01<00:00, 16.74hmm/s]12:04:28 [INFO] hmmsearch: PHBV.hmm vs proteins_converted.fasta
12:04:28 [INFO] $ hmmsearch --cpu 4 --tblout /gpfs/work/bio/yueqingxing22/igem/HMM/annotation_results/plastic_families/PHBV.tblout.tsv --domtblout /gpfs/work/bio/yueqingxing22/igem/HMM/annotation_results/plastic_families/PHBV.domtblout.tsv /gpfs/work/bio/yueqingxing22/igem/HMM/hmm_profiles/plastic_families/hmm/PHBV.hmm /gpfs/work/bio/yueqingxing22/igem/HMM/data/unknown_sequences/proteins_converted.fasta > /gpfs/work/bio/yueqingxing22/igem/HMM/annotation_results/plastic_families/PHBV.alignment.txt
12:04:28 [INFO] hmmsearch: PHBVH.hmm vs proteins_converted.fasta
12:04:28 [INFO] $ hmmsearch --cpu 4 --tblout /gpfs/work/bio/yueqingxing22/igem/HMM/annotation_results/plastic_families/PHBVH.tblout.tsv --domtblout /gpfs/work/bio/yueqingxing22/igem/HMM/annotation_results/plastic_families/PHBVH.domtblout.tsv /gpfs/work/bio/yueqingxing22/igem/HMM/hmm_profiles/plastic_families/hmm/PHBVH.hmm /gpfs/work/bio/yueqingxing22/igem/HMM/data/unknown_sequences/proteins_converted.fasta > /gpfs/work/bio/yueqingxing22/igem/HMM/annotation_results/plastic_families/PHBVH.alignment.txt
12:04:28 [INFO] hmmsearch: PHO.hmm vs proteins_converted.fasta
12:04:28 [INFO] $ hmmsearch --cpu 4 --tblout /gpfs/work/bio/yueqingxing22/igem/HMM/annotation_results/plastic_families/PHO.tblout.tsv --domtblout /gpfs/work/bio/yueqingxing22/igem/HMM/annotation_results/plastic_families/PHO.domtblout.tsv /gpfs/work/bio/yueqingxing22/igem/HMM/hmm_profiles/plastic_families/hmm/PHO.hmm /gpfs/work/bio/yueqingxing22/igem/HMM/data/unknown_sequences/proteins_converted.fasta > /gpfs/work/bio/yueqingxing22/igem/HMM/annotation_results/plastic_families/PHO.alignment.txt
hmmsearch:  71%|███████▏  | 25/35 [00:01<00:00, 19.14hmm/s]12:04:28 [INFO] hmmsearch: PHPV.hmm vs proteins_converted.fasta
12:04:28 [INFO] $ hmmsearch --cpu 4 --tblout /gpfs/work/bio/yueqingxing22/igem/HMM/annotation_results/plastic_families/PHPV.tblout.tsv --domtblout /gpfs/work/bio/yueqingxing22/igem/HMM/annotation_results/plastic_families/PHPV.domtblout.tsv /gpfs/work/bio/yueqingxing22/igem/HMM/hmm_profiles/plastic_families/hmm/PHPV.hmm /gpfs/work/bio/yueqingxing22/igem/HMM/data/unknown_sequences/proteins_converted.fasta > /gpfs/work/bio/yueqingxing22/igem/HMM/annotation_results/plastic_families/PHPV.alignment.txt
12:04:28 [INFO] hmmsearch: PHV.hmm vs proteins_converted.fasta
12:04:28 [INFO] $ hmmsearch --cpu 4 --tblout /gpfs/work/bio/yueqingxing22/igem/HMM/annotation_results/plastic_families/PHV.tblout.tsv --domtblout /gpfs/work/bio/yueqingxing22/igem/HMM/annotation_results/plastic_families/PHV.domtblout.tsv /gpfs/work/bio/yueqingxing22/igem/HMM/hmm_profiles/plastic_families/hmm/PHV.hmm /gpfs/work/bio/yueqingxing22/igem/HMM/data/unknown_sequences/proteins_converted.fasta > /gpfs/work/bio/yueqingxing22/igem/HMM/annotation_results/plastic_families/PHV.alignment.txt
12:04:28 [INFO] hmmsearch: PLA.hmm vs proteins_converted.fasta
12:04:28 [INFO] $ hmmsearch --cpu 4 --tblout /gpfs/work/bio/yueqingxing22/igem/HMM/annotation_results/plastic_families/PLA.tblout.tsv --domtblout /gpfs/work/bio/yueqingxing22/igem/HMM/annotation_results/plastic_families/PLA.domtblout.tsv /gpfs/work/bio/yueqingxing22/igem/HMM/hmm_profiles/plastic_families/hmm/PLA.hmm /gpfs/work/bio/yueqingxing22/igem/HMM/data/unknown_sequences/proteins_converted.fasta > /gpfs/work/bio/yueqingxing22/igem/HMM/annotation_results/plastic_families/PLA.alignment.txt
hmmsearch:  80%|████████  | 28/35 [00:01<00:00, 17.73hmm/s]12:04:28 [INFO] hmmsearch: PMCL.hmm vs proteins_converted.fasta
12:04:28 [INFO] $ hmmsearch --cpu 4 --tblout /gpfs/work/bio/yueqingxing22/igem/HMM/annotation_results/plastic_families/PMCL.tblout.tsv --domtblout /gpfs/work/bio/yueqingxing22/igem/HMM/annotation_results/plastic_families/PMCL.domtblout.tsv /gpfs/work/bio/yueqingxing22/igem/HMM/hmm_profiles/plastic_families/hmm/PMCL.hmm /gpfs/work/bio/yueqingxing22/igem/HMM/data/unknown_sequences/proteins_converted.fasta > /gpfs/work/bio/yueqingxing22/igem/HMM/annotation_results/plastic_families/PMCL.alignment.txt
12:04:28 [INFO] hmmsearch: PPL.hmm vs proteins_converted.fasta
12:04:28 [INFO] $ hmmsearch --cpu 4 --tblout /gpfs/work/bio/yueqingxing22/igem/HMM/annotation_results/plastic_families/PPL.tblout.tsv --domtblout /gpfs/work/bio/yueqingxing22/igem/HMM/annotation_results/plastic_families/PPL.domtblout.tsv /gpfs/work/bio/yueqingxing22/igem/HMM/hmm_profiles/plastic_families/hmm/PPL.hmm /gpfs/work/bio/yueqingxing22/igem/HMM/data/unknown_sequences/proteins_converted.fasta > /gpfs/work/bio/yueqingxing22/igem/HMM/annotation_results/plastic_families/PPL.alignment.txt
12:04:28 [INFO] hmmsearch: PS.hmm vs proteins_converted.fasta
12:04:28 [INFO] $ hmmsearch --cpu 4 --tblout /gpfs/work/bio/yueqingxing22/igem/HMM/annotation_results/plastic_families/PS.tblout.tsv --domtblout /gpfs/work/bio/yueqingxing22/igem/HMM/annotation_results/plastic_families/PS.domtblout.tsv /gpfs/work/bio/yueqingxing22/igem/HMM/hmm_profiles/plastic_families/hmm/PS.hmm /gpfs/work/bio/yueqingxing22/igem/HMM/data/unknown_sequences/proteins_converted.fasta > /gpfs/work/bio/yueqingxing22/igem/HMM/annotation_results/plastic_families/PS.alignment.txt
hmmsearch:  89%|████████▊ | 31/35 [00:01<00:00, 19.83hmm/s]12:04:28 [INFO] hmmsearch: PU.hmm vs proteins_converted.fasta
12:04:28 [INFO] $ hmmsearch --cpu 4 --tblout /gpfs/work/bio/yueqingxing22/igem/HMM/annotation_results/plastic_families/PU.tblout.tsv --domtblout /gpfs/work/bio/yueqingxing22/igem/HMM/annotation_results/plastic_families/PU.domtblout.tsv /gpfs/work/bio/yueqingxing22/igem/HMM/hmm_profiles/plastic_families/hmm/PU.hmm /gpfs/work/bio/yueqingxing22/igem/HMM/data/unknown_sequences/proteins_converted.fasta > /gpfs/work/bio/yueqingxing22/igem/HMM/annotation_results/plastic_families/PU.alignment.txt
12:04:28 [INFO] hmmsearch: PVA.hmm vs proteins_converted.fasta
12:04:28 [INFO] $ hmmsearch --cpu 4 --tblout /gpfs/work/bio/yueqingxing22/igem/HMM/annotation_results/plastic_families/PVA.tblout.tsv --domtblout /gpfs/work/bio/yueqingxing22/igem/HMM/annotation_results/plastic_families/PVA.domtblout.tsv /gpfs/work/bio/yueqingxing22/igem/HMM/hmm_profiles/plastic_families/hmm/PVA.hmm /gpfs/work/bio/yueqingxing22/igem/HMM/data/unknown_sequences/proteins_converted.fasta > /gpfs/work/bio/yueqingxing22/igem/HMM/annotation_results/plastic_families/PVA.alignment.txt
12:04:28 [INFO] hmmsearch: P_3HB-co-3MP_.hmm vs proteins_converted.fasta
12:04:28 [INFO] $ hmmsearch --cpu 4 --tblout /gpfs/work/bio/yueqingxing22/igem/HMM/annotation_results/plastic_families/P_3HB-co-3MP_.tblout.tsv --domtblout /gpfs/work/bio/yueqingxing22/igem/HMM/annotation_results/plastic_families/P_3HB-co-3MP_.domtblout.tsv /gpfs/work/bio/yueqingxing22/igem/HMM/hmm_profiles/plastic_families/hmm/P_3HB-co-3MP_.hmm /gpfs/work/bio/yueqingxing22/igem/HMM/data/unknown_sequences/proteins_converted.fasta > /gpfs/work/bio/yueqingxing22/igem/HMM/annotation_results/plastic_families/P_3HB-co-3MP_.alignment.txt
hmmsearch:  97%|█████████▋| 34/35 [00:01<00:00, 21.30hmm/s]12:04:28 [INFO] hmmsearch: TP.hmm vs proteins_converted.fasta
12:04:28 [INFO] $ hmmsearch --cpu 4 --tblout /gpfs/work/bio/yueqingxing22/igem/HMM/annotation_results/plastic_families/TP.tblout.tsv --domtblout /gpfs/work/bio/yueqingxing22/igem/HMM/annotation_results/plastic_families/TP.domtblout.tsv /gpfs/work/bio/yueqingxing22/igem/HMM/hmm_profiles/plastic_families/hmm/TP.hmm /gpfs/work/bio/yueqingxing22/igem/HMM/data/unknown_sequences/proteins_converted.fasta > /gpfs/work/bio/yueqingxing22/igem/HMM/annotation_results/plastic_families/TP.alignment.txt
hmmsearch: 100%|██████████| 35/35 [00:01<00:00, 18.36hmm/s]
12:04:28 [INFO] Annotation finished. TSVs written with prefix: /gpfs/work/bio/yueqingxing22/igem/HMM/annotation_results/plastic_families/annotation_report
