[INFO] hmmsearch: 6_Hairpin.hmm vs proteins_converted.fasta
[CMD] hmmsearch --cpu 4 --tblout /gpfs/work/bio/yueqingxing22/igem/HMM/annotation_results/clan_families/6_Hairpin/6_Hairpin.tblout.tsv --domtblout /gpfs/work/bio/yueqingxing22/igem/HMM/annotation_results/clan_families/6_Hairpin/6_Hairpin.domtblout.tsv /gpfs/work/bio/yueqingxing22/igem/HMM/hmm_profiles/clan_families/hmm/6_Hairpin.hmm /gpfs/work/bio/yueqingxing22/igem/HMM/data/unknown_sequences/proteins_converted.fasta > /gpfs/work/bio/yueqingxing22/igem/HMM/annotation_results/clan_families/6_Hairpin/6_Hairpin.alignment.txt
[INFO] hmmsearch: AB_hydrolase.hmm vs proteins_converted.fasta
[CMD] hmmsearch --cpu 4 --tblout /gpfs/work/bio/yueqingxing22/igem/HMM/annotation_results/clan_families/AB_hydrolase/AB_hydrolase.tblout.tsv --domtblout /gpfs/work/bio/yueqingxing22/igem/HMM/annotation_results/clan_families/AB_hydrolase/AB_hydrolase.domtblout.tsv /gpfs/work/bio/yueqingxing22/igem/HMM/hmm_profiles/clan_families/hmm/AB_hydrolase.hmm /gpfs/work/bio/yueqingxing22/igem/HMM/data/unknown_sequences/proteins_converted.fasta > /gpfs/work/bio/yueqingxing22/igem/HMM/annotation_results/clan_families/AB_hydrolase/AB_hydrolase.alignment.txt
[INFO] hmmsearch: Acyl-CoA_desat.hmm vs proteins_converted.fasta
[CMD] hmmsearch --cpu 4 --tblout /gpfs/work/bio/yueqingxing22/igem/HMM/annotation_results/clan_families/Acyl-CoA_desat/Acyl-CoA_desat.tblout.tsv --domtblout /gpfs/work/bio/yueqingxing22/igem/HMM/annotation_results/clan_families/Acyl-CoA_desat/Acyl-CoA_desat.domtblout.tsv /gpfs/work/bio/yueqingxing22/igem/HMM/hmm_profiles/clan_families/hmm/Acyl-CoA_desat.hmm /gpfs/work/bio/yueqingxing22/igem/HMM/data/unknown_sequences/proteins_converted.fasta > /gpfs/work/bio/yueqingxing22/igem/HMM/annotation_results/clan_families/Acyl-CoA_desat/Acyl-CoA_desat.alignment.txt
[INFO] hmmsearch: Beta-lactamase.hmm vs proteins_converted.fasta
[CMD] hmmsearch --cpu 4 --tblout /gpfs/work/bio/yueqingxing22/igem/HMM/annotation_results/clan_families/Beta-lactamase/Beta-lactamase.tblout.tsv --domtblout /gpfs/work/bio/yueqingxing22/igem/HMM/annotation_results/clan_families/Beta-lactamase/Beta-lactamase.domtblout.tsv /gpfs/work/bio/yueqingxing22/igem/HMM/hmm_profiles/clan_families/hmm/Beta-lactamase.hmm /gpfs/work/bio/yueqingxing22/igem/HMM/data/unknown_sequences/proteins_converted.fasta > /gpfs/work/bio/yueqingxing22/igem/HMM/annotation_results/clan_families/Beta-lactamase/Beta-lactamase.alignment.txt
[INFO] hmmsearch: Beta_propeller.hmm vs proteins_converted.fasta
[CMD] hmmsearch --cpu 4 --tblout /gpfs/work/bio/yueqingxing22/igem/HMM/annotation_results/clan_families/Beta_propeller/Beta_propeller.tblout.tsv --domtblout /gpfs/work/bio/yueqingxing22/igem/HMM/annotation_results/clan_families/Beta_propeller/Beta_propeller.domtblout.tsv /gpfs/work/bio/yueqingxing22/igem/HMM/hmm_profiles/clan_families/hmm/Beta_propeller.hmm /gpfs/work/bio/yueqingxing22/igem/HMM/data/unknown_sequences/proteins_converted.fasta > /gpfs/work/bio/yueqingxing22/igem/HMM/annotation_results/clan_families/Beta_propeller/Beta_propeller.alignment.txt
[INFO] hmmsearch: CU_oxidase.hmm vs proteins_converted.fasta
[CMD] hmmsearch --cpu 4 --tblout /gpfs/work/bio/yueqingxing22/igem/HMM/annotation_results/clan_families/CU_oxidase/CU_oxidase.tblout.tsv --domtblout /gpfs/work/bio/yueqingxing22/igem/HMM/annotation_results/clan_families/CU_oxidase/CU_oxidase.domtblout.tsv /gpfs/work/bio/yueqingxing22/igem/HMM/hmm_profiles/clan_families/hmm/CU_oxidase.hmm /gpfs/work/bio/yueqingxing22/igem/HMM/data/unknown_sequences/proteins_converted.fasta > /gpfs/work/bio/yueqingxing22/igem/HMM/annotation_results/clan_families/CU_oxidase/CU_oxidase.alignment.txt
[INFO] hmmsearch: Cytochrome-c.hmm vs proteins_converted.fasta
[CMD] hmmsearch --cpu 4 --tblout /gpfs/work/bio/yueqingxing22/igem/HMM/annotation_results/clan_families/Cytochrome-c/Cytochrome-c.tblout.tsv --domtblout /gpfs/work/bio/yueqingxing22/igem/HMM/annotation_results/clan_families/Cytochrome-c/Cytochrome-c.domtblout.tsv /gpfs/work/bio/yueqingxing22/igem/HMM/hmm_profiles/clan_families/hmm/Cytochrome-c.hmm /gpfs/work/bio/yueqingxing22/igem/HMM/data/unknown_sequences/proteins_converted.fasta > /gpfs/work/bio/yueqingxing22/igem/HMM/annotation_results/clan_families/Cytochrome-c/Cytochrome-c.alignment.txt
[INFO] hmmsearch: Di-copper.hmm vs proteins_converted.fasta
[CMD] hmmsearch --cpu 4 --tblout /gpfs/work/bio/yueqingxing22/igem/HMM/annotation_results/clan_families/Di-copper/Di-copper.tblout.tsv --domtblout /gpfs/work/bio/yueqingxing22/igem/HMM/annotation_results/clan_families/Di-copper/Di-copper.domtblout.tsv /gpfs/work/bio/yueqingxing22/igem/HMM/hmm_profiles/clan_families/hmm/Di-copper.hmm /gpfs/work/bio/yueqingxing22/igem/HMM/data/unknown_sequences/proteins_converted.fasta > /gpfs/work/bio/yueqingxing22/igem/HMM/annotation_results/clan_families/Di-copper/Di-copper.alignment.txt
[INFO] hmmsearch: DmpA_ArgJ.hmm vs proteins_converted.fasta
[CMD] hmmsearch --cpu 4 --tblout /gpfs/work/bio/yueqingxing22/igem/HMM/annotation_results/clan_families/DmpA_ArgJ/DmpA_ArgJ.tblout.tsv --domtblout /gpfs/work/bio/yueqingxing22/igem/HMM/annotation_results/clan_families/DmpA_ArgJ/DmpA_ArgJ.domtblout.tsv /gpfs/work/bio/yueqingxing22/igem/HMM/hmm_profiles/clan_families/hmm/DmpA_ArgJ.hmm /gpfs/work/bio/yueqingxing22/igem/HMM/data/unknown_sequences/proteins_converted.fasta > /gpfs/work/bio/yueqingxing22/igem/HMM/annotation_results/clan_families/DmpA_ArgJ/DmpA_ArgJ.alignment.txt
[INFO] hmmsearch: E-set.hmm vs proteins_converted.fasta
[CMD] hmmsearch --cpu 4 --tblout /gpfs/work/bio/yueqingxing22/igem/HMM/annotation_results/clan_families/E-set/E-set.tblout.tsv --domtblout /gpfs/work/bio/yueqingxing22/igem/HMM/annotation_results/clan_families/E-set/E-set.domtblout.tsv /gpfs/work/bio/yueqingxing22/igem/HMM/hmm_profiles/clan_families/hmm/E-set.hmm /gpfs/work/bio/yueqingxing22/igem/HMM/data/unknown_sequences/proteins_converted.fasta > /gpfs/work/bio/yueqingxing22/igem/HMM/annotation_results/clan_families/E-set/E-set.alignment.txt
[INFO] hmmsearch: FAD_PCMH.hmm vs proteins_converted.fasta
[CMD] hmmsearch --cpu 4 --tblout /gpfs/work/bio/yueqingxing22/igem/HMM/annotation_results/clan_families/FAD_PCMH/FAD_PCMH.tblout.tsv --domtblout /gpfs/work/bio/yueqingxing22/igem/HMM/annotation_results/clan_families/FAD_PCMH/FAD_PCMH.domtblout.tsv /gpfs/work/bio/yueqingxing22/igem/HMM/hmm_profiles/clan_families/hmm/FAD_PCMH.hmm /gpfs/work/bio/yueqingxing22/igem/HMM/data/unknown_sequences/proteins_converted.fasta > /gpfs/work/bio/yueqingxing22/igem/HMM/annotation_results/clan_families/FAD_PCMH/FAD_PCMH.alignment.txt
[INFO] hmmsearch: GH_CE.hmm vs proteins_converted.fasta
[CMD] hmmsearch --cpu 4 --tblout /gpfs/work/bio/yueqingxing22/igem/HMM/annotation_results/clan_families/GH_CE/GH_CE.tblout.tsv --domtblout /gpfs/work/bio/yueqingxing22/igem/HMM/annotation_results/clan_families/GH_CE/GH_CE.domtblout.tsv /gpfs/work/bio/yueqingxing22/igem/HMM/hmm_profiles/clan_families/hmm/GH_CE.hmm /gpfs/work/bio/yueqingxing22/igem/HMM/data/unknown_sequences/proteins_converted.fasta > /gpfs/work/bio/yueqingxing22/igem/HMM/annotation_results/clan_families/GH_CE/GH_CE.alignment.txt
[INFO] hmmsearch: Globin.hmm vs proteins_converted.fasta
[CMD] hmmsearch --cpu 4 --tblout /gpfs/work/bio/yueqingxing22/igem/HMM/annotation_results/clan_families/Globin/Globin.tblout.tsv --domtblout /gpfs/work/bio/yueqingxing22/igem/HMM/annotation_results/clan_families/Globin/Globin.domtblout.tsv /gpfs/work/bio/yueqingxing22/igem/HMM/hmm_profiles/clan_families/hmm/Globin.hmm /gpfs/work/bio/yueqingxing22/igem/HMM/data/unknown_sequences/proteins_converted.fasta > /gpfs/work/bio/yueqingxing22/igem/HMM/annotation_results/clan_families/Globin/Globin.alignment.txt
[INFO] hmmsearch: ISP-domain.hmm vs proteins_converted.fasta
[CMD] hmmsearch --cpu 4 --tblout /gpfs/work/bio/yueqingxing22/igem/HMM/annotation_results/clan_families/ISP-domain/ISP-domain.tblout.tsv --domtblout /gpfs/work/bio/yueqingxing22/igem/HMM/annotation_results/clan_families/ISP-domain/ISP-domain.domtblout.tsv /gpfs/work/bio/yueqingxing22/igem/HMM/hmm_profiles/clan_families/hmm/ISP-domain.hmm /gpfs/work/bio/yueqingxing22/igem/HMM/data/unknown_sequences/proteins_converted.fasta > /gpfs/work/bio/yueqingxing22/igem/HMM/annotation_results/clan_families/ISP-domain/ISP-domain.alignment.txt
[INFO] hmmsearch: Iso_DH.hmm vs proteins_converted.fasta
[CMD] hmmsearch --cpu 4 --tblout /gpfs/work/bio/yueqingxing22/igem/HMM/annotation_results/clan_families/Iso_DH/Iso_DH.tblout.tsv --domtblout /gpfs/work/bio/yueqingxing22/igem/HMM/annotation_results/clan_families/Iso_DH/Iso_DH.domtblout.tsv /gpfs/work/bio/yueqingxing22/igem/HMM/hmm_profiles/clan_families/hmm/Iso_DH.hmm /gpfs/work/bio/yueqingxing22/igem/HMM/data/unknown_sequences/proteins_converted.fasta > /gpfs/work/bio/yueqingxing22/igem/HMM/annotation_results/clan_families/Iso_DH/Iso_DH.alignment.txt
[INFO] hmmsearch: NADP_Rossmann.hmm vs proteins_converted.fasta
[CMD] hmmsearch --cpu 4 --tblout /gpfs/work/bio/yueqingxing22/igem/HMM/annotation_results/clan_families/NADP_Rossmann/NADP_Rossmann.tblout.tsv --domtblout /gpfs/work/bio/yueqingxing22/igem/HMM/annotation_results/clan_families/NADP_Rossmann/NADP_Rossmann.domtblout.tsv /gpfs/work/bio/yueqingxing22/igem/HMM/hmm_profiles/clan_families/hmm/NADP_Rossmann.hmm /gpfs/work/bio/yueqingxing22/igem/HMM/data/unknown_sequences/proteins_converted.fasta > /gpfs/work/bio/yueqingxing22/igem/HMM/annotation_results/clan_families/NADP_Rossmann/NADP_Rossmann.alignment.txt
[INFO] hmmsearch: NAD_Ferredoxin.hmm vs proteins_converted.fasta
[CMD] hmmsearch --cpu 4 --tblout /gpfs/work/bio/yueqingxing22/igem/HMM/annotation_results/clan_families/NAD_Ferredoxin/NAD_Ferredoxin.tblout.tsv --domtblout /gpfs/work/bio/yueqingxing22/igem/HMM/annotation_results/clan_families/NAD_Ferredoxin/NAD_Ferredoxin.domtblout.tsv /gpfs/work/bio/yueqingxing22/igem/HMM/hmm_profiles/clan_families/hmm/NAD_Ferredoxin.hmm /gpfs/work/bio/yueqingxing22/igem/HMM/data/unknown_sequences/proteins_converted.fasta > /gpfs/work/bio/yueqingxing22/igem/HMM/annotation_results/clan_families/NAD_Ferredoxin/NAD_Ferredoxin.alignment.txt
[INFO] hmmsearch: NTF2.hmm vs proteins_converted.fasta
[CMD] hmmsearch --cpu 4 --tblout /gpfs/work/bio/yueqingxing22/igem/HMM/annotation_results/clan_families/NTF2/NTF2.tblout.tsv --domtblout /gpfs/work/bio/yueqingxing22/igem/HMM/annotation_results/clan_families/NTF2/NTF2.domtblout.tsv /gpfs/work/bio/yueqingxing22/igem/HMM/hmm_profiles/clan_families/hmm/NTF2.hmm /gpfs/work/bio/yueqingxing22/igem/HMM/data/unknown_sequences/proteins_converted.fasta > /gpfs/work/bio/yueqingxing22/igem/HMM/annotation_results/clan_families/NTF2/NTF2.alignment.txt
[INFO] hmmsearch: Omega_toxin.hmm vs proteins_converted.fasta
[CMD] hmmsearch --cpu 4 --tblout /gpfs/work/bio/yueqingxing22/igem/HMM/annotation_results/clan_families/Omega_toxin/Omega_toxin.tblout.tsv --domtblout /gpfs/work/bio/yueqingxing22/igem/HMM/annotation_results/clan_families/Omega_toxin/Omega_toxin.domtblout.tsv /gpfs/work/bio/yueqingxing22/igem/HMM/hmm_profiles/clan_families/hmm/Omega_toxin.hmm /gpfs/work/bio/yueqingxing22/igem/HMM/data/unknown_sequences/proteins_converted.fasta > /gpfs/work/bio/yueqingxing22/igem/HMM/annotation_results/clan_families/Omega_toxin/Omega_toxin.alignment.txt
[INFO] hmmsearch: Peptidase_PA.hmm vs proteins_converted.fasta
[CMD] hmmsearch --cpu 4 --tblout /gpfs/work/bio/yueqingxing22/igem/HMM/annotation_results/clan_families/Peptidase_PA/Peptidase_PA.tblout.tsv --domtblout /gpfs/work/bio/yueqingxing22/igem/HMM/annotation_results/clan_families/Peptidase_PA/Peptidase_PA.domtblout.tsv /gpfs/work/bio/yueqingxing22/igem/HMM/hmm_profiles/clan_families/hmm/Peptidase_PA.hmm /gpfs/work/bio/yueqingxing22/igem/HMM/data/unknown_sequences/proteins_converted.fasta > /gpfs/work/bio/yueqingxing22/igem/HMM/annotation_results/clan_families/Peptidase_PA/Peptidase_PA.alignment.txt
[INFO] hmmsearch: Peroxidase.hmm vs proteins_converted.fasta
[CMD] hmmsearch --cpu 4 --tblout /gpfs/work/bio/yueqingxing22/igem/HMM/annotation_results/clan_families/Peroxidase/Peroxidase.tblout.tsv --domtblout /gpfs/work/bio/yueqingxing22/igem/HMM/annotation_results/clan_families/Peroxidase/Peroxidase.domtblout.tsv /gpfs/work/bio/yueqingxing22/igem/HMM/hmm_profiles/clan_families/hmm/Peroxidase.hmm /gpfs/work/bio/yueqingxing22/igem/HMM/data/unknown_sequences/proteins_converted.fasta > /gpfs/work/bio/yueqingxing22/igem/HMM/annotation_results/clan_families/Peroxidase/Peroxidase.alignment.txt
[INFO] hmmsearch: SGNH_hydrolase.hmm vs proteins_converted.fasta
[CMD] hmmsearch --cpu 4 --tblout /gpfs/work/bio/yueqingxing22/igem/HMM/annotation_results/clan_families/SGNH_hydrolase/SGNH_hydrolase.tblout.tsv --domtblout /gpfs/work/bio/yueqingxing22/igem/HMM/annotation_results/clan_families/SGNH_hydrolase/SGNH_hydrolase.domtblout.tsv /gpfs/work/bio/yueqingxing22/igem/HMM/hmm_profiles/clan_families/hmm/SGNH_hydrolase.hmm /gpfs/work/bio/yueqingxing22/igem/HMM/data/unknown_sequences/proteins_converted.fasta > /gpfs/work/bio/yueqingxing22/igem/HMM/annotation_results/clan_families/SGNH_hydrolase/SGNH_hydrolase.alignment.txt
[INFO] hmmsearch: TIM_barrel.hmm vs proteins_converted.fasta
[CMD] hmmsearch --cpu 4 --tblout /gpfs/work/bio/yueqingxing22/igem/HMM/annotation_results/clan_families/TIM_barrel/TIM_barrel.tblout.tsv --domtblout /gpfs/work/bio/yueqingxing22/igem/HMM/annotation_results/clan_families/TIM_barrel/TIM_barrel.domtblout.tsv /gpfs/work/bio/yueqingxing22/igem/HMM/hmm_profiles/clan_families/hmm/TIM_barrel.hmm /gpfs/work/bio/yueqingxing22/igem/HMM/data/unknown_sequences/proteins_converted.fasta > /gpfs/work/bio/yueqingxing22/igem/HMM/annotation_results/clan_families/TIM_barrel/TIM_barrel.alignment.txt
[INFO] hmmsearch: beta_Roll.hmm vs proteins_converted.fasta
[CMD] hmmsearch --cpu 4 --tblout /gpfs/work/bio/yueqingxing22/igem/HMM/annotation_results/clan_families/beta_Roll/beta_Roll.tblout.tsv --domtblout /gpfs/work/bio/yueqingxing22/igem/HMM/annotation_results/clan_families/beta_Roll/beta_Roll.domtblout.tsv /gpfs/work/bio/yueqingxing22/igem/HMM/hmm_profiles/clan_families/hmm/beta_Roll.hmm /gpfs/work/bio/yueqingxing22/igem/HMM/data/unknown_sequences/proteins_converted.fasta > /gpfs/work/bio/yueqingxing22/igem/HMM/annotation_results/clan_families/beta_Roll/beta_Roll.alignment.txt
Annotation finished. TSV results saved in: /gpfs/work/bio/yueqingxing22/igem/HMM/annotation_results/clan_families
