[INFO] hmmsearch: 3HBOH.hmm vs proteins_converted.fasta
[CMD] hmmsearch --cpu 4 --tblout /gpfs/work/bio/yueqingxing22/igem/HMM/annotation_results/pfam_families/3HBOH/3HBOH.tblout.tsv --domtblout /gpfs/work/bio/yueqingxing22/igem/HMM/annotation_results/pfam_families/3HBOH/3HBOH.domtblout.tsv /gpfs/work/bio/yueqingxing22/igem/HMM/hmm_profiles/pfam_families/hmm/3HBOH.hmm /gpfs/work/bio/yueqingxing22/igem/HMM/data/unknown_sequences/proteins_converted.fasta > /gpfs/work/bio/yueqingxing22/igem/HMM/annotation_results/pfam_families/3HBOH/3HBOH.alignment.txt
[INFO] hmmsearch: Abhydrolase_1.hmm vs proteins_converted.fasta
[CMD] hmmsearch --cpu 4 --tblout /gpfs/work/bio/yueqingxing22/igem/HMM/annotation_results/pfam_families/Abhydrolase_1/Abhydrolase_1.tblout.tsv --domtblout /gpfs/work/bio/yueqingxing22/igem/HMM/annotation_results/pfam_families/Abhydrolase_1/Abhydrolase_1.domtblout.tsv /gpfs/work/bio/yueqingxing22/igem/HMM/hmm_profiles/pfam_families/hmm/Abhydrolase_1.hmm /gpfs/work/bio/yueqingxing22/igem/HMM/data/unknown_sequences/proteins_converted.fasta > /gpfs/work/bio/yueqingxing22/igem/HMM/annotation_results/pfam_families/Abhydrolase_1/Abhydrolase_1.alignment.txt
[INFO] hmmsearch: Abhydrolase_3.hmm vs proteins_converted.fasta
[CMD] hmmsearch --cpu 4 --tblout /gpfs/work/bio/yueqingxing22/igem/HMM/annotation_results/pfam_families/Abhydrolase_3/Abhydrolase_3.tblout.tsv --domtblout /gpfs/work/bio/yueqingxing22/igem/HMM/annotation_results/pfam_families/Abhydrolase_3/Abhydrolase_3.domtblout.tsv /gpfs/work/bio/yueqingxing22/igem/HMM/hmm_profiles/pfam_families/hmm/Abhydrolase_3.hmm /gpfs/work/bio/yueqingxing22/igem/HMM/data/unknown_sequences/proteins_converted.fasta > /gpfs/work/bio/yueqingxing22/igem/HMM/annotation_results/pfam_families/Abhydrolase_3/Abhydrolase_3.alignment.txt
[INFO] hmmsearch: Abhydrolase_6.hmm vs proteins_converted.fasta
[CMD] hmmsearch --cpu 4 --tblout /gpfs/work/bio/yueqingxing22/igem/HMM/annotation_results/pfam_families/Abhydrolase_6/Abhydrolase_6.tblout.tsv --domtblout /gpfs/work/bio/yueqingxing22/igem/HMM/annotation_results/pfam_families/Abhydrolase_6/Abhydrolase_6.domtblout.tsv /gpfs/work/bio/yueqingxing22/igem/HMM/hmm_profiles/pfam_families/hmm/Abhydrolase_6.hmm /gpfs/work/bio/yueqingxing22/igem/HMM/data/unknown_sequences/proteins_converted.fasta > /gpfs/work/bio/yueqingxing22/igem/HMM/annotation_results/pfam_families/Abhydrolase_6/Abhydrolase_6.alignment.txt
[INFO] hmmsearch: Amidase.hmm vs proteins_converted.fasta
[CMD] hmmsearch --cpu 4 --tblout /gpfs/work/bio/yueqingxing22/igem/HMM/annotation_results/pfam_families/Amidase/Amidase.tblout.tsv --domtblout /gpfs/work/bio/yueqingxing22/igem/HMM/annotation_results/pfam_families/Amidase/Amidase.domtblout.tsv /gpfs/work/bio/yueqingxing22/igem/HMM/hmm_profiles/pfam_families/hmm/Amidase.hmm /gpfs/work/bio/yueqingxing22/igem/HMM/data/unknown_sequences/proteins_converted.fasta > /gpfs/work/bio/yueqingxing22/igem/HMM/annotation_results/pfam_families/Amidase/Amidase.alignment.txt
[INFO] hmmsearch: BD-FAE.hmm vs proteins_converted.fasta
[CMD] hmmsearch --cpu 4 --tblout /gpfs/work/bio/yueqingxing22/igem/HMM/annotation_results/pfam_families/BD-FAE/BD-FAE.tblout.tsv --domtblout /gpfs/work/bio/yueqingxing22/igem/HMM/annotation_results/pfam_families/BD-FAE/BD-FAE.domtblout.tsv /gpfs/work/bio/yueqingxing22/igem/HMM/hmm_profiles/pfam_families/hmm/BD-FAE.hmm /gpfs/work/bio/yueqingxing22/igem/HMM/data/unknown_sequences/proteins_converted.fasta > /gpfs/work/bio/yueqingxing22/igem/HMM/annotation_results/pfam_families/BD-FAE/BD-FAE.alignment.txt
[INFO] hmmsearch: Beta-lactamase.hmm vs proteins_converted.fasta
[CMD] hmmsearch --cpu 4 --tblout /gpfs/work/bio/yueqingxing22/igem/HMM/annotation_results/pfam_families/Beta-lactamase/Beta-lactamase.tblout.tsv --domtblout /gpfs/work/bio/yueqingxing22/igem/HMM/annotation_results/pfam_families/Beta-lactamase/Beta-lactamase.domtblout.tsv /gpfs/work/bio/yueqingxing22/igem/HMM/hmm_profiles/pfam_families/hmm/Beta-lactamase.hmm /gpfs/work/bio/yueqingxing22/igem/HMM/data/unknown_sequences/proteins_converted.fasta > /gpfs/work/bio/yueqingxing22/igem/HMM/annotation_results/pfam_families/Beta-lactamase/Beta-lactamase.alignment.txt
[INFO] hmmsearch: CBM_1.hmm vs proteins_converted.fasta
[CMD] hmmsearch --cpu 4 --tblout /gpfs/work/bio/yueqingxing22/igem/HMM/annotation_results/pfam_families/CBM_1/CBM_1.tblout.tsv --domtblout /gpfs/work/bio/yueqingxing22/igem/HMM/annotation_results/pfam_families/CBM_1/CBM_1.domtblout.tsv /gpfs/work/bio/yueqingxing22/igem/HMM/hmm_profiles/pfam_families/hmm/CBM_1.hmm /gpfs/work/bio/yueqingxing22/igem/HMM/data/unknown_sequences/proteins_converted.fasta > /gpfs/work/bio/yueqingxing22/igem/HMM/annotation_results/pfam_families/CBM_1/CBM_1.alignment.txt
[INFO] hmmsearch: COesterase.hmm vs proteins_converted.fasta
[CMD] hmmsearch --cpu 4 --tblout /gpfs/work/bio/yueqingxing22/igem/HMM/annotation_results/pfam_families/COesterase/COesterase.tblout.tsv --domtblout /gpfs/work/bio/yueqingxing22/igem/HMM/annotation_results/pfam_families/COesterase/COesterase.domtblout.tsv /gpfs/work/bio/yueqingxing22/igem/HMM/hmm_profiles/pfam_families/hmm/COesterase.hmm /gpfs/work/bio/yueqingxing22/igem/HMM/data/unknown_sequences/proteins_converted.fasta > /gpfs/work/bio/yueqingxing22/igem/HMM/annotation_results/pfam_families/COesterase/COesterase.alignment.txt
[INFO] hmmsearch: Cu-oxidase_2.hmm vs proteins_converted.fasta
[CMD] hmmsearch --cpu 4 --tblout /gpfs/work/bio/yueqingxing22/igem/HMM/annotation_results/pfam_families/Cu-oxidase_2/Cu-oxidase_2.tblout.tsv --domtblout /gpfs/work/bio/yueqingxing22/igem/HMM/annotation_results/pfam_families/Cu-oxidase_2/Cu-oxidase_2.domtblout.tsv /gpfs/work/bio/yueqingxing22/igem/HMM/hmm_profiles/pfam_families/hmm/Cu-oxidase_2.hmm /gpfs/work/bio/yueqingxing22/igem/HMM/data/unknown_sequences/proteins_converted.fasta > /gpfs/work/bio/yueqingxing22/igem/HMM/annotation_results/pfam_families/Cu-oxidase_2/Cu-oxidase_2.alignment.txt
[INFO] hmmsearch: Cu-oxidase_3.hmm vs proteins_converted.fasta
[CMD] hmmsearch --cpu 4 --tblout /gpfs/work/bio/yueqingxing22/igem/HMM/annotation_results/pfam_families/Cu-oxidase_3/Cu-oxidase_3.tblout.tsv --domtblout /gpfs/work/bio/yueqingxing22/igem/HMM/annotation_results/pfam_families/Cu-oxidase_3/Cu-oxidase_3.domtblout.tsv /gpfs/work/bio/yueqingxing22/igem/HMM/hmm_profiles/pfam_families/hmm/Cu-oxidase_3.hmm /gpfs/work/bio/yueqingxing22/igem/HMM/data/unknown_sequences/proteins_converted.fasta > /gpfs/work/bio/yueqingxing22/igem/HMM/annotation_results/pfam_families/Cu-oxidase_3/Cu-oxidase_3.alignment.txt
[INFO] hmmsearch: Cutinase.hmm vs proteins_converted.fasta
[CMD] hmmsearch --cpu 4 --tblout /gpfs/work/bio/yueqingxing22/igem/HMM/annotation_results/pfam_families/Cutinase/Cutinase.tblout.tsv --domtblout /gpfs/work/bio/yueqingxing22/igem/HMM/annotation_results/pfam_families/Cutinase/Cutinase.domtblout.tsv /gpfs/work/bio/yueqingxing22/igem/HMM/hmm_profiles/pfam_families/hmm/Cutinase.hmm /gpfs/work/bio/yueqingxing22/igem/HMM/data/unknown_sequences/proteins_converted.fasta > /gpfs/work/bio/yueqingxing22/igem/HMM/annotation_results/pfam_families/Cutinase/Cutinase.alignment.txt
[INFO] hmmsearch: Esterase_PHB.hmm vs proteins_converted.fasta
[CMD] hmmsearch --cpu 4 --tblout /gpfs/work/bio/yueqingxing22/igem/HMM/annotation_results/pfam_families/Esterase_PHB/Esterase_PHB.tblout.tsv --domtblout /gpfs/work/bio/yueqingxing22/igem/HMM/annotation_results/pfam_families/Esterase_PHB/Esterase_PHB.domtblout.tsv /gpfs/work/bio/yueqingxing22/igem/HMM/hmm_profiles/pfam_families/hmm/Esterase_PHB.hmm /gpfs/work/bio/yueqingxing22/igem/HMM/data/unknown_sequences/proteins_converted.fasta > /gpfs/work/bio/yueqingxing22/igem/HMM/annotation_results/pfam_families/Esterase_PHB/Esterase_PHB.alignment.txt
[INFO] hmmsearch: FAD_binding_4.hmm vs proteins_converted.fasta
[CMD] hmmsearch --cpu 4 --tblout /gpfs/work/bio/yueqingxing22/igem/HMM/annotation_results/pfam_families/FAD_binding_4/FAD_binding_4.tblout.tsv --domtblout /gpfs/work/bio/yueqingxing22/igem/HMM/annotation_results/pfam_families/FAD_binding_4/FAD_binding_4.domtblout.tsv /gpfs/work/bio/yueqingxing22/igem/HMM/hmm_profiles/pfam_families/hmm/FAD_binding_4.hmm /gpfs/work/bio/yueqingxing22/igem/HMM/data/unknown_sequences/proteins_converted.fasta > /gpfs/work/bio/yueqingxing22/igem/HMM/annotation_results/pfam_families/FAD_binding_4/FAD_binding_4.alignment.txt
[INFO] hmmsearch: FA_desaturase.hmm vs proteins_converted.fasta
[CMD] hmmsearch --cpu 4 --tblout /gpfs/work/bio/yueqingxing22/igem/HMM/annotation_results/pfam_families/FA_desaturase/FA_desaturase.tblout.tsv --domtblout /gpfs/work/bio/yueqingxing22/igem/HMM/annotation_results/pfam_families/FA_desaturase/FA_desaturase.domtblout.tsv /gpfs/work/bio/yueqingxing22/igem/HMM/hmm_profiles/pfam_families/hmm/FA_desaturase.hmm /gpfs/work/bio/yueqingxing22/igem/HMM/data/unknown_sequences/proteins_converted.fasta > /gpfs/work/bio/yueqingxing22/igem/HMM/annotation_results/pfam_families/FA_desaturase/FA_desaturase.alignment.txt
[INFO] hmmsearch: Glyco_hydro81C.hmm vs proteins_converted.fasta
[CMD] hmmsearch --cpu 4 --tblout /gpfs/work/bio/yueqingxing22/igem/HMM/annotation_results/pfam_families/Glyco_hydro81C/Glyco_hydro81C.tblout.tsv --domtblout /gpfs/work/bio/yueqingxing22/igem/HMM/annotation_results/pfam_families/Glyco_hydro81C/Glyco_hydro81C.domtblout.tsv /gpfs/work/bio/yueqingxing22/igem/HMM/hmm_profiles/pfam_families/hmm/Glyco_hydro81C.hmm /gpfs/work/bio/yueqingxing22/igem/HMM/data/unknown_sequences/proteins_converted.fasta > /gpfs/work/bio/yueqingxing22/igem/HMM/annotation_results/pfam_families/Glyco_hydro81C/Glyco_hydro81C.alignment.txt
[INFO] hmmsearch: Glyco_hydro_18.hmm vs proteins_converted.fasta
[CMD] hmmsearch --cpu 4 --tblout /gpfs/work/bio/yueqingxing22/igem/HMM/annotation_results/pfam_families/Glyco_hydro_18/Glyco_hydro_18.tblout.tsv --domtblout /gpfs/work/bio/yueqingxing22/igem/HMM/annotation_results/pfam_families/Glyco_hydro_18/Glyco_hydro_18.domtblout.tsv /gpfs/work/bio/yueqingxing22/igem/HMM/hmm_profiles/pfam_families/hmm/Glyco_hydro_18.hmm /gpfs/work/bio/yueqingxing22/igem/HMM/data/unknown_sequences/proteins_converted.fasta > /gpfs/work/bio/yueqingxing22/igem/HMM/annotation_results/pfam_families/Glyco_hydro_18/Glyco_hydro_18.alignment.txt
[INFO] hmmsearch: Hemocyanin_M.hmm vs proteins_converted.fasta
[CMD] hmmsearch --cpu 4 --tblout /gpfs/work/bio/yueqingxing22/igem/HMM/annotation_results/pfam_families/Hemocyanin_M/Hemocyanin_M.tblout.tsv --domtblout /gpfs/work/bio/yueqingxing22/igem/HMM/annotation_results/pfam_families/Hemocyanin_M/Hemocyanin_M.domtblout.tsv /gpfs/work/bio/yueqingxing22/igem/HMM/hmm_profiles/pfam_families/hmm/Hemocyanin_M.hmm /gpfs/work/bio/yueqingxing22/igem/HMM/data/unknown_sequences/proteins_converted.fasta > /gpfs/work/bio/yueqingxing22/igem/HMM/annotation_results/pfam_families/Hemocyanin_M/Hemocyanin_M.alignment.txt
[INFO] hmmsearch: HemolysinCabind.hmm vs proteins_converted.fasta
[CMD] hmmsearch --cpu 4 --tblout /gpfs/work/bio/yueqingxing22/igem/HMM/annotation_results/pfam_families/HemolysinCabind/HemolysinCabind.tblout.tsv --domtblout /gpfs/work/bio/yueqingxing22/igem/HMM/annotation_results/pfam_families/HemolysinCabind/HemolysinCabind.domtblout.tsv /gpfs/work/bio/yueqingxing22/igem/HMM/hmm_profiles/pfam_families/hmm/HemolysinCabind.hmm /gpfs/work/bio/yueqingxing22/igem/HMM/data/unknown_sequences/proteins_converted.fasta > /gpfs/work/bio/yueqingxing22/igem/HMM/annotation_results/pfam_families/HemolysinCabind/HemolysinCabind.alignment.txt
[INFO] hmmsearch: Hydrolase_4.hmm vs proteins_converted.fasta
[CMD] hmmsearch --cpu 4 --tblout /gpfs/work/bio/yueqingxing22/igem/HMM/annotation_results/pfam_families/Hydrolase_4/Hydrolase_4.tblout.tsv --domtblout /gpfs/work/bio/yueqingxing22/igem/HMM/annotation_results/pfam_families/Hydrolase_4/Hydrolase_4.domtblout.tsv /gpfs/work/bio/yueqingxing22/igem/HMM/hmm_profiles/pfam_families/hmm/Hydrolase_4.hmm /gpfs/work/bio/yueqingxing22/igem/HMM/data/unknown_sequences/proteins_converted.fasta > /gpfs/work/bio/yueqingxing22/igem/HMM/annotation_results/pfam_families/Hydrolase_4/Hydrolase_4.alignment.txt
[INFO] hmmsearch: Lip_C.hmm vs proteins_converted.fasta
[CMD] hmmsearch --cpu 4 --tblout /gpfs/work/bio/yueqingxing22/igem/HMM/annotation_results/pfam_families/Lip_C/Lip_C.tblout.tsv --domtblout /gpfs/work/bio/yueqingxing22/igem/HMM/annotation_results/pfam_families/Lip_C/Lip_C.domtblout.tsv /gpfs/work/bio/yueqingxing22/igem/HMM/hmm_profiles/pfam_families/hmm/Lip_C.hmm /gpfs/work/bio/yueqingxing22/igem/HMM/data/unknown_sequences/proteins_converted.fasta > /gpfs/work/bio/yueqingxing22/igem/HMM/annotation_results/pfam_families/Lip_C/Lip_C.alignment.txt
[INFO] hmmsearch: Lipase_2.hmm vs proteins_converted.fasta
[CMD] hmmsearch --cpu 4 --tblout /gpfs/work/bio/yueqingxing22/igem/HMM/annotation_results/pfam_families/Lipase_2/Lipase_2.tblout.tsv --domtblout /gpfs/work/bio/yueqingxing22/igem/HMM/annotation_results/pfam_families/Lipase_2/Lipase_2.domtblout.tsv /gpfs/work/bio/yueqingxing22/igem/HMM/hmm_profiles/pfam_families/hmm/Lipase_2.hmm /gpfs/work/bio/yueqingxing22/igem/HMM/data/unknown_sequences/proteins_converted.fasta > /gpfs/work/bio/yueqingxing22/igem/HMM/annotation_results/pfam_families/Lipase_2/Lipase_2.alignment.txt
[INFO] hmmsearch: Lipase_GDSL_2.hmm vs proteins_converted.fasta
[CMD] hmmsearch --cpu 4 --tblout /gpfs/work/bio/yueqingxing22/igem/HMM/annotation_results/pfam_families/Lipase_GDSL_2/Lipase_GDSL_2.tblout.tsv --domtblout /gpfs/work/bio/yueqingxing22/igem/HMM/annotation_results/pfam_families/Lipase_GDSL_2/Lipase_GDSL_2.domtblout.tsv /gpfs/work/bio/yueqingxing22/igem/HMM/hmm_profiles/pfam_families/hmm/Lipase_GDSL_2.hmm /gpfs/work/bio/yueqingxing22/igem/HMM/data/unknown_sequences/proteins_converted.fasta > /gpfs/work/bio/yueqingxing22/igem/HMM/annotation_results/pfam_families/Lipase_GDSL_2/Lipase_GDSL_2.alignment.txt
[INFO] hmmsearch: MPAB_Lcp_cat.hmm vs proteins_converted.fasta
[CMD] hmmsearch --cpu 4 --tblout /gpfs/work/bio/yueqingxing22/igem/HMM/annotation_results/pfam_families/MPAB_Lcp_cat/MPAB_Lcp_cat.tblout.tsv --domtblout /gpfs/work/bio/yueqingxing22/igem/HMM/annotation_results/pfam_families/MPAB_Lcp_cat/MPAB_Lcp_cat.domtblout.tsv /gpfs/work/bio/yueqingxing22/igem/HMM/hmm_profiles/pfam_families/hmm/MPAB_Lcp_cat.hmm /gpfs/work/bio/yueqingxing22/igem/HMM/data/unknown_sequences/proteins_converted.fasta > /gpfs/work/bio/yueqingxing22/igem/HMM/annotation_results/pfam_families/MPAB_Lcp_cat/MPAB_Lcp_cat.alignment.txt
[INFO] hmmsearch: NAD_binding_1.hmm vs proteins_converted.fasta
[CMD] hmmsearch --cpu 4 --tblout /gpfs/work/bio/yueqingxing22/igem/HMM/annotation_results/pfam_families/NAD_binding_1/NAD_binding_1.tblout.tsv --domtblout /gpfs/work/bio/yueqingxing22/igem/HMM/annotation_results/pfam_families/NAD_binding_1/NAD_binding_1.domtblout.tsv /gpfs/work/bio/yueqingxing22/igem/HMM/hmm_profiles/pfam_families/hmm/NAD_binding_1.hmm /gpfs/work/bio/yueqingxing22/igem/HMM/data/unknown_sequences/proteins_converted.fasta > /gpfs/work/bio/yueqingxing22/igem/HMM/annotation_results/pfam_families/NAD_binding_1/NAD_binding_1.alignment.txt
[INFO] hmmsearch: PAF-AH_p_II.hmm vs proteins_converted.fasta
[CMD] hmmsearch --cpu 4 --tblout /gpfs/work/bio/yueqingxing22/igem/HMM/annotation_results/pfam_families/PAF-AH_p_II/PAF-AH_p_II.tblout.tsv --domtblout /gpfs/work/bio/yueqingxing22/igem/HMM/annotation_results/pfam_families/PAF-AH_p_II/PAF-AH_p_II.domtblout.tsv /gpfs/work/bio/yueqingxing22/igem/HMM/hmm_profiles/pfam_families/hmm/PAF-AH_p_II.hmm /gpfs/work/bio/yueqingxing22/igem/HMM/data/unknown_sequences/proteins_converted.fasta > /gpfs/work/bio/yueqingxing22/igem/HMM/annotation_results/pfam_families/PAF-AH_p_II/PAF-AH_p_II.alignment.txt
[INFO] hmmsearch: PETase.hmm vs proteins_converted.fasta
[CMD] hmmsearch --cpu 4 --tblout /gpfs/work/bio/yueqingxing22/igem/HMM/annotation_results/pfam_families/PETase/PETase.tblout.tsv --domtblout /gpfs/work/bio/yueqingxing22/igem/HMM/annotation_results/pfam_families/PETase/PETase.domtblout.tsv /gpfs/work/bio/yueqingxing22/igem/HMM/hmm_profiles/pfam_families/hmm/PETase.hmm /gpfs/work/bio/yueqingxing22/igem/HMM/data/unknown_sequences/proteins_converted.fasta > /gpfs/work/bio/yueqingxing22/igem/HMM/annotation_results/pfam_families/PETase/PETase.alignment.txt
[INFO] hmmsearch: PGAP1.hmm vs proteins_converted.fasta
[CMD] hmmsearch --cpu 4 --tblout /gpfs/work/bio/yueqingxing22/igem/HMM/annotation_results/pfam_families/PGAP1/PGAP1.tblout.tsv --domtblout /gpfs/work/bio/yueqingxing22/igem/HMM/annotation_results/pfam_families/PGAP1/PGAP1.domtblout.tsv /gpfs/work/bio/yueqingxing22/igem/HMM/hmm_profiles/pfam_families/hmm/PGAP1.hmm /gpfs/work/bio/yueqingxing22/igem/HMM/data/unknown_sequences/proteins_converted.fasta > /gpfs/work/bio/yueqingxing22/igem/HMM/annotation_results/pfam_families/PGAP1/PGAP1.alignment.txt
[INFO] hmmsearch: PHB_depo_C.hmm vs proteins_converted.fasta
[CMD] hmmsearch --cpu 4 --tblout /gpfs/work/bio/yueqingxing22/igem/HMM/annotation_results/pfam_families/PHB_depo_C/PHB_depo_C.tblout.tsv --domtblout /gpfs/work/bio/yueqingxing22/igem/HMM/annotation_results/pfam_families/PHB_depo_C/PHB_depo_C.domtblout.tsv /gpfs/work/bio/yueqingxing22/igem/HMM/hmm_profiles/pfam_families/hmm/PHB_depo_C.hmm /gpfs/work/bio/yueqingxing22/igem/HMM/data/unknown_sequences/proteins_converted.fasta > /gpfs/work/bio/yueqingxing22/igem/HMM/annotation_results/pfam_families/PHB_depo_C/PHB_depo_C.alignment.txt
[INFO] hmmsearch: PQQ_2.hmm vs proteins_converted.fasta
[CMD] hmmsearch --cpu 4 --tblout /gpfs/work/bio/yueqingxing22/igem/HMM/annotation_results/pfam_families/PQQ_2/PQQ_2.tblout.tsv --domtblout /gpfs/work/bio/yueqingxing22/igem/HMM/annotation_results/pfam_families/PQQ_2/PQQ_2.domtblout.tsv /gpfs/work/bio/yueqingxing22/igem/HMM/hmm_profiles/pfam_families/hmm/PQQ_2.hmm /gpfs/work/bio/yueqingxing22/igem/HMM/data/unknown_sequences/proteins_converted.fasta > /gpfs/work/bio/yueqingxing22/igem/HMM/annotation_results/pfam_families/PQQ_2/PQQ_2.alignment.txt
[INFO] hmmsearch: PdxA.hmm vs proteins_converted.fasta
[CMD] hmmsearch --cpu 4 --tblout /gpfs/work/bio/yueqingxing22/igem/HMM/annotation_results/pfam_families/PdxA/PdxA.tblout.tsv --domtblout /gpfs/work/bio/yueqingxing22/igem/HMM/annotation_results/pfam_families/PdxA/PdxA.domtblout.tsv /gpfs/work/bio/yueqingxing22/igem/HMM/hmm_profiles/pfam_families/hmm/PdxA.hmm /gpfs/work/bio/yueqingxing22/igem/HMM/data/unknown_sequences/proteins_converted.fasta > /gpfs/work/bio/yueqingxing22/igem/HMM/annotation_results/pfam_families/PdxA/PdxA.alignment.txt
[INFO] hmmsearch: Peptidase_S58.hmm vs proteins_converted.fasta
[CMD] hmmsearch --cpu 4 --tblout /gpfs/work/bio/yueqingxing22/igem/HMM/annotation_results/pfam_families/Peptidase_S58/Peptidase_S58.tblout.tsv --domtblout /gpfs/work/bio/yueqingxing22/igem/HMM/annotation_results/pfam_families/Peptidase_S58/Peptidase_S58.domtblout.tsv /gpfs/work/bio/yueqingxing22/igem/HMM/hmm_profiles/pfam_families/hmm/Peptidase_S58.hmm /gpfs/work/bio/yueqingxing22/igem/HMM/data/unknown_sequences/proteins_converted.fasta > /gpfs/work/bio/yueqingxing22/igem/HMM/annotation_results/pfam_families/Peptidase_S58/Peptidase_S58.alignment.txt
[INFO] hmmsearch: Peptidase_S8.hmm vs proteins_converted.fasta
[CMD] hmmsearch --cpu 4 --tblout /gpfs/work/bio/yueqingxing22/igem/HMM/annotation_results/pfam_families/Peptidase_S8/Peptidase_S8.tblout.tsv --domtblout /gpfs/work/bio/yueqingxing22/igem/HMM/annotation_results/pfam_families/Peptidase_S8/Peptidase_S8.domtblout.tsv /gpfs/work/bio/yueqingxing22/igem/HMM/hmm_profiles/pfam_families/hmm/Peptidase_S8.hmm /gpfs/work/bio/yueqingxing22/igem/HMM/data/unknown_sequences/proteins_converted.fasta > /gpfs/work/bio/yueqingxing22/igem/HMM/annotation_results/pfam_families/Peptidase_S8/Peptidase_S8.alignment.txt
[INFO] hmmsearch: Peptidase_S9.hmm vs proteins_converted.fasta
[CMD] hmmsearch --cpu 4 --tblout /gpfs/work/bio/yueqingxing22/igem/HMM/annotation_results/pfam_families/Peptidase_S9/Peptidase_S9.tblout.tsv --domtblout /gpfs/work/bio/yueqingxing22/igem/HMM/annotation_results/pfam_families/Peptidase_S9/Peptidase_S9.domtblout.tsv /gpfs/work/bio/yueqingxing22/igem/HMM/hmm_profiles/pfam_families/hmm/Peptidase_S9.hmm /gpfs/work/bio/yueqingxing22/igem/HMM/data/unknown_sequences/proteins_converted.fasta > /gpfs/work/bio/yueqingxing22/igem/HMM/annotation_results/pfam_families/Peptidase_S9/Peptidase_S9.alignment.txt
[INFO] hmmsearch: Peroxidase_ext.hmm vs proteins_converted.fasta
[CMD] hmmsearch --cpu 4 --tblout /gpfs/work/bio/yueqingxing22/igem/HMM/annotation_results/pfam_families/Peroxidase_ext/Peroxidase_ext.tblout.tsv --domtblout /gpfs/work/bio/yueqingxing22/igem/HMM/annotation_results/pfam_families/Peroxidase_ext/Peroxidase_ext.domtblout.tsv /gpfs/work/bio/yueqingxing22/igem/HMM/hmm_profiles/pfam_families/hmm/Peroxidase_ext.hmm /gpfs/work/bio/yueqingxing22/igem/HMM/data/unknown_sequences/proteins_converted.fasta > /gpfs/work/bio/yueqingxing22/igem/HMM/annotation_results/pfam_families/Peroxidase_ext/Peroxidase_ext.alignment.txt
[INFO] hmmsearch: Polysacc_deac_1.hmm vs proteins_converted.fasta
[CMD] hmmsearch --cpu 4 --tblout /gpfs/work/bio/yueqingxing22/igem/HMM/annotation_results/pfam_families/Polysacc_deac_1/Polysacc_deac_1.tblout.tsv --domtblout /gpfs/work/bio/yueqingxing22/igem/HMM/annotation_results/pfam_families/Polysacc_deac_1/Polysacc_deac_1.domtblout.tsv /gpfs/work/bio/yueqingxing22/igem/HMM/hmm_profiles/pfam_families/hmm/Polysacc_deac_1.hmm /gpfs/work/bio/yueqingxing22/igem/HMM/data/unknown_sequences/proteins_converted.fasta > /gpfs/work/bio/yueqingxing22/igem/HMM/annotation_results/pfam_families/Polysacc_deac_1/Polysacc_deac_1.alignment.txt
[INFO] hmmsearch: Rieske.hmm vs proteins_converted.fasta
[CMD] hmmsearch --cpu 4 --tblout /gpfs/work/bio/yueqingxing22/igem/HMM/annotation_results/pfam_families/Rieske/Rieske.tblout.tsv --domtblout /gpfs/work/bio/yueqingxing22/igem/HMM/annotation_results/pfam_families/Rieske/Rieske.domtblout.tsv /gpfs/work/bio/yueqingxing22/igem/HMM/hmm_profiles/pfam_families/hmm/Rieske.hmm /gpfs/work/bio/yueqingxing22/igem/HMM/data/unknown_sequences/proteins_converted.fasta > /gpfs/work/bio/yueqingxing22/igem/HMM/annotation_results/pfam_families/Rieske/Rieske.alignment.txt
[INFO] hmmsearch: RoxA-like_Cyt-c.hmm vs proteins_converted.fasta
[CMD] hmmsearch --cpu 4 --tblout /gpfs/work/bio/yueqingxing22/igem/HMM/annotation_results/pfam_families/RoxA-like_Cyt-c/RoxA-like_Cyt-c.tblout.tsv --domtblout /gpfs/work/bio/yueqingxing22/igem/HMM/annotation_results/pfam_families/RoxA-like_Cyt-c/RoxA-like_Cyt-c.domtblout.tsv /gpfs/work/bio/yueqingxing22/igem/HMM/hmm_profiles/pfam_families/hmm/RoxA-like_Cyt-c.hmm /gpfs/work/bio/yueqingxing22/igem/HMM/data/unknown_sequences/proteins_converted.fasta > /gpfs/work/bio/yueqingxing22/igem/HMM/annotation_results/pfam_families/RoxA-like_Cyt-c/RoxA-like_Cyt-c.alignment.txt
[INFO] hmmsearch: Trypsin.hmm vs proteins_converted.fasta
[CMD] hmmsearch --cpu 4 --tblout /gpfs/work/bio/yueqingxing22/igem/HMM/annotation_results/pfam_families/Trypsin/Trypsin.tblout.tsv --domtblout /gpfs/work/bio/yueqingxing22/igem/HMM/annotation_results/pfam_families/Trypsin/Trypsin.domtblout.tsv /gpfs/work/bio/yueqingxing22/igem/HMM/hmm_profiles/pfam_families/hmm/Trypsin.hmm /gpfs/work/bio/yueqingxing22/igem/HMM/data/unknown_sequences/proteins_converted.fasta > /gpfs/work/bio/yueqingxing22/igem/HMM/annotation_results/pfam_families/Trypsin/Trypsin.alignment.txt
[INFO] hmmsearch: Zn_clus.hmm vs proteins_converted.fasta
[CMD] hmmsearch --cpu 4 --tblout /gpfs/work/bio/yueqingxing22/igem/HMM/annotation_results/pfam_families/Zn_clus/Zn_clus.tblout.tsv --domtblout /gpfs/work/bio/yueqingxing22/igem/HMM/annotation_results/pfam_families/Zn_clus/Zn_clus.domtblout.tsv /gpfs/work/bio/yueqingxing22/igem/HMM/hmm_profiles/pfam_families/hmm/Zn_clus.hmm /gpfs/work/bio/yueqingxing22/igem/HMM/data/unknown_sequences/proteins_converted.fasta > /gpfs/work/bio/yueqingxing22/igem/HMM/annotation_results/pfam_families/Zn_clus/Zn_clus.alignment.txt
[INFO] hmmsearch: adh_short_C2.hmm vs proteins_converted.fasta
[CMD] hmmsearch --cpu 4 --tblout /gpfs/work/bio/yueqingxing22/igem/HMM/annotation_results/pfam_families/adh_short_C2/adh_short_C2.tblout.tsv --domtblout /gpfs/work/bio/yueqingxing22/igem/HMM/annotation_results/pfam_families/adh_short_C2/adh_short_C2.domtblout.tsv /gpfs/work/bio/yueqingxing22/igem/HMM/hmm_profiles/pfam_families/hmm/adh_short_C2.hmm /gpfs/work/bio/yueqingxing22/igem/HMM/data/unknown_sequences/proteins_converted.fasta > /gpfs/work/bio/yueqingxing22/igem/HMM/annotation_results/pfam_families/adh_short_C2/adh_short_C2.alignment.txt
[INFO] hmmsearch: fn3.hmm vs proteins_converted.fasta
[CMD] hmmsearch --cpu 4 --tblout /gpfs/work/bio/yueqingxing22/igem/HMM/annotation_results/pfam_families/fn3/fn3.tblout.tsv --domtblout /gpfs/work/bio/yueqingxing22/igem/HMM/annotation_results/pfam_families/fn3/fn3.domtblout.tsv /gpfs/work/bio/yueqingxing22/igem/HMM/hmm_profiles/pfam_families/hmm/fn3.hmm /gpfs/work/bio/yueqingxing22/igem/HMM/data/unknown_sequences/proteins_converted.fasta > /gpfs/work/bio/yueqingxing22/igem/HMM/annotation_results/pfam_families/fn3/fn3.alignment.txt
Annotation finished. TSV results saved in: /gpfs/work/bio/yueqingxing22/igem/HMM/annotation_results/pfam_families
