[INFO] Searching DB with HMM: ECOVIO-FT.hmm -> /gpfs/work/bio/yueqingxing22/igem/HMM/search_results/plastic_families/ECOVIO-FT
[CMD] hmmsearch --cpu 4 --tblout /gpfs/work/bio/yueqingxing22/igem/HMM/search_results/plastic_families/ECOVIO-FT/ECOVIO-FT.tblout.tsv --domtblout /gpfs/work/bio/yueqingxing22/igem/HMM/search_results/plastic_families/ECOVIO-FT/ECOVIO-FT.domtblout.tsv /gpfs/work/bio/yueqingxing22/igem/HMM/hmm_profiles/plastic_families/hmm/ECOVIO-FT.hmm /gpfs/work/bio/yueqingxing22/igem/HMM/data/database/uniprot_sprot_swiss.fasta > /gpfs/work/bio/yueqingxing22/igem/HMM/search_results/plastic_families/ECOVIO-FT/ECOVIO-FT.alignment.txt
[INFO] Searching DB with HMM: Impranil.hmm -> /gpfs/work/bio/yueqingxing22/igem/HMM/search_results/plastic_families/Impranil
[CMD] hmmsearch --cpu 4 --tblout /gpfs/work/bio/yueqingxing22/igem/HMM/search_results/plastic_families/Impranil/Impranil.tblout.tsv --domtblout /gpfs/work/bio/yueqingxing22/igem/HMM/search_results/plastic_families/Impranil/Impranil.domtblout.tsv /gpfs/work/bio/yueqingxing22/igem/HMM/hmm_profiles/plastic_families/hmm/Impranil.hmm /gpfs/work/bio/yueqingxing22/igem/HMM/data/database/uniprot_sprot_swiss.fasta > /gpfs/work/bio/yueqingxing22/igem/HMM/search_results/plastic_families/Impranil/Impranil.alignment.txt
[INFO] Searching DB with HMM: NR.hmm -> /gpfs/work/bio/yueqingxing22/igem/HMM/search_results/plastic_families/NR
[CMD] hmmsearch --cpu 4 --tblout /gpfs/work/bio/yueqingxing22/igem/HMM/search_results/plastic_families/NR/NR.tblout.tsv --domtblout /gpfs/work/bio/yueqingxing22/igem/HMM/search_results/plastic_families/NR/NR.domtblout.tsv /gpfs/work/bio/yueqingxing22/igem/HMM/hmm_profiles/plastic_families/hmm/NR.hmm /gpfs/work/bio/yueqingxing22/igem/HMM/data/database/uniprot_sprot_swiss.fasta > /gpfs/work/bio/yueqingxing22/igem/HMM/search_results/plastic_families/NR/NR.alignment.txt
[INFO] Searching DB with HMM: O-PVA.hmm -> /gpfs/work/bio/yueqingxing22/igem/HMM/search_results/plastic_families/O-PVA
[CMD] hmmsearch --cpu 4 --tblout /gpfs/work/bio/yueqingxing22/igem/HMM/search_results/plastic_families/O-PVA/O-PVA.tblout.tsv --domtblout /gpfs/work/bio/yueqingxing22/igem/HMM/search_results/plastic_families/O-PVA/O-PVA.domtblout.tsv /gpfs/work/bio/yueqingxing22/igem/HMM/hmm_profiles/plastic_families/hmm/O-PVA.hmm /gpfs/work/bio/yueqingxing22/igem/HMM/data/database/uniprot_sprot_swiss.fasta > /gpfs/work/bio/yueqingxing22/igem/HMM/search_results/plastic_families/O-PVA/O-PVA.alignment.txt
[INFO] Searching DB with HMM: P3HP.hmm -> /gpfs/work/bio/yueqingxing22/igem/HMM/search_results/plastic_families/P3HP
[CMD] hmmsearch --cpu 4 --tblout /gpfs/work/bio/yueqingxing22/igem/HMM/search_results/plastic_families/P3HP/P3HP.tblout.tsv --domtblout /gpfs/work/bio/yueqingxing22/igem/HMM/search_results/plastic_families/P3HP/P3HP.domtblout.tsv /gpfs/work/bio/yueqingxing22/igem/HMM/hmm_profiles/plastic_families/hmm/P3HP.hmm /gpfs/work/bio/yueqingxing22/igem/HMM/data/database/uniprot_sprot_swiss.fasta > /gpfs/work/bio/yueqingxing22/igem/HMM/search_results/plastic_families/P3HP/P3HP.alignment.txt
[INFO] Searching DB with HMM: P4HB.hmm -> /gpfs/work/bio/yueqingxing22/igem/HMM/search_results/plastic_families/P4HB
[CMD] hmmsearch --cpu 4 --tblout /gpfs/work/bio/yueqingxing22/igem/HMM/search_results/plastic_families/P4HB/P4HB.tblout.tsv --domtblout /gpfs/work/bio/yueqingxing22/igem/HMM/search_results/plastic_families/P4HB/P4HB.domtblout.tsv /gpfs/work/bio/yueqingxing22/igem/HMM/hmm_profiles/plastic_families/hmm/P4HB.hmm /gpfs/work/bio/yueqingxing22/igem/HMM/data/database/uniprot_sprot_swiss.fasta > /gpfs/work/bio/yueqingxing22/igem/HMM/search_results/plastic_families/P4HB/P4HB.alignment.txt
[INFO] Searching DB with HMM: PA.hmm -> /gpfs/work/bio/yueqingxing22/igem/HMM/search_results/plastic_families/PA
[CMD] hmmsearch --cpu 4 --tblout /gpfs/work/bio/yueqingxing22/igem/HMM/search_results/plastic_families/PA/PA.tblout.tsv --domtblout /gpfs/work/bio/yueqingxing22/igem/HMM/search_results/plastic_families/PA/PA.domtblout.tsv /gpfs/work/bio/yueqingxing22/igem/HMM/hmm_profiles/plastic_families/hmm/PA.hmm /gpfs/work/bio/yueqingxing22/igem/HMM/data/database/uniprot_sprot_swiss.fasta > /gpfs/work/bio/yueqingxing22/igem/HMM/search_results/plastic_families/PA/PA.alignment.txt
[INFO] Searching DB with HMM: PBAT.hmm -> /gpfs/work/bio/yueqingxing22/igem/HMM/search_results/plastic_families/PBAT
[CMD] hmmsearch --cpu 4 --tblout /gpfs/work/bio/yueqingxing22/igem/HMM/search_results/plastic_families/PBAT/PBAT.tblout.tsv --domtblout /gpfs/work/bio/yueqingxing22/igem/HMM/search_results/plastic_families/PBAT/PBAT.domtblout.tsv /gpfs/work/bio/yueqingxing22/igem/HMM/hmm_profiles/plastic_families/hmm/PBAT.hmm /gpfs/work/bio/yueqingxing22/igem/HMM/data/database/uniprot_sprot_swiss.fasta > /gpfs/work/bio/yueqingxing22/igem/HMM/search_results/plastic_families/PBAT/PBAT.alignment.txt
[INFO] Searching DB with HMM: PBS.hmm -> /gpfs/work/bio/yueqingxing22/igem/HMM/search_results/plastic_families/PBS
[CMD] hmmsearch --cpu 4 --tblout /gpfs/work/bio/yueqingxing22/igem/HMM/search_results/plastic_families/PBS/PBS.tblout.tsv --domtblout /gpfs/work/bio/yueqingxing22/igem/HMM/search_results/plastic_families/PBS/PBS.domtblout.tsv /gpfs/work/bio/yueqingxing22/igem/HMM/hmm_profiles/plastic_families/hmm/PBS.hmm /gpfs/work/bio/yueqingxing22/igem/HMM/data/database/uniprot_sprot_swiss.fasta > /gpfs/work/bio/yueqingxing22/igem/HMM/search_results/plastic_families/PBS/PBS.alignment.txt
[INFO] Searching DB with HMM: PBSA.hmm -> /gpfs/work/bio/yueqingxing22/igem/HMM/search_results/plastic_families/PBSA
[CMD] hmmsearch --cpu 4 --tblout /gpfs/work/bio/yueqingxing22/igem/HMM/search_results/plastic_families/PBSA/PBSA.tblout.tsv --domtblout /gpfs/work/bio/yueqingxing22/igem/HMM/search_results/plastic_families/PBSA/PBSA.domtblout.tsv /gpfs/work/bio/yueqingxing22/igem/HMM/hmm_profiles/plastic_families/hmm/PBSA.hmm /gpfs/work/bio/yueqingxing22/igem/HMM/data/database/uniprot_sprot_swiss.fasta > /gpfs/work/bio/yueqingxing22/igem/HMM/search_results/plastic_families/PBSA/PBSA.alignment.txt
[INFO] Searching DB with HMM: PBSeT.hmm -> /gpfs/work/bio/yueqingxing22/igem/HMM/search_results/plastic_families/PBSeT
[CMD] hmmsearch --cpu 4 --tblout /gpfs/work/bio/yueqingxing22/igem/HMM/search_results/plastic_families/PBSeT/PBSeT.tblout.tsv --domtblout /gpfs/work/bio/yueqingxing22/igem/HMM/search_results/plastic_families/PBSeT/PBSeT.domtblout.tsv /gpfs/work/bio/yueqingxing22/igem/HMM/hmm_profiles/plastic_families/hmm/PBSeT.hmm /gpfs/work/bio/yueqingxing22/igem/HMM/data/database/uniprot_sprot_swiss.fasta > /gpfs/work/bio/yueqingxing22/igem/HMM/search_results/plastic_families/PBSeT/PBSeT.alignment.txt
[INFO] Searching DB with HMM: PCL.hmm -> /gpfs/work/bio/yueqingxing22/igem/HMM/search_results/plastic_families/PCL
[CMD] hmmsearch --cpu 4 --tblout /gpfs/work/bio/yueqingxing22/igem/HMM/search_results/plastic_families/PCL/PCL.tblout.tsv --domtblout /gpfs/work/bio/yueqingxing22/igem/HMM/search_results/plastic_families/PCL/PCL.domtblout.tsv /gpfs/work/bio/yueqingxing22/igem/HMM/hmm_profiles/plastic_families/hmm/PCL.hmm /gpfs/work/bio/yueqingxing22/igem/HMM/data/database/uniprot_sprot_swiss.fasta > /gpfs/work/bio/yueqingxing22/igem/HMM/search_results/plastic_families/PCL/PCL.alignment.txt
[INFO] Searching DB with HMM: PE.hmm -> /gpfs/work/bio/yueqingxing22/igem/HMM/search_results/plastic_families/PE
[CMD] hmmsearch --cpu 4 --tblout /gpfs/work/bio/yueqingxing22/igem/HMM/search_results/plastic_families/PE/PE.tblout.tsv --domtblout /gpfs/work/bio/yueqingxing22/igem/HMM/search_results/plastic_families/PE/PE.domtblout.tsv /gpfs/work/bio/yueqingxing22/igem/HMM/hmm_profiles/plastic_families/hmm/PE.hmm /gpfs/work/bio/yueqingxing22/igem/HMM/data/database/uniprot_sprot_swiss.fasta > /gpfs/work/bio/yueqingxing22/igem/HMM/search_results/plastic_families/PE/PE.alignment.txt
[INFO] Searching DB with HMM: PEA.hmm -> /gpfs/work/bio/yueqingxing22/igem/HMM/search_results/plastic_families/PEA
[CMD] hmmsearch --cpu 4 --tblout /gpfs/work/bio/yueqingxing22/igem/HMM/search_results/plastic_families/PEA/PEA.tblout.tsv --domtblout /gpfs/work/bio/yueqingxing22/igem/HMM/search_results/plastic_families/PEA/PEA.domtblout.tsv /gpfs/work/bio/yueqingxing22/igem/HMM/hmm_profiles/plastic_families/hmm/PEA.hmm /gpfs/work/bio/yueqingxing22/igem/HMM/data/database/uniprot_sprot_swiss.fasta > /gpfs/work/bio/yueqingxing22/igem/HMM/search_results/plastic_families/PEA/PEA.alignment.txt
[INFO] Searching DB with HMM: PEF.hmm -> /gpfs/work/bio/yueqingxing22/igem/HMM/search_results/plastic_families/PEF
[CMD] hmmsearch --cpu 4 --tblout /gpfs/work/bio/yueqingxing22/igem/HMM/search_results/plastic_families/PEF/PEF.tblout.tsv --domtblout /gpfs/work/bio/yueqingxing22/igem/HMM/search_results/plastic_families/PEF/PEF.domtblout.tsv /gpfs/work/bio/yueqingxing22/igem/HMM/hmm_profiles/plastic_families/hmm/PEF.hmm /gpfs/work/bio/yueqingxing22/igem/HMM/data/database/uniprot_sprot_swiss.fasta > /gpfs/work/bio/yueqingxing22/igem/HMM/search_results/plastic_families/PEF/PEF.alignment.txt
[INFO] Searching DB with HMM: PEG.hmm -> /gpfs/work/bio/yueqingxing22/igem/HMM/search_results/plastic_families/PEG
[CMD] hmmsearch --cpu 4 --tblout /gpfs/work/bio/yueqingxing22/igem/HMM/search_results/plastic_families/PEG/PEG.tblout.tsv --domtblout /gpfs/work/bio/yueqingxing22/igem/HMM/search_results/plastic_families/PEG/PEG.domtblout.tsv /gpfs/work/bio/yueqingxing22/igem/HMM/hmm_profiles/plastic_families/hmm/PEG.hmm /gpfs/work/bio/yueqingxing22/igem/HMM/data/database/uniprot_sprot_swiss.fasta > /gpfs/work/bio/yueqingxing22/igem/HMM/search_results/plastic_families/PEG/PEG.alignment.txt
[INFO] Searching DB with HMM: PES.hmm -> /gpfs/work/bio/yueqingxing22/igem/HMM/search_results/plastic_families/PES
[CMD] hmmsearch --cpu 4 --tblout /gpfs/work/bio/yueqingxing22/igem/HMM/search_results/plastic_families/PES/PES.tblout.tsv --domtblout /gpfs/work/bio/yueqingxing22/igem/HMM/search_results/plastic_families/PES/PES.domtblout.tsv /gpfs/work/bio/yueqingxing22/igem/HMM/hmm_profiles/plastic_families/hmm/PES.hmm /gpfs/work/bio/yueqingxing22/igem/HMM/data/database/uniprot_sprot_swiss.fasta > /gpfs/work/bio/yueqingxing22/igem/HMM/search_results/plastic_families/PES/PES.alignment.txt
[INFO] Searching DB with HMM: PET.hmm -> /gpfs/work/bio/yueqingxing22/igem/HMM/search_results/plastic_families/PET
[CMD] hmmsearch --cpu 4 --tblout /gpfs/work/bio/yueqingxing22/igem/HMM/search_results/plastic_families/PET/PET.tblout.tsv --domtblout /gpfs/work/bio/yueqingxing22/igem/HMM/search_results/plastic_families/PET/PET.domtblout.tsv /gpfs/work/bio/yueqingxing22/igem/HMM/hmm_profiles/plastic_families/hmm/PET.hmm /gpfs/work/bio/yueqingxing22/igem/HMM/data/database/uniprot_sprot_swiss.fasta > /gpfs/work/bio/yueqingxing22/igem/HMM/search_results/plastic_families/PET/PET.alignment.txt
[INFO] Searching DB with HMM: PHB.hmm -> /gpfs/work/bio/yueqingxing22/igem/HMM/search_results/plastic_families/PHB
[CMD] hmmsearch --cpu 4 --tblout /gpfs/work/bio/yueqingxing22/igem/HMM/search_results/plastic_families/PHB/PHB.tblout.tsv --domtblout /gpfs/work/bio/yueqingxing22/igem/HMM/search_results/plastic_families/PHB/PHB.domtblout.tsv /gpfs/work/bio/yueqingxing22/igem/HMM/hmm_profiles/plastic_families/hmm/PHB.hmm /gpfs/work/bio/yueqingxing22/igem/HMM/data/database/uniprot_sprot_swiss.fasta > /gpfs/work/bio/yueqingxing22/igem/HMM/search_results/plastic_families/PHB/PHB.alignment.txt
[INFO] Searching DB with HMM: PHBV.hmm -> /gpfs/work/bio/yueqingxing22/igem/HMM/search_results/plastic_families/PHBV
[CMD] hmmsearch --cpu 4 --tblout /gpfs/work/bio/yueqingxing22/igem/HMM/search_results/plastic_families/PHBV/PHBV.tblout.tsv --domtblout /gpfs/work/bio/yueqingxing22/igem/HMM/search_results/plastic_families/PHBV/PHBV.domtblout.tsv /gpfs/work/bio/yueqingxing22/igem/HMM/hmm_profiles/plastic_families/hmm/PHBV.hmm /gpfs/work/bio/yueqingxing22/igem/HMM/data/database/uniprot_sprot_swiss.fasta > /gpfs/work/bio/yueqingxing22/igem/HMM/search_results/plastic_families/PHBV/PHBV.alignment.txt
[INFO] Searching DB with HMM: PHO.hmm -> /gpfs/work/bio/yueqingxing22/igem/HMM/search_results/plastic_families/PHO
[CMD] hmmsearch --cpu 4 --tblout /gpfs/work/bio/yueqingxing22/igem/HMM/search_results/plastic_families/PHO/PHO.tblout.tsv --domtblout /gpfs/work/bio/yueqingxing22/igem/HMM/search_results/plastic_families/PHO/PHO.domtblout.tsv /gpfs/work/bio/yueqingxing22/igem/HMM/hmm_profiles/plastic_families/hmm/PHO.hmm /gpfs/work/bio/yueqingxing22/igem/HMM/data/database/uniprot_sprot_swiss.fasta > /gpfs/work/bio/yueqingxing22/igem/HMM/search_results/plastic_families/PHO/PHO.alignment.txt
[INFO] Searching DB with HMM: PHV.hmm -> /gpfs/work/bio/yueqingxing22/igem/HMM/search_results/plastic_families/PHV
[CMD] hmmsearch --cpu 4 --tblout /gpfs/work/bio/yueqingxing22/igem/HMM/search_results/plastic_families/PHV/PHV.tblout.tsv --domtblout /gpfs/work/bio/yueqingxing22/igem/HMM/search_results/plastic_families/PHV/PHV.domtblout.tsv /gpfs/work/bio/yueqingxing22/igem/HMM/hmm_profiles/plastic_families/hmm/PHV.hmm /gpfs/work/bio/yueqingxing22/igem/HMM/data/database/uniprot_sprot_swiss.fasta > /gpfs/work/bio/yueqingxing22/igem/HMM/search_results/plastic_families/PHV/PHV.alignment.txt
[INFO] Searching DB with HMM: PLA.hmm -> /gpfs/work/bio/yueqingxing22/igem/HMM/search_results/plastic_families/PLA
[CMD] hmmsearch --cpu 4 --tblout /gpfs/work/bio/yueqingxing22/igem/HMM/search_results/plastic_families/PLA/PLA.tblout.tsv --domtblout /gpfs/work/bio/yueqingxing22/igem/HMM/search_results/plastic_families/PLA/PLA.domtblout.tsv /gpfs/work/bio/yueqingxing22/igem/HMM/hmm_profiles/plastic_families/hmm/PLA.hmm /gpfs/work/bio/yueqingxing22/igem/HMM/data/database/uniprot_sprot_swiss.fasta > /gpfs/work/bio/yueqingxing22/igem/HMM/search_results/plastic_families/PLA/PLA.alignment.txt
[INFO] Searching DB with HMM: PS.hmm -> /gpfs/work/bio/yueqingxing22/igem/HMM/search_results/plastic_families/PS
[CMD] hmmsearch --cpu 4 --tblout /gpfs/work/bio/yueqingxing22/igem/HMM/search_results/plastic_families/PS/PS.tblout.tsv --domtblout /gpfs/work/bio/yueqingxing22/igem/HMM/search_results/plastic_families/PS/PS.domtblout.tsv /gpfs/work/bio/yueqingxing22/igem/HMM/hmm_profiles/plastic_families/hmm/PS.hmm /gpfs/work/bio/yueqingxing22/igem/HMM/data/database/uniprot_sprot_swiss.fasta > /gpfs/work/bio/yueqingxing22/igem/HMM/search_results/plastic_families/PS/PS.alignment.txt
[INFO] Searching DB with HMM: PU.hmm -> /gpfs/work/bio/yueqingxing22/igem/HMM/search_results/plastic_families/PU
[CMD] hmmsearch --cpu 4 --tblout /gpfs/work/bio/yueqingxing22/igem/HMM/search_results/plastic_families/PU/PU.tblout.tsv --domtblout /gpfs/work/bio/yueqingxing22/igem/HMM/search_results/plastic_families/PU/PU.domtblout.tsv /gpfs/work/bio/yueqingxing22/igem/HMM/hmm_profiles/plastic_families/hmm/PU.hmm /gpfs/work/bio/yueqingxing22/igem/HMM/data/database/uniprot_sprot_swiss.fasta > /gpfs/work/bio/yueqingxing22/igem/HMM/search_results/plastic_families/PU/PU.alignment.txt
[INFO] Searching DB with HMM: PVA.hmm -> /gpfs/work/bio/yueqingxing22/igem/HMM/search_results/plastic_families/PVA
[CMD] hmmsearch --cpu 4 --tblout /gpfs/work/bio/yueqingxing22/igem/HMM/search_results/plastic_families/PVA/PVA.tblout.tsv --domtblout /gpfs/work/bio/yueqingxing22/igem/HMM/search_results/plastic_families/PVA/PVA.domtblout.tsv /gpfs/work/bio/yueqingxing22/igem/HMM/hmm_profiles/plastic_families/hmm/PVA.hmm /gpfs/work/bio/yueqingxing22/igem/HMM/data/database/uniprot_sprot_swiss.fasta > /gpfs/work/bio/yueqingxing22/igem/HMM/search_results/plastic_families/PVA/PVA.alignment.txt
[INFO] Searching DB with HMM: TP.hmm -> /gpfs/work/bio/yueqingxing22/igem/HMM/search_results/plastic_families/TP
[CMD] hmmsearch --cpu 4 --tblout /gpfs/work/bio/yueqingxing22/igem/HMM/search_results/plastic_families/TP/TP.tblout.tsv --domtblout /gpfs/work/bio/yueqingxing22/igem/HMM/search_results/plastic_families/TP/TP.domtblout.tsv /gpfs/work/bio/yueqingxing22/igem/HMM/hmm_profiles/plastic_families/hmm/TP.hmm /gpfs/work/bio/yueqingxing22/igem/HMM/data/database/uniprot_sprot_swiss.fasta > /gpfs/work/bio/yueqingxing22/igem/HMM/search_results/plastic_families/TP/TP.alignment.txt
[OK] DB search finished. TSV results in: /gpfs/work/bio/yueqingxing22/igem/HMM/search_results/plastic_families
