[INFO] Searching DB with HMM: ECOVIO-FT.hmm
[CMD] hmmsearch --cpu 4 --tblout /gpfs/work/bio/yueqingxing22/igem/HMM/search_results/plastic_families/ECOVIO-FT.tblout.tsv --domtblout /gpfs/work/bio/yueqingxing22/igem/HMM/search_results/plastic_families/ECOVIO-FT.domtblout.tsv /gpfs/work/bio/yueqingxing22/igem/HMM/hmm_profiles/plastic_families/hmm/ECOVIO-FT.hmm /gpfs/work/bio/yueqingxing22/igem/HMM/data/database/uniprot_sprot_swiss.fasta > /gpfs/work/bio/yueqingxing22/igem/HMM/search_results/plastic_families/ECOVIO-FT.alignment.txt
[INFO] Searching DB with HMM: Impranil.hmm
[CMD] hmmsearch --cpu 4 --tblout /gpfs/work/bio/yueqingxing22/igem/HMM/search_results/plastic_families/Impranil.tblout.tsv --domtblout /gpfs/work/bio/yueqingxing22/igem/HMM/search_results/plastic_families/Impranil.domtblout.tsv /gpfs/work/bio/yueqingxing22/igem/HMM/hmm_profiles/plastic_families/hmm/Impranil.hmm /gpfs/work/bio/yueqingxing22/igem/HMM/data/database/uniprot_sprot_swiss.fasta > /gpfs/work/bio/yueqingxing22/igem/HMM/search_results/plastic_families/Impranil.alignment.txt
[INFO] Searching DB with HMM: NR.hmm
[CMD] hmmsearch --cpu 4 --tblout /gpfs/work/bio/yueqingxing22/igem/HMM/search_results/plastic_families/NR.tblout.tsv --domtblout /gpfs/work/bio/yueqingxing22/igem/HMM/search_results/plastic_families/NR.domtblout.tsv /gpfs/work/bio/yueqingxing22/igem/HMM/hmm_profiles/plastic_families/hmm/NR.hmm /gpfs/work/bio/yueqingxing22/igem/HMM/data/database/uniprot_sprot_swiss.fasta > /gpfs/work/bio/yueqingxing22/igem/HMM/search_results/plastic_families/NR.alignment.txt
[INFO] Searching DB with HMM: O-PVA.hmm
[CMD] hmmsearch --cpu 4 --tblout /gpfs/work/bio/yueqingxing22/igem/HMM/search_results/plastic_families/O-PVA.tblout.tsv --domtblout /gpfs/work/bio/yueqingxing22/igem/HMM/search_results/plastic_families/O-PVA.domtblout.tsv /gpfs/work/bio/yueqingxing22/igem/HMM/hmm_profiles/plastic_families/hmm/O-PVA.hmm /gpfs/work/bio/yueqingxing22/igem/HMM/data/database/uniprot_sprot_swiss.fasta > /gpfs/work/bio/yueqingxing22/igem/HMM/search_results/plastic_families/O-PVA.alignment.txt
[INFO] Searching DB with HMM: P3HP.hmm
[CMD] hmmsearch --cpu 4 --tblout /gpfs/work/bio/yueqingxing22/igem/HMM/search_results/plastic_families/P3HP.tblout.tsv --domtblout /gpfs/work/bio/yueqingxing22/igem/HMM/search_results/plastic_families/P3HP.domtblout.tsv /gpfs/work/bio/yueqingxing22/igem/HMM/hmm_profiles/plastic_families/hmm/P3HP.hmm /gpfs/work/bio/yueqingxing22/igem/HMM/data/database/uniprot_sprot_swiss.fasta > /gpfs/work/bio/yueqingxing22/igem/HMM/search_results/plastic_families/P3HP.alignment.txt
[INFO] Searching DB with HMM: P4HB.hmm
[CMD] hmmsearch --cpu 4 --tblout /gpfs/work/bio/yueqingxing22/igem/HMM/search_results/plastic_families/P4HB.tblout.tsv --domtblout /gpfs/work/bio/yueqingxing22/igem/HMM/search_results/plastic_families/P4HB.domtblout.tsv /gpfs/work/bio/yueqingxing22/igem/HMM/hmm_profiles/plastic_families/hmm/P4HB.hmm /gpfs/work/bio/yueqingxing22/igem/HMM/data/database/uniprot_sprot_swiss.fasta > /gpfs/work/bio/yueqingxing22/igem/HMM/search_results/plastic_families/P4HB.alignment.txt
[INFO] Searching DB with HMM: PA.hmm
[CMD] hmmsearch --cpu 4 --tblout /gpfs/work/bio/yueqingxing22/igem/HMM/search_results/plastic_families/PA.tblout.tsv --domtblout /gpfs/work/bio/yueqingxing22/igem/HMM/search_results/plastic_families/PA.domtblout.tsv /gpfs/work/bio/yueqingxing22/igem/HMM/hmm_profiles/plastic_families/hmm/PA.hmm /gpfs/work/bio/yueqingxing22/igem/HMM/data/database/uniprot_sprot_swiss.fasta > /gpfs/work/bio/yueqingxing22/igem/HMM/search_results/plastic_families/PA.alignment.txt
[INFO] Searching DB with HMM: PBAT.hmm
[CMD] hmmsearch --cpu 4 --tblout /gpfs/work/bio/yueqingxing22/igem/HMM/search_results/plastic_families/PBAT.tblout.tsv --domtblout /gpfs/work/bio/yueqingxing22/igem/HMM/search_results/plastic_families/PBAT.domtblout.tsv /gpfs/work/bio/yueqingxing22/igem/HMM/hmm_profiles/plastic_families/hmm/PBAT.hmm /gpfs/work/bio/yueqingxing22/igem/HMM/data/database/uniprot_sprot_swiss.fasta > /gpfs/work/bio/yueqingxing22/igem/HMM/search_results/plastic_families/PBAT.alignment.txt
[INFO] Searching DB with HMM: PBS.hmm
[CMD] hmmsearch --cpu 4 --tblout /gpfs/work/bio/yueqingxing22/igem/HMM/search_results/plastic_families/PBS.tblout.tsv --domtblout /gpfs/work/bio/yueqingxing22/igem/HMM/search_results/plastic_families/PBS.domtblout.tsv /gpfs/work/bio/yueqingxing22/igem/HMM/hmm_profiles/plastic_families/hmm/PBS.hmm /gpfs/work/bio/yueqingxing22/igem/HMM/data/database/uniprot_sprot_swiss.fasta > /gpfs/work/bio/yueqingxing22/igem/HMM/search_results/plastic_families/PBS.alignment.txt
[INFO] Searching DB with HMM: PBSA.hmm
[CMD] hmmsearch --cpu 4 --tblout /gpfs/work/bio/yueqingxing22/igem/HMM/search_results/plastic_families/PBSA.tblout.tsv --domtblout /gpfs/work/bio/yueqingxing22/igem/HMM/search_results/plastic_families/PBSA.domtblout.tsv /gpfs/work/bio/yueqingxing22/igem/HMM/hmm_profiles/plastic_families/hmm/PBSA.hmm /gpfs/work/bio/yueqingxing22/igem/HMM/data/database/uniprot_sprot_swiss.fasta > /gpfs/work/bio/yueqingxing22/igem/HMM/search_results/plastic_families/PBSA.alignment.txt
[INFO] Searching DB with HMM: PBSeT.hmm
[CMD] hmmsearch --cpu 4 --tblout /gpfs/work/bio/yueqingxing22/igem/HMM/search_results/plastic_families/PBSeT.tblout.tsv --domtblout /gpfs/work/bio/yueqingxing22/igem/HMM/search_results/plastic_families/PBSeT.domtblout.tsv /gpfs/work/bio/yueqingxing22/igem/HMM/hmm_profiles/plastic_families/hmm/PBSeT.hmm /gpfs/work/bio/yueqingxing22/igem/HMM/data/database/uniprot_sprot_swiss.fasta > /gpfs/work/bio/yueqingxing22/igem/HMM/search_results/plastic_families/PBSeT.alignment.txt
[INFO] Searching DB with HMM: PCL.hmm
[CMD] hmmsearch --cpu 4 --tblout /gpfs/work/bio/yueqingxing22/igem/HMM/search_results/plastic_families/PCL.tblout.tsv --domtblout /gpfs/work/bio/yueqingxing22/igem/HMM/search_results/plastic_families/PCL.domtblout.tsv /gpfs/work/bio/yueqingxing22/igem/HMM/hmm_profiles/plastic_families/hmm/PCL.hmm /gpfs/work/bio/yueqingxing22/igem/HMM/data/database/uniprot_sprot_swiss.fasta > /gpfs/work/bio/yueqingxing22/igem/HMM/search_results/plastic_families/PCL.alignment.txt
[INFO] Searching DB with HMM: PE.hmm
[CMD] hmmsearch --cpu 4 --tblout /gpfs/work/bio/yueqingxing22/igem/HMM/search_results/plastic_families/PE.tblout.tsv --domtblout /gpfs/work/bio/yueqingxing22/igem/HMM/search_results/plastic_families/PE.domtblout.tsv /gpfs/work/bio/yueqingxing22/igem/HMM/hmm_profiles/plastic_families/hmm/PE.hmm /gpfs/work/bio/yueqingxing22/igem/HMM/data/database/uniprot_sprot_swiss.fasta > /gpfs/work/bio/yueqingxing22/igem/HMM/search_results/plastic_families/PE.alignment.txt
[INFO] Searching DB with HMM: PEA.hmm
[CMD] hmmsearch --cpu 4 --tblout /gpfs/work/bio/yueqingxing22/igem/HMM/search_results/plastic_families/PEA.tblout.tsv --domtblout /gpfs/work/bio/yueqingxing22/igem/HMM/search_results/plastic_families/PEA.domtblout.tsv /gpfs/work/bio/yueqingxing22/igem/HMM/hmm_profiles/plastic_families/hmm/PEA.hmm /gpfs/work/bio/yueqingxing22/igem/HMM/data/database/uniprot_sprot_swiss.fasta > /gpfs/work/bio/yueqingxing22/igem/HMM/search_results/plastic_families/PEA.alignment.txt
[INFO] Searching DB with HMM: PEF.hmm
[CMD] hmmsearch --cpu 4 --tblout /gpfs/work/bio/yueqingxing22/igem/HMM/search_results/plastic_families/PEF.tblout.tsv --domtblout /gpfs/work/bio/yueqingxing22/igem/HMM/search_results/plastic_families/PEF.domtblout.tsv /gpfs/work/bio/yueqingxing22/igem/HMM/hmm_profiles/plastic_families/hmm/PEF.hmm /gpfs/work/bio/yueqingxing22/igem/HMM/data/database/uniprot_sprot_swiss.fasta > /gpfs/work/bio/yueqingxing22/igem/HMM/search_results/plastic_families/PEF.alignment.txt
[INFO] Searching DB with HMM: PEG.hmm
[CMD] hmmsearch --cpu 4 --tblout /gpfs/work/bio/yueqingxing22/igem/HMM/search_results/plastic_families/PEG.tblout.tsv --domtblout /gpfs/work/bio/yueqingxing22/igem/HMM/search_results/plastic_families/PEG.domtblout.tsv /gpfs/work/bio/yueqingxing22/igem/HMM/hmm_profiles/plastic_families/hmm/PEG.hmm /gpfs/work/bio/yueqingxing22/igem/HMM/data/database/uniprot_sprot_swiss.fasta > /gpfs/work/bio/yueqingxing22/igem/HMM/search_results/plastic_families/PEG.alignment.txt
[INFO] Searching DB with HMM: PES.hmm
[CMD] hmmsearch --cpu 4 --tblout /gpfs/work/bio/yueqingxing22/igem/HMM/search_results/plastic_families/PES.tblout.tsv --domtblout /gpfs/work/bio/yueqingxing22/igem/HMM/search_results/plastic_families/PES.domtblout.tsv /gpfs/work/bio/yueqingxing22/igem/HMM/hmm_profiles/plastic_families/hmm/PES.hmm /gpfs/work/bio/yueqingxing22/igem/HMM/data/database/uniprot_sprot_swiss.fasta > /gpfs/work/bio/yueqingxing22/igem/HMM/search_results/plastic_families/PES.alignment.txt
[INFO] Searching DB with HMM: PET.hmm
[CMD] hmmsearch --cpu 4 --tblout /gpfs/work/bio/yueqingxing22/igem/HMM/search_results/plastic_families/PET.tblout.tsv --domtblout /gpfs/work/bio/yueqingxing22/igem/HMM/search_results/plastic_families/PET.domtblout.tsv /gpfs/work/bio/yueqingxing22/igem/HMM/hmm_profiles/plastic_families/hmm/PET.hmm /gpfs/work/bio/yueqingxing22/igem/HMM/data/database/uniprot_sprot_swiss.fasta > /gpfs/work/bio/yueqingxing22/igem/HMM/search_results/plastic_families/PET.alignment.txt
[INFO] Searching DB with HMM: PHB.hmm
[CMD] hmmsearch --cpu 4 --tblout /gpfs/work/bio/yueqingxing22/igem/HMM/search_results/plastic_families/PHB.tblout.tsv --domtblout /gpfs/work/bio/yueqingxing22/igem/HMM/search_results/plastic_families/PHB.domtblout.tsv /gpfs/work/bio/yueqingxing22/igem/HMM/hmm_profiles/plastic_families/hmm/PHB.hmm /gpfs/work/bio/yueqingxing22/igem/HMM/data/database/uniprot_sprot_swiss.fasta > /gpfs/work/bio/yueqingxing22/igem/HMM/search_results/plastic_families/PHB.alignment.txt
[INFO] Searching DB with HMM: PHBV.hmm
[CMD] hmmsearch --cpu 4 --tblout /gpfs/work/bio/yueqingxing22/igem/HMM/search_results/plastic_families/PHBV.tblout.tsv --domtblout /gpfs/work/bio/yueqingxing22/igem/HMM/search_results/plastic_families/PHBV.domtblout.tsv /gpfs/work/bio/yueqingxing22/igem/HMM/hmm_profiles/plastic_families/hmm/PHBV.hmm /gpfs/work/bio/yueqingxing22/igem/HMM/data/database/uniprot_sprot_swiss.fasta > /gpfs/work/bio/yueqingxing22/igem/HMM/search_results/plastic_families/PHBV.alignment.txt
[INFO] Searching DB with HMM: PHO.hmm
[CMD] hmmsearch --cpu 4 --tblout /gpfs/work/bio/yueqingxing22/igem/HMM/search_results/plastic_families/PHO.tblout.tsv --domtblout /gpfs/work/bio/yueqingxing22/igem/HMM/search_results/plastic_families/PHO.domtblout.tsv /gpfs/work/bio/yueqingxing22/igem/HMM/hmm_profiles/plastic_families/hmm/PHO.hmm /gpfs/work/bio/yueqingxing22/igem/HMM/data/database/uniprot_sprot_swiss.fasta > /gpfs/work/bio/yueqingxing22/igem/HMM/search_results/plastic_families/PHO.alignment.txt
[INFO] Searching DB with HMM: PHV.hmm
[CMD] hmmsearch --cpu 4 --tblout /gpfs/work/bio/yueqingxing22/igem/HMM/search_results/plastic_families/PHV.tblout.tsv --domtblout /gpfs/work/bio/yueqingxing22/igem/HMM/search_results/plastic_families/PHV.domtblout.tsv /gpfs/work/bio/yueqingxing22/igem/HMM/hmm_profiles/plastic_families/hmm/PHV.hmm /gpfs/work/bio/yueqingxing22/igem/HMM/data/database/uniprot_sprot_swiss.fasta > /gpfs/work/bio/yueqingxing22/igem/HMM/search_results/plastic_families/PHV.alignment.txt
[INFO] Searching DB with HMM: PLA.hmm
[CMD] hmmsearch --cpu 4 --tblout /gpfs/work/bio/yueqingxing22/igem/HMM/search_results/plastic_families/PLA.tblout.tsv --domtblout /gpfs/work/bio/yueqingxing22/igem/HMM/search_results/plastic_families/PLA.domtblout.tsv /gpfs/work/bio/yueqingxing22/igem/HMM/hmm_profiles/plastic_families/hmm/PLA.hmm /gpfs/work/bio/yueqingxing22/igem/HMM/data/database/uniprot_sprot_swiss.fasta > /gpfs/work/bio/yueqingxing22/igem/HMM/search_results/plastic_families/PLA.alignment.txt
[INFO] Searching DB with HMM: PS.hmm
[CMD] hmmsearch --cpu 4 --tblout /gpfs/work/bio/yueqingxing22/igem/HMM/search_results/plastic_families/PS.tblout.tsv --domtblout /gpfs/work/bio/yueqingxing22/igem/HMM/search_results/plastic_families/PS.domtblout.tsv /gpfs/work/bio/yueqingxing22/igem/HMM/hmm_profiles/plastic_families/hmm/PS.hmm /gpfs/work/bio/yueqingxing22/igem/HMM/data/database/uniprot_sprot_swiss.fasta > /gpfs/work/bio/yueqingxing22/igem/HMM/search_results/plastic_families/PS.alignment.txt
[INFO] Searching DB with HMM: PU.hmm
[CMD] hmmsearch --cpu 4 --tblout /gpfs/work/bio/yueqingxing22/igem/HMM/search_results/plastic_families/PU.tblout.tsv --domtblout /gpfs/work/bio/yueqingxing22/igem/HMM/search_results/plastic_families/PU.domtblout.tsv /gpfs/work/bio/yueqingxing22/igem/HMM/hmm_profiles/plastic_families/hmm/PU.hmm /gpfs/work/bio/yueqingxing22/igem/HMM/data/database/uniprot_sprot_swiss.fasta > /gpfs/work/bio/yueqingxing22/igem/HMM/search_results/plastic_families/PU.alignment.txt
[INFO] Searching DB with HMM: PVA.hmm
[CMD] hmmsearch --cpu 4 --tblout /gpfs/work/bio/yueqingxing22/igem/HMM/search_results/plastic_families/PVA.tblout.tsv --domtblout /gpfs/work/bio/yueqingxing22/igem/HMM/search_results/plastic_families/PVA.domtblout.tsv /gpfs/work/bio/yueqingxing22/igem/HMM/hmm_profiles/plastic_families/hmm/PVA.hmm /gpfs/work/bio/yueqingxing22/igem/HMM/data/database/uniprot_sprot_swiss.fasta > /gpfs/work/bio/yueqingxing22/igem/HMM/search_results/plastic_families/PVA.alignment.txt
[INFO] Searching DB with HMM: TP.hmm
[CMD] hmmsearch --cpu 4 --tblout /gpfs/work/bio/yueqingxing22/igem/HMM/search_results/plastic_families/TP.tblout.tsv --domtblout /gpfs/work/bio/yueqingxing22/igem/HMM/search_results/plastic_families/TP.domtblout.tsv /gpfs/work/bio/yueqingxing22/igem/HMM/hmm_profiles/plastic_families/hmm/TP.hmm /gpfs/work/bio/yueqingxing22/igem/HMM/data/database/uniprot_sprot_swiss.fasta > /gpfs/work/bio/yueqingxing22/igem/HMM/search_results/plastic_families/TP.alignment.txt
