inputfile = orig
55 x 243 - 186 p
outputhat23=16
treein = 0
compacttree = 0
stacksize: -1 kb
rescale = 1
All-to-all alignment.
    0 / 55 (by thread   0) 
   10 / 55 (by thread   2) 
   20 / 55 (by thread   2) 
   30 / 55 (by thread   3) 
   40 / 55 (by thread   3) 
   50 / 55 (by thread   0) 
tbfast-pair (aa) Version 7.505
alg=L, model=BLOSUM62, 2.00, -0.10, +0.10, noshift, amax=0.0
4 thread(s)

outputhat23=16
Loading 'hat3.seed' ... 
done.
Writing hat3 for iterative refinement
rescale = 1
Gap Penalty = -1.53, +0.00, +0.00
tbutree = 1, compacttree = 0
Constructing a UPGMA tree ... 

    0 / 55
   10 / 55
   20 / 55
   30 / 55
   40 / 55
   50 / 55
done.

Progressive alignment ... 

STEP     1 /54 (thread    0) 
STEP     2 /54 (thread    1) 
STEP     3 /54 (thread    2) 
STEP     7 /54 (thread    2) 
STEP     4 /54 (thread    3) 
STEP     8 /54 (thread    2) 
STEP     9 /54 (thread    3) 
STEP     5 /54 (thread    0) 
STEP    10 /54 (thread    2) 
STEP     6 /54 (thread    1) 
STEP    13 /54 (thread    2) 
STEP    11 /54 (thread    3) 
STEP    12 /54 (thread    0) 
STEP    16 /54 (thread    2) 
STEP    14 /54 (thread    1) 
STEP    18 /54 (thread    2) 
STEP    17 /54 (thread    0) 
STEP    15 /54 (thread    3) 
STEP    19 /54 (thread    1) 
STEP    21 /54 (thread    0) 
STEP    22 /54 (thread    3) 
STEP    20 /54 (thread    2) 
STEP    23 /54 (thread    1) 
STEP    26 /54 (thread    2) 
STEP    24 /54 (thread    0) 
STEP    28 /54 (thread    2) 
STEP    27 /54 (thread    1) 
STEP    29 /54 (thread    0) 
STEP    25 /54 (thread    3) 
STEP    31 /54 (thread    1) 
STEP    32 /54 (thread    0) 
STEP    30 /54 (thread    2) 
STEP    33 /54 (thread    3) 
STEP    34 /54 (thread    2) 
STEP    36 /54 (thread    1) 
STEP    35 /54 (thread    0) 
STEP    39 /54 (thread    1) 
STEP    37 /54 (thread    3) 
STEP    41 /54 (thread    1) 
STEP    38 /54 (thread    2) 
STEP    43 /54 (thread    1) 
STEP    44 /54 (thread    2) 
STEP    40 /54 (thread    0) 
STEP    45 /54 (thread    1) 
STEP    42 /54 (thread    3) 
STEP    48 /54 (thread    1) 
STEP    46 /54 (thread    2) 
STEP    47 /54 (thread    0) 
STEP    51 /54 (thread    1) 
STEP    49 /54 (thread    3) 
STEP    50 /54 (thread    2) 
STEP    52 /54 (thread    1) 
STEP    53 /54 (thread    3) 
Reallocating (by thread 0) ..done. *alloclen = 1521

STEP    54 /54 (thread    0) 
done.
tbfast (aa) Version 7.505
alg=A, model=BLOSUM62, 1.53, -0.00, -0.00, noshift, amax=0.0
4 thread(s)

minimumweight = 0.000010
autosubalignment = 0.000000
nthread = 4
randomseed = 0
blosum 62 / kimura 200
poffset = 0
niter = 16
sueff_global = 0.100000
nadd = 16
Loading 'hat3' ... done.
rescale = 1


    0 / 55
   10 / 55
   20 / 55
   30 / 55
   40 / 55
   50 / 55
Segment   1/  1    1- 312
001-0000-0 (thread    4) identical     

001-0001-1 (thread    4) identical     

001-0002-1 (thread    4) identical     

001-0003-0 (thread    4) identical     

001-0004-0 (thread    2) identical     

001-0005-1 (thread    1) identical     

001-0006-1 (thread    4) identical     

001-0006-0 (thread    3) identical     

001-0008-1 (thread    1) identical     

001-0009-1 (thread    3) identical     

001-0010-0 (thread    2) identical     

001-0011-0 (thread    4) identical     

001-0012-1 (thread    3) identical     

001-0013-0 (thread    1) identical     

001-0014-0 (thread    2) identical     

001-0015-1 (thread    4) identical     

001-0016-0 (thread    3) identical     

001-0017-1 (thread    1) identical     

001-0018-1 (thread    4) identical     

001-0019-0 (thread    2) identical     

001-0020-1 (thread    1) identical     

001-0021-0 (thread    3) identical     

001-0022-1 (thread    2) identical     

001-0023-0 (thread    4) identical     

001-0024-0 (thread    1) identical     

001-0025-1 (thread    3) identical     

001-0026-0 (thread    2) identical     

001-0027-1 (thread    4) identical     

001-0028-1 (thread    3) identical     

001-0029-0 (thread    1) identical     

001-0030-0 (thread    2) identical     

001-0031-1 (thread    4) identical     

001-0032-1 (thread    1) identical     

001-0033-0 (thread    3) identical     

001-0034-0 (thread    2) identical     

001-0035-1 (thread    4) identical     

001-0036-1 (thread    3) identical     

001-0037-0 (thread    1) identical     

001-0038-1 (thread    4) identical     

001-0039-0 (thread    2) identical     

001-0040-0 (thread    3) identical     

001-0041-1 (thread    1) identical     

001-0042-0 (thread    4) identical     

001-0043-1 (thread    2) identical     

001-0044-1 (thread    1) identical     

001-0045-0 (thread    3) identical     

001-0046-1 (thread    2) identical     

001-0047-0 (thread    4) identical     

001-0048-1 (thread    3) identical     

001-0049-0 (thread    1) identical     

001-0050-0 (thread    2) identical     

001-0051-1 (thread    4) identical     

001-0052-0 (thread    3) identical     

001-0053-1 (thread    1) identical     

001-0054-0 (thread    2) identical     

001-0055-1 (thread    4) identical     

001-0056-0 (thread    3) identical     

001-0057-1 (thread    1) identical     

001-0058-1 (thread    4) identical     

001-0059-0 (thread    2) identical     

001-0060-0 (thread    3) identical     

001-0061-1 (thread    1) identical     

001-0062-0 (thread    4) identical     

001-0063-1 (thread    2) identical     

001-0064-1 (thread    1) identical     

001-0065-0 (thread    3) identical     

001-0066-0 (thread    4) identical     

001-0066-1 (thread    2) identical     

001-0068-0 (thread    1) identical     

001-0069-0 (thread    4) identical     

001-0070-1 (thread    2) identical     

001-0071-1 (thread    3) identical     

001-0072-0 (thread    2) identical     

001-0073-1 (thread    4) identical     
001-0073-1 (thread    4) better     

001-0074-1 (thread    4) identical     

001-0075-0 (thread    1) identical     

001-0076-1 (thread    1) identical     

001-0077-1 (thread    3) identical     

001-0078-0 (thread    4) identical     

001-0079-0 (thread    2) identical     

001-0080-1 (thread    3) identical     

001-0081-0 (thread    1) identical     

001-0082-1 (thread    2) identical     

001-0083-0 (thread    3) identical     
001-0083-0 (thread    3) worse      

001-0084-1 (thread    1) identical     
001-0084-1 (thread    1) better     

001-0085-1 (thread    3) identical     

001-0086-0 (thread    1) identical     

001-0087-0 (thread    4) identical     

001-0088-1 (thread    3) identical     

001-0089-1 (thread    4) identical     
001-0089-1 (thread    4) better     

001-0090-0 (thread    1) identical     

001-0091-0 (thread    2) identical     
001-0091-0 (thread    3) identical     

001-0092-0 (thread    2) better     

001-0093-0 (thread    1) identical     
001-0093-0 (thread    1) better     

001-0094-1 (thread    1) identical     
001-0094-1 (thread    1) worse      

001-0095-1 (thread    3) identical     
001-0095-1 (thread    3) better     

001-0096-1 (thread    3) identical     
001-0096-1 (thread    3) better     

001-0097-0 (thread    3) identical     
001-0097-0 (thread    3) better     

001-0098-1 (thread    3) identical     
001-0098-1 (thread    3) better     

001-0099-0 (thread    3) identical     
001-0099-0 (thread    3) better     

001-0100-1 (thread    3) identical     
001-0100-1 (thread    3) better     

001-0101-0 (thread    3) identical     
001-0101-0 (thread    3) better     

001-0102-0 (thread    2) identical     

001-0103-1 (thread    4) identical     

001-0104-1 (thread    3) identical     

001-0105-0 (thread    1) identical     

001-0106-1 (thread    2) identical     
001-0106-1 (thread    2) worse      

002-0000-0 (thread    4) identical     

002-0001-1 (thread    1) identical     

002-0002-1 (thread    2) identical     
002-0002-0 (thread    3) identical     


002-0004-1 (thread    1) identical     

002-0005-1 (thread    2) identical     

002-0006-0 (thread    4) identical     

002-0007-0 (thread    3) identical     

002-0008-1 (thread    2) identical     

002-0009-1 (thread    3) identical     

002-0010-0 (thread    1) identical     

002-0011-0 (thread    4) identical     

002-0012-0 (thread    2) identical     

002-0013-1 (thread    3) identical     

002-0014-0 (thread    1) identical     

002-0015-1 (thread    4) identical     

002-0016-0 (thread    2) identical     

002-0017-1 (thread    3) identical     

002-0018-1 (thread    4) identical     

002-0019-0 (thread    1) identical     

002-0020-1 (thread    3) identical     
002-0020-0 (thread    2) identical     


002-0022-1 (thread    1) identical     

002-0023-0 (thread    4) identical     

002-0024-0 (thread    2) identical     

002-0024-1 (thread    3) identical     

002-0026-0 (thread    1) identical     

002-0027-1 (thread    3) identical     

002-0028-1 (thread    4) identical     

002-0029-0 (thread    2) identical     

002-0030-0 (thread    1) identical     

002-0031-1 (thread    3) identical     

002-0032-0 (thread    4) identical     

002-0033-1 (thread    2) identical     

002-0034-0 (thread    1) identical     

002-0035-1 (thread    3) identical     

002-0036-1 (thread    2) identical     

002-0037-0 (thread    4) identical     

002-0038-1 (thread    3) identical     

002-0039-0 (thread    1) identical     

002-0040-0 (thread    2) identical     

002-0041-1 (thread    4) identical     

002-0042-0 (thread    3) identical     

002-0043-1 (thread    1) identical     

002-0044-1 (thread    4) identical     

002-0045-0 (thread    2) identical     

002-0046-1 (thread    1) identical     

002-0047-0 (thread    3) identical     

002-0048-1 (thread    2) identical     

002-0049-0 (thread    4) identical     

002-0050-0 (thread    1) identical     

002-0051-1 (thread    3) identical     

002-0052-0 (thread    2) identical     

002-0053-1 (thread    4) identical     

002-0054-0 (thread    1) identical     

002-0055-1 (thread    3) identical     

002-0056-0 (thread    2) identical     

002-0057-1 (thread    4) identical     

002-0058-1 (thread    3) identical     

002-0059-0 (thread    1) identical     

002-0060-0 (thread    2) identical     

002-0061-1 (thread    4) identical     

002-0062-0 (thread    3) identical     

002-0063-1 (thread    1) identical     

002-0064-1 (thread    4) identical     

002-0065-0 (thread    2) identical     

002-0066-1 (thread    1) identical     

002-0067-0 (thread    3) identical     

002-0068-0 (thread    4) identical     

002-0069-0 (thread    1) identical     

002-0070-1 (thread    3) identical     

002-0071-1 (thread    2) identical     

002-0072-0 (thread    3) identical     

002-0073-1 (thread    1) identical     

002-0074-0 (thread    4) identical     

002-0075-1 (thread    1) identical     

002-0076-1 (thread    2) identical     

002-0077-0 (thread    3) identical     

002-0078-1 (thread    1) identical     

002-0079-0 (thread    4) identical     

002-0080-0 (thread    2) identical     

002-0081-1 (thread    3) identical     

002-0082-0 (thread    2) identical     
002-0082-0 (thread    2) better     

002-0083-1 (thread    3) identical     

002-0084-1 (thread    4) identical     

002-0085-1 (thread    3) identical     

002-0086-0 (thread    2) identical     
002-0086-0 (thread    1) identical     

002-0087-0 (thread    2) better     

002-0088-1 (thread    3) identical     
002-0088-1 (thread    3) worse      

002-0089-1 (thread    2) identical     

002-0090-0 (thread    4) identical     

002-0091-0 (thread    1) identical     

002-0092-0 (thread    3) identical     

002-0093-0 (thread    4) identical     
002-0093-0 (thread    4) better     

002-0094-1 (thread    4) identical     
002-0094-1 (thread    4) better     

002-0095-1 (thread    2) identical     

002-0096-0 (thread    4) identical     

002-0097-1 (thread    1) identical     
002-0097-1 (thread    1) better     

002-0098-1 (thread    1) identical     
002-0098-1 (thread    1) better     

002-0099-1 (thread    2) identical     
002-0099-1 (thread    2) better     

002-0100-1 (thread    2) identical     
002-0100-1 (thread    2) better     

002-0101-0 (thread    2) identical     

002-0102-0 (thread    4) identical     
002-0102-0 (thread    4) better     

002-0103-1 (thread    4) identical     
002-0103-1 (thread    4) worse      

002-0104-0 (thread    3) identical     

002-0105-0 (thread    1) identical     

002-0106-1 (thread    2) identical     

003-0000-1 (thread    3) identical     

003-0000-0 (thread    4) identical     

003-0002-1 (thread    2) identical     

003-0003-0 (thread    1) identical     

003-0004-1 (thread    4) identical     

003-0005-1 (thread    1) identical     

003-0006-0 (thread    3) identical     

003-0007-0 (thread    2) identical     

003-0008-1 (thread    1) identical     

003-0009-1 (thread    2) identical     

003-0010-0 (thread    4) identical     

003-0011-0 (thread    3) identical     

003-0012-0 (thread    1) identical     

003-0013-1 (thread    2) identical     

003-0014-0 (thread    4) identical     

003-0015-1 (thread    3) identical     

003-0016-0 (thread    1) identical     

003-0017-1 (thread    2) identical     

003-0018-1 (thread    3) identical     

003-0019-0 (thread    4) identical     

003-0020-1 (thread    2) identical     

003-0020-0 (thread    1) identical     

003-0022-1 (thread    4) identical     

003-0023-0 (thread    3) identical     

003-0024-0 (thread    2) identical     

003-0025-1 (thread    1) identical     

003-0026-0 (thread    4) identical     

003-0027-1 (thread    3) identical     

003-0028-1 (thread    1) identical     

003-0029-0 (thread    2) identical     

003-0030-0 (thread    4) identical     

003-0031-1 (thread    3) identical     

003-0032-0 (thread    1) identical     

003-0033-1 (thread    2) identical     

003-0034-0 (thread    4) identical     

003-0035-1 (thread    3) identical     

003-0036-1 (thread    2) identical     

003-0037-0 (thread    1) identical     

003-0038-1 (thread    3) identical     

003-0039-0 (thread    4) identical     

003-0040-0 (thread    2) identical     

003-0041-1 (thread    1) identical     

003-0042-0 (thread    3) identical     

003-0043-1 (thread    4) identical     

003-0044-1 (thread    1) identical     

003-0045-0 (thread    2) identical     

003-0046-1 (thread    4) identical     

003-0047-0 (thread    3) identical     

003-0048-1 (thread    2) identical     

003-0049-0 (thread    1) identical     

003-0050-0 (thread    4) identical     

003-0051-1 (thread    3) identical     

003-0052-0 (thread    2) identical     

003-0053-1 (thread    1) identical     

003-0054-0 (thread    4) identical     

003-0055-1 (thread    3) identical     

003-0056-0 (thread    2) identical     

003-0057-1 (thread    1) identical     

003-0058-0 (thread    4) identical     

003-0059-1 (thread    3) identical     

003-0060-0 (thread    2) identical     

003-0061-1 (thread    1) identical     

003-0062-0 (thread    4) identical     

003-0063-1 (thread    3) identical     

003-0064-1 (thread    1) identical     

003-0065-0 (thread    2) identical     

003-0066-1 (thread    3) identical     

003-0067-0 (thread    4) identical     

003-0068-0 (thread    1) identical     

003-0069-0 (thread    3) identical     

003-0070-1 (thread    4) identical     

003-0071-1 (thread    2) identical     

003-0072-0 (thread    4) identical     

003-0073-1 (thread    3) identical     

003-0074-0 (thread    1) identical     

003-0075-1 (thread    3) identical     

003-0076-1 (thread    2) identical     

003-0077-0 (thread    4) identical     

003-0078-1 (thread    3) identical     

003-0079-0 (thread    1) identical     

003-0080-0 (thread    2) identical     

003-0081-1 (thread    4) identical     
003-0081-1 (thread    4) better     

003-0082-0 (thread    2) identical     

003-0083-1 (thread    4) identical     

003-0084-1 (thread    1) identical     

003-0085-1 (thread    4) identical     
003-0085-1 (thread    4) better     

003-0086-1 (thread    4) identical     
003-0086-1 (thread    4) worse      

003-0087-0 (thread    1) identical     

003-0088-0 (thread    3) identical     

003-0089-0 (thread    4) identical     

003-0090-1 (thread    1) identical     

003-0091-0 (thread    2) identical     

003-0092-0 (thread    1) identical     

003-0093-0 (thread    3) identical     

003-0094-1 (thread    2) identical     

003-0095-1 (thread    4) identical     

003-0096-1 (thread    3) identical     

003-0097-0 (thread    1) identical     

003-0098-1 (thread    4) identical     
003-0098-1 (thread    4) better     

003-0099-1 (thread    1) identical     

003-0100-0 (thread    3) identical     

003-0101-1 (thread    1) identical     

003-0102-0 (thread    4) identical     

003-0103-0 (thread    2) identical     

003-0104-0 (thread    3) identical     

003-0105-1 (thread    1) identical     

003-0106-1 (thread    4) identical     
003-0106-1 (thread    4) worse      

004-0000-1 (thread    2) identical     

004-0000-0 (thread    3) identical     

004-0002-0 (thread    1) identical     

004-0003-1 (thread    2) identical     

004-0004-1 (thread    1) identical     

004-0005-0 (thread    3) identical     

004-0006-1 (thread    1) identical     

004-0007-0 (thread    2) identical     

004-0008-0 (thread    3) identical     

004-0009-1 (thread    1) identical     

004-0010-0 (thread    4) identical     

004-0011-1 (thread    3) identical     

004-0012-1 (thread    1) identical     

004-0013-0 (thread    2) identical     

004-0014-1 (thread    3) identical     

004-0015-0 (thread    4) identical     

004-0016-0 (thread    1) identical     

004-0017-1 (thread    2) identical     

004-0018-1 (thread    4) identical     

004-0019-0 (thread    3) identical     

004-0020-1 (thread    2) identical     

004-0021-0 (thread    1) identical     

004-0022-1 (thread    3) identical     

004-0023-0 (thread    4) identical     
004-0023-0 (thread    2) identical     


004-0025-1 (thread    1) identical     

004-0026-0 (thread    3) identical     

004-0027-1 (thread    2) identical     

004-0028-1 (thread    1) identical     

004-0029-0 (thread    4) identical     

004-0030-0 (thread    3) identical     

004-0031-1 (thread    2) identical     

004-0032-1 (thread    4) identical     

004-0033-0 (thread    1) identical     

004-0034-0 (thread    3) identical     

004-0035-1 (thread    2) identical     

004-0036-1 (thread    1) identical     

004-0037-0 (thread    4) identical     

004-0038-1 (thread    2) identical     

004-0039-0 (thread    3) identical     

004-0040-0 (thread    1) identical     

004-0041-1 (thread    4) identical     

004-0042-0 (thread    2) identical     

004-0043-1 (thread    3) identical     

004-0044-1 (thread    4) identical     

004-0045-0 (thread    1) identical     

004-0046-1 (thread    3) identical     

004-0047-0 (thread    2) identical     

004-0048-1 (thread    1) identical     

004-0049-0 (thread    4) identical     

004-0050-0 (thread    3) identical     

004-0051-1 (thread    2) identical     

004-0052-0 (thread    1) identical     

004-0053-1 (thread    4) identical     

004-0054-0 (thread    3) identical     

004-0055-1 (thread    2) identical     

004-0056-0 (thread    1) identical     

004-0057-1 (thread    4) identical     

004-0058-0 (thread    3) identical     

004-0058-1 (thread    2) identical     

004-0060-0 (thread    1) identical     

004-0061-1 (thread    4) identical     

004-0062-1 (thread    2) identical     

004-0063-0 (thread    3) identical     

004-0064-1 (thread    4) identical     

004-0065-0 (thread    1) identical     

004-0066-1 (thread    3) identical     

004-0067-0 (thread    2) identical     

004-0068-0 (thread    4) identical     

004-0069-0 (thread    3) identical     

004-0070-1 (thread    2) identical     

004-0071-1 (thread    1) identical     

004-0072-0 (thread    2) identical     

004-0072-1 (thread    3) identical     
004-0073-1 (thread    3) better     

004-0074-1 (thread    3) identical     

004-0075-0 (thread    4) identical     

004-0076-1 (thread    1) identical     

004-0077-1 (thread    4) identical     

004-0078-0 (thread    3) identical     

004-0079-0 (thread    2) identical     

004-0080-0 (thread    1) identical     

004-0081-1 (thread    4) identical     

004-0082-1 (thread    2) identical     

004-0083-0 (thread    1) identical     

004-0084-1 (thread    4) identical     

004-0085-0 (thread    3) identical     

004-0086-1 (thread    3) identical     
004-0086-1 (thread    1) identical     

004-0087-1 (thread    3) worse      

004-0088-0 (thread    4) identical     

004-0089-1 (thread    3) identical     

004-0090-0 (thread    2) identical     

004-0091-0 (thread    1) identical     

004-0092-0 (thread    2) identical     

004-0093-0 (thread    4) identical     

004-0094-1 (thread    3) identical     

004-0095-1 (thread    4) identical     

004-0096-1 (thread    1) identical     

004-0097-0 (thread    2) identical     

004-0098-1 (thread    4) identical     

004-0099-0 (thread    1) identical     

004-0100-1 (thread    2) identical     

004-0101-0 (thread    3) identical     

004-0102-1 (thread    1) identical     

004-0103-0 (thread    2) identical     

004-0104-0 (thread    4) identical     

004-0105-1 (thread    3) identical     

004-0106-1 (thread    1) identical     
004-0106-1 (thread    1) worse      

005-0000-0 (thread    4) identical     

005-0001-1 (thread    2) identical     

005-0002-1 (thread    1) identical     

005-0003-0 (thread    3) identical     

005-0004-1 (thread    2) identical     

005-0005-1 (thread    3) identical     

005-0006-0 (thread    4) identical     

005-0007-0 (thread    1) identical     

005-0008-1 (thread    3) identical     

005-0009-1 (thread    1) identical     

005-0010-0 (thread    2) identical     

005-0011-0 (thread    4) identical     

005-0012-0 (thread    3) identical     

005-0013-1 (thread    1) identical     

005-0014-0 (thread    2) identical     

005-0015-1 (thread    4) identical     

005-0016-0 (thread    3) identical     

005-0017-1 (thread    1) identical     

005-0018-1 (thread    4) identical     

005-0019-0 (thread    2) identical     

005-0020-0 (thread    3) identical     

005-0021-1 (thread    1) identical     

005-0022-1 (thread    2) identical     

005-0023-0 (thread    4) identical     

005-0024-0 (thread    3) identical     

005-0025-1 (thread    1) identical     

005-0026-0 (thread    2) identical     

005-0027-1 (thread    4) identical     

005-0028-1 (thread    1) identical     

005-0029-0 (thread    3) identical     

005-0030-0 (thread    2) identical     

005-0031-1 (thread    4) identical     

005-0032-0 (thread    1) identical     

005-0033-1 (thread    3) identical     

005-0034-0 (thread    2) identical     

005-0035-1 (thread    4) identical     

005-0036-1 (thread    3) identical     

005-0037-0 (thread    1) identical     

005-0038-1 (thread    4) identical     

005-0039-0 (thread    2) identical     

005-0040-0 (thread    3) identical     

005-0041-1 (thread    1) identical     

005-0042-0 (thread    4) identical     

005-0043-1 (thread    2) identical     

005-0044-1 (thread    1) identical     

005-0045-0 (thread    3) identical     

005-0046-1 (thread    2) identical     

005-0047-0 (thread    4) identical     

005-0048-1 (thread    3) identical     

005-0049-0 (thread    1) identical     

005-0050-0 (thread    2) identical     

005-0051-1 (thread    4) identical     

005-0052-0 (thread    3) identical     

005-0053-1 (thread    1) identical     

005-0054-0 (thread    2) identical     

005-0055-1 (thread    4) identical     

005-0056-0 (thread    3) identical     

005-0057-1 (thread    1) identical     

005-0058-0 (thread    2) identical     

005-0059-1 (thread    4) identical     

005-0060-0 (thread    3) identical     

005-0061-1 (thread    1) identical     

005-0062-0 (thread    2) identical     

005-0063-1 (thread    4) identical     

005-0064-1 (thread    1) identical     

005-0065-0 (thread    3) identical     

005-0066-1 (thread    4) identical     

005-0067-0 (thread    2) identical     

005-0068-0 (thread    1) identical     

005-0069-0 (thread    4) identical     

005-0070-1 (thread    2) identical     

005-0071-1 (thread    3) identical     

005-0072-0 (thread    2) identical     

005-0073-1 (thread    4) identical     

005-0074-0 (thread    1) identical     

005-0075-1 (thread    4) identical     

005-0076-1 (thread    3) identical     

005-0077-0 (thread    2) identical     

005-0078-1 (thread    4) identical     

005-0079-0 (thread    1) identical     

005-0080-0 (thread    3) identical     

005-0081-1 (thread    2) identical     

005-0082-0 (thread    3) identical     

005-0083-1 (thread    1) identical     

005-0084-1 (thread    2) identical     

005-0085-0 (thread    4) identical     

005-0086-1 (thread    1) identical     

005-0087-1 (thread    4) identical     
005-0087-1 (thread    4) worse      

005-0088-0 (thread    2) identical     

005-0089-0 (thread    3) identical     

005-0090-1 (thread    4) identical     

005-0091-0 (thread    1) identical     

005-0092-0 (thread    4) identical     

005-0093-0 (thread    2) identical     

005-0094-1 (thread    3) identical     

005-0095-1 (thread    1) identical     

005-0096-1 (thread    2) identical     

005-0097-0 (thread    4) identical     

005-0098-1 (thread    1) identical     

005-0099-0 (thread    2) identical     

005-0100-1 (thread    4) identical     

005-0101-0 (thread    3) identical     

005-0102-1 (thread    2) identical     

005-0103-0 (thread    4) identical     

005-0104-0 (thread    1) identical     

005-0105-1 (thread    3) identical     

005-0106-1 (thread    2) identical     
005-0106-1 (thread    2) worse      

Converged.

Converged2.
done
dvtditr (aa) Version 7.505
alg=A, model=BLOSUM62, 1.53, -0.00, -0.00, noshift, amax=0.0
4 thread(s)


Strategy:
 L-INS-i (Probably most accurate, very slow)
 Iterative refinement method (<16) with LOCAL pairwise alignment information

If unsure which option to use, try 'mafft --auto input > output'.
For more information, see 'mafft --help', 'mafft --man' and the mafft page.

The default gap scoring scheme has been changed in version 7.110 (2013 Oct).
It tends to insert more gaps into gap-rich regions than previous versions.
To disable this change, add the --leavegappyregion option.

