inputfile = orig
4 x 382 - 108 p
outputhat23=16
treein = 0
compacttree = 0
stacksize: -1 kb
rescale = 1
All-to-all alignment.
    0 / 4 (by thread   0) 
tbfast-pair (aa) Version 7.505
alg=L, model=BLOSUM62, 2.00, -0.10, +0.10, noshift, amax=0.0
4 thread(s)

outputhat23=16
Loading 'hat3.seed' ... 
done.
Writing hat3 for iterative refinement
rescale = 1
Gap Penalty = -1.53, +0.00, +0.00
tbutree = 1, compacttree = 0
Constructing a UPGMA tree ... 

    0 / 4
done.

Progressive alignment ... 

STEP     1 /3 (thread    0) 
STEP     2 /3 (thread    1) 
STEP     3 /3 (thread    2) 
done.
tbfast (aa) Version 7.505
alg=A, model=BLOSUM62, 1.53, -0.00, -0.00, noshift, amax=0.0
4 thread(s)

minimumweight = 0.000010
autosubalignment = 0.000000
nthread = 4
randomseed = 0
blosum 62 / kimura 200
poffset = 0
niter = 16
sueff_global = 0.100000
nadd = 16
Loading 'hat3' ... done.
rescale = 1


    0 / 4
Segment   1/  1    1- 386
001-0000-1 (thread    4) identical     

001-0001-1 (thread    4) identical     

001-0002-0 (thread    1) identical     

001-0003-0 (thread    3) identical     

001-0004-1 (thread    2) identical     

Converged.
done
dvtditr (aa) Version 7.505
alg=A, model=BLOSUM62, 1.53, -0.00, -0.00, noshift, amax=0.0
4 thread(s)


Strategy:
 L-INS-i (Probably most accurate, very slow)
 Iterative refinement method (<16) with LOCAL pairwise alignment information

If unsure which option to use, try 'mafft --auto input > output'.
For more information, see 'mafft --help', 'mafft --man' and the mafft page.

The default gap scoring scheme has been changed in version 7.110 (2013 Oct).
It tends to insert more gaps into gap-rich regions than previous versions.
To disable this change, add the --leavegappyregion option.

