inputfile = orig
16 x 379 - 186 p
outputhat23=16
treein = 0
compacttree = 0
stacksize: -1 kb
rescale = 1
All-to-all alignment.
    0 / 16 (by thread   0) 
   10 / 16 (by thread   2) 
tbfast-pair (aa) Version 7.505
alg=L, model=BLOSUM62, 2.00, -0.10, +0.10, noshift, amax=0.0
4 thread(s)

outputhat23=16
Loading 'hat3.seed' ... 
done.
Writing hat3 for iterative refinement
rescale = 1
Gap Penalty = -1.53, +0.00, +0.00
tbutree = 1, compacttree = 0
Constructing a UPGMA tree ... 

    0 / 16
   10 / 16
done.

Progressive alignment ... 

STEP     1 /15 (thread    0) 
STEP     2 /15 (thread    2) 
STEP     3 /15 (thread    3) 
STEP     5 /15 (thread    2) 
STEP     6 /15 (thread    2) 
STEP     8 /15 (thread    3) 
STEP     9 /15 (thread    0) 
STEP    10 /15 (thread    3) 
STEP    11 /15 (thread    0) 
STEP    12 /15 (thread    0) 
STEP     4 /15 (thread    1) 
STEP     7 /15 (thread    2) 
STEP    13 /15 (thread    3) 
STEP    14 /15 (thread    0) 
Reallocating (by thread 1) ..done. *alloclen = 1798

STEP    15 /15 (thread    1) 
done.
tbfast (aa) Version 7.505
alg=A, model=BLOSUM62, 1.53, -0.00, -0.00, noshift, amax=0.0
4 thread(s)

minimumweight = 0.000010
autosubalignment = 0.000000
nthread = 4
randomseed = 0
blosum 62 / kimura 200
poffset = 0
niter = 16
sueff_global = 0.100000
nadd = 16
Loading 'hat3' ... done.
rescale = 1


    0 / 16
   10 / 16
Segment   1/  1    1- 587
001-0000-0 (thread    4) identical     

001-0001-1 (thread    4) identical     

001-0002-0 (thread    4) identical     

001-0003-1 (thread    4) identical     

001-0004-0 (thread    4) identical     

001-0005-1 (thread    4) identical     

001-0006-1 (thread    4) identical     

001-0007-0 (thread    4) identical     

001-0008-1 (thread    4) identical     

001-0009-1 (thread    3) identical     

001-0010-0 (thread    2) identical     

001-0011-0 (thread    1) identical     

001-0012-0 (thread    4) identical     
001-0012-0 (thread    4) better     

001-0013-0 (thread    4) identical     

001-0014-1 (thread    3) identical     

001-0015-0 (thread    2) identical     

001-0016-1 (thread    1) identical     

001-0017-1 (thread    4) identical     

001-0018-0 (thread    3) identical     

001-0019-1 (thread    4) identical     
001-0019-1 (thread    4) worse      

001-0020-1 (thread    2) identical     

001-0021-0 (thread    1) identical     
001-0021-0 (thread    1) worse      

001-0022-0 (thread    3) identical     
001-0022-0 (thread    3) worse      

001-0023-1 (thread    4) identical     
001-0023-1 (thread    4) better     

001-0024-1 (thread    4) identical     
001-0024-1 (thread    4) worse      

001-0025-1 (thread    1) identical     
001-0025-1 (thread    1) worse      

001-0026-0 (thread    3) identical     
001-0026-0 (thread    3) worse      

001-0027-0 (thread    2) identical     
001-0027-0 (thread    2) better     

001-0028-1 (thread    4) identical     
001-0028-1 (thread    4) better     

002-0000-1 (thread    4) identical     

002-0001-0 (thread    1) identical     

002-0002-1 (thread    2) identical     

002-0003-0 (thread    3) identical     

002-0004-0 (thread    4) identical     

002-0005-1 (thread    1) identical     

002-0006-1 (thread    3) identical     

002-0007-0 (thread    2) identical     

002-0008-0 (thread    3) identical     

002-0009-1 (thread    2) identical     

002-0010-0 (thread    4) identical     

002-0011-1 (thread    1) identical     

002-0012-0 (thread    3) identical     

002-0013-1 (thread    2) identical     
002-0013-1 (thread    2) better     

002-0014-1 (thread    2) identical     
002-0014-1 (thread    2) better     

002-0015-0 (thread    3) identical     
002-0015-0 (thread    3) better     

002-0016-0 (thread    2) identical     

002-0017-1 (thread    3) identical     

002-0018-1 (thread    1) identical     

002-0019-0 (thread    4) identical     

002-0020-1 (thread    3) identical     
002-0020-1 (thread    3) better     

002-0021-0 (thread    1) identical     
002-0021-0 (thread    1) better     

002-0022-0 (thread    2) identical     
002-0022-0 (thread    2) worse      

002-0023-1 (thread    4) identical     
002-0023-1 (thread    4) worse      

002-0024-1 (thread    1) identical     
002-0024-1 (thread    1) worse      

002-0025-0 (thread    3) identical     
002-0025-0 (thread    3) worse      

002-0026-1 (thread    4) identical     
002-0026-1 (thread    4) worse      

002-0027-1 (thread    1) identical     
002-0027-1 (thread    1) worse      

002-0028-0 (thread    2) identical     
002-0028-0 (thread    2) better     

003-0000-1 (thread    4) identical     

003-0000-0 (thread    3) identical     

003-0002-0 (thread    1) identical     

003-0002-1 (thread    2) identical     

003-0004-1 (thread    3) identical     
003-0004-0 (thread    4) identical     


003-0006-1 (thread    2) identical     

003-0007-0 (thread    1) identical     

003-0008-0 (thread    2) identical     

003-0009-1 (thread    1) identical     

003-0010-1 (thread    3) identical     

003-0011-0 (thread    4) identical     

003-0012-0 (thread    2) identical     

003-0013-1 (thread    1) identical     

003-0014-0 (thread    3) identical     

003-0015-1 (thread    4) identical     

003-0016-0 (thread    2) identical     

003-0017-1 (thread    1) identical     

003-0018-0 (thread    3) identical     

003-0019-1 (thread    1) identical     

003-0020-1 (thread    4) identical     

003-0021-0 (thread    2) identical     
003-0021-0 (thread    2) worse      

003-0022-0 (thread    3) identical     
003-0022-0 (thread    3) worse      

003-0023-1 (thread    1) identical     
003-0023-1 (thread    1) worse      

003-0024-1 (thread    2) identical     
003-0024-1 (thread    2) worse      

003-0025-0 (thread    4) identical     
003-0025-0 (thread    4) worse      

003-0026-1 (thread    1) identical     
003-0026-1 (thread    1) worse      

003-0027-0 (thread    3) identical     

003-0028-1 (thread    2) identical     
003-0028-1 (thread    2) worse      

Converged.
done
dvtditr (aa) Version 7.505
alg=A, model=BLOSUM62, 1.53, -0.00, -0.00, noshift, amax=0.0
4 thread(s)


Strategy:
 L-INS-i (Probably most accurate, very slow)
 Iterative refinement method (<16) with LOCAL pairwise alignment information

If unsure which option to use, try 'mafft --auto input > output'.
For more information, see 'mafft --help', 'mafft --man' and the mafft page.

The default gap scoring scheme has been changed in version 7.110 (2013 Oct).
It tends to insert more gaps into gap-rich regions than previous versions.
To disable this change, add the --leavegappyregion option.

