[INFO] hmmsearch: ECOFLEX.hmm vs proteins_converted.fasta
[CMD] hmmsearch --cpu 4 --tblout /gpfs/work/bio/yueqingxing22/igem/HMM/annotation_results/plastic_families/ECOFLEX.tblout.tsv --domtblout /gpfs/work/bio/yueqingxing22/igem/HMM/annotation_results/plastic_families/ECOFLEX.domtblout.tsv /gpfs/work/bio/yueqingxing22/igem/HMM/hmm_profiles/plastic_families/hmm/ECOFLEX.hmm /gpfs/work/bio/yueqingxing22/igem/HMM/data/unknown_sequences/proteins_converted.fasta > /gpfs/work/bio/yueqingxing22/igem/HMM/annotation_results/plastic_families/ECOFLEX.alignment.txt
[INFO] hmmsearch: ECOVIO-FT.hmm vs proteins_converted.fasta
[CMD] hmmsearch --cpu 4 --tblout /gpfs/work/bio/yueqingxing22/igem/HMM/annotation_results/plastic_families/ECOVIO-FT.tblout.tsv --domtblout /gpfs/work/bio/yueqingxing22/igem/HMM/annotation_results/plastic_families/ECOVIO-FT.domtblout.tsv /gpfs/work/bio/yueqingxing22/igem/HMM/hmm_profiles/plastic_families/hmm/ECOVIO-FT.hmm /gpfs/work/bio/yueqingxing22/igem/HMM/data/unknown_sequences/proteins_converted.fasta > /gpfs/work/bio/yueqingxing22/igem/HMM/annotation_results/plastic_families/ECOVIO-FT.alignment.txt
[INFO] hmmsearch: Impranil.hmm vs proteins_converted.fasta
[CMD] hmmsearch --cpu 4 --tblout /gpfs/work/bio/yueqingxing22/igem/HMM/annotation_results/plastic_families/Impranil.tblout.tsv --domtblout /gpfs/work/bio/yueqingxing22/igem/HMM/annotation_results/plastic_families/Impranil.domtblout.tsv /gpfs/work/bio/yueqingxing22/igem/HMM/hmm_profiles/plastic_families/hmm/Impranil.hmm /gpfs/work/bio/yueqingxing22/igem/HMM/data/unknown_sequences/proteins_converted.fasta > /gpfs/work/bio/yueqingxing22/igem/HMM/annotation_results/plastic_families/Impranil.alignment.txt
[INFO] hmmsearch: NR.hmm vs proteins_converted.fasta
[CMD] hmmsearch --cpu 4 --tblout /gpfs/work/bio/yueqingxing22/igem/HMM/annotation_results/plastic_families/NR.tblout.tsv --domtblout /gpfs/work/bio/yueqingxing22/igem/HMM/annotation_results/plastic_families/NR.domtblout.tsv /gpfs/work/bio/yueqingxing22/igem/HMM/hmm_profiles/plastic_families/hmm/NR.hmm /gpfs/work/bio/yueqingxing22/igem/HMM/data/unknown_sequences/proteins_converted.fasta > /gpfs/work/bio/yueqingxing22/igem/HMM/annotation_results/plastic_families/NR.alignment.txt
[INFO] hmmsearch: O-PVA.hmm vs proteins_converted.fasta
[CMD] hmmsearch --cpu 4 --tblout /gpfs/work/bio/yueqingxing22/igem/HMM/annotation_results/plastic_families/O-PVA.tblout.tsv --domtblout /gpfs/work/bio/yueqingxing22/igem/HMM/annotation_results/plastic_families/O-PVA.domtblout.tsv /gpfs/work/bio/yueqingxing22/igem/HMM/hmm_profiles/plastic_families/hmm/O-PVA.hmm /gpfs/work/bio/yueqingxing22/igem/HMM/data/unknown_sequences/proteins_converted.fasta > /gpfs/work/bio/yueqingxing22/igem/HMM/annotation_results/plastic_families/O-PVA.alignment.txt
[INFO] hmmsearch: P3HP.hmm vs proteins_converted.fasta
[CMD] hmmsearch --cpu 4 --tblout /gpfs/work/bio/yueqingxing22/igem/HMM/annotation_results/plastic_families/P3HP.tblout.tsv --domtblout /gpfs/work/bio/yueqingxing22/igem/HMM/annotation_results/plastic_families/P3HP.domtblout.tsv /gpfs/work/bio/yueqingxing22/igem/HMM/hmm_profiles/plastic_families/hmm/P3HP.hmm /gpfs/work/bio/yueqingxing22/igem/HMM/data/unknown_sequences/proteins_converted.fasta > /gpfs/work/bio/yueqingxing22/igem/HMM/annotation_results/plastic_families/P3HP.alignment.txt
[INFO] hmmsearch: P3HV.hmm vs proteins_converted.fasta
[CMD] hmmsearch --cpu 4 --tblout /gpfs/work/bio/yueqingxing22/igem/HMM/annotation_results/plastic_families/P3HV.tblout.tsv --domtblout /gpfs/work/bio/yueqingxing22/igem/HMM/annotation_results/plastic_families/P3HV.domtblout.tsv /gpfs/work/bio/yueqingxing22/igem/HMM/hmm_profiles/plastic_families/hmm/P3HV.hmm /gpfs/work/bio/yueqingxing22/igem/HMM/data/unknown_sequences/proteins_converted.fasta > /gpfs/work/bio/yueqingxing22/igem/HMM/annotation_results/plastic_families/P3HV.alignment.txt
[INFO] hmmsearch: P4HB.hmm vs proteins_converted.fasta
[CMD] hmmsearch --cpu 4 --tblout /gpfs/work/bio/yueqingxing22/igem/HMM/annotation_results/plastic_families/P4HB.tblout.tsv --domtblout /gpfs/work/bio/yueqingxing22/igem/HMM/annotation_results/plastic_families/P4HB.domtblout.tsv /gpfs/work/bio/yueqingxing22/igem/HMM/hmm_profiles/plastic_families/hmm/P4HB.hmm /gpfs/work/bio/yueqingxing22/igem/HMM/data/unknown_sequences/proteins_converted.fasta > /gpfs/work/bio/yueqingxing22/igem/HMM/annotation_results/plastic_families/P4HB.alignment.txt
[INFO] hmmsearch: PA.hmm vs proteins_converted.fasta
[CMD] hmmsearch --cpu 4 --tblout /gpfs/work/bio/yueqingxing22/igem/HMM/annotation_results/plastic_families/PA.tblout.tsv --domtblout /gpfs/work/bio/yueqingxing22/igem/HMM/annotation_results/plastic_families/PA.domtblout.tsv /gpfs/work/bio/yueqingxing22/igem/HMM/hmm_profiles/plastic_families/hmm/PA.hmm /gpfs/work/bio/yueqingxing22/igem/HMM/data/unknown_sequences/proteins_converted.fasta > /gpfs/work/bio/yueqingxing22/igem/HMM/annotation_results/plastic_families/PA.alignment.txt
[INFO] hmmsearch: PBAT.hmm vs proteins_converted.fasta
[CMD] hmmsearch --cpu 4 --tblout /gpfs/work/bio/yueqingxing22/igem/HMM/annotation_results/plastic_families/PBAT.tblout.tsv --domtblout /gpfs/work/bio/yueqingxing22/igem/HMM/annotation_results/plastic_families/PBAT.domtblout.tsv /gpfs/work/bio/yueqingxing22/igem/HMM/hmm_profiles/plastic_families/hmm/PBAT.hmm /gpfs/work/bio/yueqingxing22/igem/HMM/data/unknown_sequences/proteins_converted.fasta > /gpfs/work/bio/yueqingxing22/igem/HMM/annotation_results/plastic_families/PBAT.alignment.txt
[INFO] hmmsearch: PBS.hmm vs proteins_converted.fasta
[CMD] hmmsearch --cpu 4 --tblout /gpfs/work/bio/yueqingxing22/igem/HMM/annotation_results/plastic_families/PBS.tblout.tsv --domtblout /gpfs/work/bio/yueqingxing22/igem/HMM/annotation_results/plastic_families/PBS.domtblout.tsv /gpfs/work/bio/yueqingxing22/igem/HMM/hmm_profiles/plastic_families/hmm/PBS.hmm /gpfs/work/bio/yueqingxing22/igem/HMM/data/unknown_sequences/proteins_converted.fasta > /gpfs/work/bio/yueqingxing22/igem/HMM/annotation_results/plastic_families/PBS.alignment.txt
[INFO] hmmsearch: PBSA.hmm vs proteins_converted.fasta
[CMD] hmmsearch --cpu 4 --tblout /gpfs/work/bio/yueqingxing22/igem/HMM/annotation_results/plastic_families/PBSA.tblout.tsv --domtblout /gpfs/work/bio/yueqingxing22/igem/HMM/annotation_results/plastic_families/PBSA.domtblout.tsv /gpfs/work/bio/yueqingxing22/igem/HMM/hmm_profiles/plastic_families/hmm/PBSA.hmm /gpfs/work/bio/yueqingxing22/igem/HMM/data/unknown_sequences/proteins_converted.fasta > /gpfs/work/bio/yueqingxing22/igem/HMM/annotation_results/plastic_families/PBSA.alignment.txt
[INFO] hmmsearch: PBSeT.hmm vs proteins_converted.fasta
[CMD] hmmsearch --cpu 4 --tblout /gpfs/work/bio/yueqingxing22/igem/HMM/annotation_results/plastic_families/PBSeT.tblout.tsv --domtblout /gpfs/work/bio/yueqingxing22/igem/HMM/annotation_results/plastic_families/PBSeT.domtblout.tsv /gpfs/work/bio/yueqingxing22/igem/HMM/hmm_profiles/plastic_families/hmm/PBSeT.hmm /gpfs/work/bio/yueqingxing22/igem/HMM/data/unknown_sequences/proteins_converted.fasta > /gpfs/work/bio/yueqingxing22/igem/HMM/annotation_results/plastic_families/PBSeT.alignment.txt
[INFO] hmmsearch: PCL.hmm vs proteins_converted.fasta
[CMD] hmmsearch --cpu 4 --tblout /gpfs/work/bio/yueqingxing22/igem/HMM/annotation_results/plastic_families/PCL.tblout.tsv --domtblout /gpfs/work/bio/yueqingxing22/igem/HMM/annotation_results/plastic_families/PCL.domtblout.tsv /gpfs/work/bio/yueqingxing22/igem/HMM/hmm_profiles/plastic_families/hmm/PCL.hmm /gpfs/work/bio/yueqingxing22/igem/HMM/data/unknown_sequences/proteins_converted.fasta > /gpfs/work/bio/yueqingxing22/igem/HMM/annotation_results/plastic_families/PCL.alignment.txt
[INFO] hmmsearch: PE.hmm vs proteins_converted.fasta
[CMD] hmmsearch --cpu 4 --tblout /gpfs/work/bio/yueqingxing22/igem/HMM/annotation_results/plastic_families/PE.tblout.tsv --domtblout /gpfs/work/bio/yueqingxing22/igem/HMM/annotation_results/plastic_families/PE.domtblout.tsv /gpfs/work/bio/yueqingxing22/igem/HMM/hmm_profiles/plastic_families/hmm/PE.hmm /gpfs/work/bio/yueqingxing22/igem/HMM/data/unknown_sequences/proteins_converted.fasta > /gpfs/work/bio/yueqingxing22/igem/HMM/annotation_results/plastic_families/PE.alignment.txt
[INFO] hmmsearch: PEA.hmm vs proteins_converted.fasta
[CMD] hmmsearch --cpu 4 --tblout /gpfs/work/bio/yueqingxing22/igem/HMM/annotation_results/plastic_families/PEA.tblout.tsv --domtblout /gpfs/work/bio/yueqingxing22/igem/HMM/annotation_results/plastic_families/PEA.domtblout.tsv /gpfs/work/bio/yueqingxing22/igem/HMM/hmm_profiles/plastic_families/hmm/PEA.hmm /gpfs/work/bio/yueqingxing22/igem/HMM/data/unknown_sequences/proteins_converted.fasta > /gpfs/work/bio/yueqingxing22/igem/HMM/annotation_results/plastic_families/PEA.alignment.txt
[INFO] hmmsearch: PEF.hmm vs proteins_converted.fasta
[CMD] hmmsearch --cpu 4 --tblout /gpfs/work/bio/yueqingxing22/igem/HMM/annotation_results/plastic_families/PEF.tblout.tsv --domtblout /gpfs/work/bio/yueqingxing22/igem/HMM/annotation_results/plastic_families/PEF.domtblout.tsv /gpfs/work/bio/yueqingxing22/igem/HMM/hmm_profiles/plastic_families/hmm/PEF.hmm /gpfs/work/bio/yueqingxing22/igem/HMM/data/unknown_sequences/proteins_converted.fasta > /gpfs/work/bio/yueqingxing22/igem/HMM/annotation_results/plastic_families/PEF.alignment.txt
[INFO] hmmsearch: PEG.hmm vs proteins_converted.fasta
[CMD] hmmsearch --cpu 4 --tblout /gpfs/work/bio/yueqingxing22/igem/HMM/annotation_results/plastic_families/PEG.tblout.tsv --domtblout /gpfs/work/bio/yueqingxing22/igem/HMM/annotation_results/plastic_families/PEG.domtblout.tsv /gpfs/work/bio/yueqingxing22/igem/HMM/hmm_profiles/plastic_families/hmm/PEG.hmm /gpfs/work/bio/yueqingxing22/igem/HMM/data/unknown_sequences/proteins_converted.fasta > /gpfs/work/bio/yueqingxing22/igem/HMM/annotation_results/plastic_families/PEG.alignment.txt
[INFO] hmmsearch: PES.hmm vs proteins_converted.fasta
[CMD] hmmsearch --cpu 4 --tblout /gpfs/work/bio/yueqingxing22/igem/HMM/annotation_results/plastic_families/PES.tblout.tsv --domtblout /gpfs/work/bio/yueqingxing22/igem/HMM/annotation_results/plastic_families/PES.domtblout.tsv /gpfs/work/bio/yueqingxing22/igem/HMM/hmm_profiles/plastic_families/hmm/PES.hmm /gpfs/work/bio/yueqingxing22/igem/HMM/data/unknown_sequences/proteins_converted.fasta > /gpfs/work/bio/yueqingxing22/igem/HMM/annotation_results/plastic_families/PES.alignment.txt
[INFO] hmmsearch: PET.hmm vs proteins_converted.fasta
[CMD] hmmsearch --cpu 4 --tblout /gpfs/work/bio/yueqingxing22/igem/HMM/annotation_results/plastic_families/PET.tblout.tsv --domtblout /gpfs/work/bio/yueqingxing22/igem/HMM/annotation_results/plastic_families/PET.domtblout.tsv /gpfs/work/bio/yueqingxing22/igem/HMM/hmm_profiles/plastic_families/hmm/PET.hmm /gpfs/work/bio/yueqingxing22/igem/HMM/data/unknown_sequences/proteins_converted.fasta > /gpfs/work/bio/yueqingxing22/igem/HMM/annotation_results/plastic_families/PET.alignment.txt
[INFO] hmmsearch: PHB.hmm vs proteins_converted.fasta
[CMD] hmmsearch --cpu 4 --tblout /gpfs/work/bio/yueqingxing22/igem/HMM/annotation_results/plastic_families/PHB.tblout.tsv --domtblout /gpfs/work/bio/yueqingxing22/igem/HMM/annotation_results/plastic_families/PHB.domtblout.tsv /gpfs/work/bio/yueqingxing22/igem/HMM/hmm_profiles/plastic_families/hmm/PHB.hmm /gpfs/work/bio/yueqingxing22/igem/HMM/data/unknown_sequences/proteins_converted.fasta > /gpfs/work/bio/yueqingxing22/igem/HMM/annotation_results/plastic_families/PHB.alignment.txt
[INFO] hmmsearch: PHBH.hmm vs proteins_converted.fasta
[CMD] hmmsearch --cpu 4 --tblout /gpfs/work/bio/yueqingxing22/igem/HMM/annotation_results/plastic_families/PHBH.tblout.tsv --domtblout /gpfs/work/bio/yueqingxing22/igem/HMM/annotation_results/plastic_families/PHBH.domtblout.tsv /gpfs/work/bio/yueqingxing22/igem/HMM/hmm_profiles/plastic_families/hmm/PHBH.hmm /gpfs/work/bio/yueqingxing22/igem/HMM/data/unknown_sequences/proteins_converted.fasta > /gpfs/work/bio/yueqingxing22/igem/HMM/annotation_results/plastic_families/PHBH.alignment.txt
[INFO] hmmsearch: PHBV.hmm vs proteins_converted.fasta
[CMD] hmmsearch --cpu 4 --tblout /gpfs/work/bio/yueqingxing22/igem/HMM/annotation_results/plastic_families/PHBV.tblout.tsv --domtblout /gpfs/work/bio/yueqingxing22/igem/HMM/annotation_results/plastic_families/PHBV.domtblout.tsv /gpfs/work/bio/yueqingxing22/igem/HMM/hmm_profiles/plastic_families/hmm/PHBV.hmm /gpfs/work/bio/yueqingxing22/igem/HMM/data/unknown_sequences/proteins_converted.fasta > /gpfs/work/bio/yueqingxing22/igem/HMM/annotation_results/plastic_families/PHBV.alignment.txt
[INFO] hmmsearch: PHBVH.hmm vs proteins_converted.fasta
[CMD] hmmsearch --cpu 4 --tblout /gpfs/work/bio/yueqingxing22/igem/HMM/annotation_results/plastic_families/PHBVH.tblout.tsv --domtblout /gpfs/work/bio/yueqingxing22/igem/HMM/annotation_results/plastic_families/PHBVH.domtblout.tsv /gpfs/work/bio/yueqingxing22/igem/HMM/hmm_profiles/plastic_families/hmm/PHBVH.hmm /gpfs/work/bio/yueqingxing22/igem/HMM/data/unknown_sequences/proteins_converted.fasta > /gpfs/work/bio/yueqingxing22/igem/HMM/annotation_results/plastic_families/PHBVH.alignment.txt
[INFO] hmmsearch: PHO.hmm vs proteins_converted.fasta
[CMD] hmmsearch --cpu 4 --tblout /gpfs/work/bio/yueqingxing22/igem/HMM/annotation_results/plastic_families/PHO.tblout.tsv --domtblout /gpfs/work/bio/yueqingxing22/igem/HMM/annotation_results/plastic_families/PHO.domtblout.tsv /gpfs/work/bio/yueqingxing22/igem/HMM/hmm_profiles/plastic_families/hmm/PHO.hmm /gpfs/work/bio/yueqingxing22/igem/HMM/data/unknown_sequences/proteins_converted.fasta > /gpfs/work/bio/yueqingxing22/igem/HMM/annotation_results/plastic_families/PHO.alignment.txt
[INFO] hmmsearch: PHPV.hmm vs proteins_converted.fasta
[CMD] hmmsearch --cpu 4 --tblout /gpfs/work/bio/yueqingxing22/igem/HMM/annotation_results/plastic_families/PHPV.tblout.tsv --domtblout /gpfs/work/bio/yueqingxing22/igem/HMM/annotation_results/plastic_families/PHPV.domtblout.tsv /gpfs/work/bio/yueqingxing22/igem/HMM/hmm_profiles/plastic_families/hmm/PHPV.hmm /gpfs/work/bio/yueqingxing22/igem/HMM/data/unknown_sequences/proteins_converted.fasta > /gpfs/work/bio/yueqingxing22/igem/HMM/annotation_results/plastic_families/PHPV.alignment.txt
[INFO] hmmsearch: PHV.hmm vs proteins_converted.fasta
[CMD] hmmsearch --cpu 4 --tblout /gpfs/work/bio/yueqingxing22/igem/HMM/annotation_results/plastic_families/PHV.tblout.tsv --domtblout /gpfs/work/bio/yueqingxing22/igem/HMM/annotation_results/plastic_families/PHV.domtblout.tsv /gpfs/work/bio/yueqingxing22/igem/HMM/hmm_profiles/plastic_families/hmm/PHV.hmm /gpfs/work/bio/yueqingxing22/igem/HMM/data/unknown_sequences/proteins_converted.fasta > /gpfs/work/bio/yueqingxing22/igem/HMM/annotation_results/plastic_families/PHV.alignment.txt
[INFO] hmmsearch: PLA.hmm vs proteins_converted.fasta
[CMD] hmmsearch --cpu 4 --tblout /gpfs/work/bio/yueqingxing22/igem/HMM/annotation_results/plastic_families/PLA.tblout.tsv --domtblout /gpfs/work/bio/yueqingxing22/igem/HMM/annotation_results/plastic_families/PLA.domtblout.tsv /gpfs/work/bio/yueqingxing22/igem/HMM/hmm_profiles/plastic_families/hmm/PLA.hmm /gpfs/work/bio/yueqingxing22/igem/HMM/data/unknown_sequences/proteins_converted.fasta > /gpfs/work/bio/yueqingxing22/igem/HMM/annotation_results/plastic_families/PLA.alignment.txt
[INFO] hmmsearch: PMCL.hmm vs proteins_converted.fasta
[CMD] hmmsearch --cpu 4 --tblout /gpfs/work/bio/yueqingxing22/igem/HMM/annotation_results/plastic_families/PMCL.tblout.tsv --domtblout /gpfs/work/bio/yueqingxing22/igem/HMM/annotation_results/plastic_families/PMCL.domtblout.tsv /gpfs/work/bio/yueqingxing22/igem/HMM/hmm_profiles/plastic_families/hmm/PMCL.hmm /gpfs/work/bio/yueqingxing22/igem/HMM/data/unknown_sequences/proteins_converted.fasta > /gpfs/work/bio/yueqingxing22/igem/HMM/annotation_results/plastic_families/PMCL.alignment.txt
[INFO] hmmsearch: PPL.hmm vs proteins_converted.fasta
[CMD] hmmsearch --cpu 4 --tblout /gpfs/work/bio/yueqingxing22/igem/HMM/annotation_results/plastic_families/PPL.tblout.tsv --domtblout /gpfs/work/bio/yueqingxing22/igem/HMM/annotation_results/plastic_families/PPL.domtblout.tsv /gpfs/work/bio/yueqingxing22/igem/HMM/hmm_profiles/plastic_families/hmm/PPL.hmm /gpfs/work/bio/yueqingxing22/igem/HMM/data/unknown_sequences/proteins_converted.fasta > /gpfs/work/bio/yueqingxing22/igem/HMM/annotation_results/plastic_families/PPL.alignment.txt
[INFO] hmmsearch: PS.hmm vs proteins_converted.fasta
[CMD] hmmsearch --cpu 4 --tblout /gpfs/work/bio/yueqingxing22/igem/HMM/annotation_results/plastic_families/PS.tblout.tsv --domtblout /gpfs/work/bio/yueqingxing22/igem/HMM/annotation_results/plastic_families/PS.domtblout.tsv /gpfs/work/bio/yueqingxing22/igem/HMM/hmm_profiles/plastic_families/hmm/PS.hmm /gpfs/work/bio/yueqingxing22/igem/HMM/data/unknown_sequences/proteins_converted.fasta > /gpfs/work/bio/yueqingxing22/igem/HMM/annotation_results/plastic_families/PS.alignment.txt
[INFO] hmmsearch: PU.hmm vs proteins_converted.fasta
[CMD] hmmsearch --cpu 4 --tblout /gpfs/work/bio/yueqingxing22/igem/HMM/annotation_results/plastic_families/PU.tblout.tsv --domtblout /gpfs/work/bio/yueqingxing22/igem/HMM/annotation_results/plastic_families/PU.domtblout.tsv /gpfs/work/bio/yueqingxing22/igem/HMM/hmm_profiles/plastic_families/hmm/PU.hmm /gpfs/work/bio/yueqingxing22/igem/HMM/data/unknown_sequences/proteins_converted.fasta > /gpfs/work/bio/yueqingxing22/igem/HMM/annotation_results/plastic_families/PU.alignment.txt
[INFO] hmmsearch: PVA.hmm vs proteins_converted.fasta
[CMD] hmmsearch --cpu 4 --tblout /gpfs/work/bio/yueqingxing22/igem/HMM/annotation_results/plastic_families/PVA.tblout.tsv --domtblout /gpfs/work/bio/yueqingxing22/igem/HMM/annotation_results/plastic_families/PVA.domtblout.tsv /gpfs/work/bio/yueqingxing22/igem/HMM/hmm_profiles/plastic_families/hmm/PVA.hmm /gpfs/work/bio/yueqingxing22/igem/HMM/data/unknown_sequences/proteins_converted.fasta > /gpfs/work/bio/yueqingxing22/igem/HMM/annotation_results/plastic_families/PVA.alignment.txt
[INFO] hmmsearch: P_3HB-co-3MP_.hmm vs proteins_converted.fasta
[CMD] hmmsearch --cpu 4 --tblout /gpfs/work/bio/yueqingxing22/igem/HMM/annotation_results/plastic_families/P_3HB-co-3MP_.tblout.tsv --domtblout /gpfs/work/bio/yueqingxing22/igem/HMM/annotation_results/plastic_families/P_3HB-co-3MP_.domtblout.tsv /gpfs/work/bio/yueqingxing22/igem/HMM/hmm_profiles/plastic_families/hmm/P_3HB-co-3MP_.hmm /gpfs/work/bio/yueqingxing22/igem/HMM/data/unknown_sequences/proteins_converted.fasta > /gpfs/work/bio/yueqingxing22/igem/HMM/annotation_results/plastic_families/P_3HB-co-3MP_.alignment.txt
[INFO] hmmsearch: TP.hmm vs proteins_converted.fasta
[CMD] hmmsearch --cpu 4 --tblout /gpfs/work/bio/yueqingxing22/igem/HMM/annotation_results/plastic_families/TP.tblout.tsv --domtblout /gpfs/work/bio/yueqingxing22/igem/HMM/annotation_results/plastic_families/TP.domtblout.tsv /gpfs/work/bio/yueqingxing22/igem/HMM/hmm_profiles/plastic_families/hmm/TP.hmm /gpfs/work/bio/yueqingxing22/igem/HMM/data/unknown_sequences/proteins_converted.fasta > /gpfs/work/bio/yueqingxing22/igem/HMM/annotation_results/plastic_families/TP.alignment.txt
 Annotation finished. Report: /gpfs/work/bio/yueqingxing22/igem/HMM/annotation_results/plastic_families/annotation_report.xlsx
