# hmmbuild :: profile HMM construction from multiple sequence alignments
# HMMER 3.3.2 (Nov 2020); http://hmmer.org/
# Copyright (C) 2020 Howard Hughes Medical Institute.
# Freely distributed under the BSD open source license.
# - - - - - - - - - - - - - - - - - - - - - - - - - - - - - - - - - - - -
# input alignment file:             /gpfs/work/bio/yueqingxing22/igem/HMM/hmm_profiles/plastic_families/alignments/PBSA.aln.fasta
# output HMM file:                  /gpfs/work/bio/yueqingxing22/igem/HMM/hmm_profiles/plastic_families/hmm/PBSA.hmm
# - - - - - - - - - - - - - - - - - - - - - - - - - - - - - - - - - - - -

# idx name                  nseq  alen  mlen eff_nseq re/pos description
#---- -------------------- ----- ----- ----- -------- ------ -----------
1     PBSA.aln                21   982   286     6.47  0.590 

# CPU time: 0.23u 0.00s 00:00:00.23 Elapsed: 00:00:00.23
# hmmbuild :: profile HMM construction from multiple sequence alignments
# HMMER 3.3.2 (Nov 2020); http://hmmer.org/
# Copyright (C) 2020 Howard Hughes Medical Institute.
# Freely distributed under the BSD open source license.
# - - - - - - - - - - - - - - - - - - - - - - - - - - - - - - - - - - - -
# input alignment file:             /gpfs/work/bio/yueqingxing22/igem/HMM/hmm_profiles/plastic_families/alignments/ECOVIO-FT.aln.fasta
# output HMM file:                  /gpfs/work/bio/yueqingxing22/igem/HMM/hmm_profiles/plastic_families/hmm/ECOVIO-FT.hmm
# - - - - - - - - - - - - - - - - - - - - - - - - - - - - - - - - - - - -

# idx name                  nseq  alen  mlen eff_nseq re/pos description
#---- -------------------- ----- ----- ----- -------- ------ -----------
1     ECOVIO-FT.aln            2   316   316     0.43  0.592 

# CPU time: 0.20u 0.00s 00:00:00.20 Elapsed: 00:00:00.20
# hmmbuild :: profile HMM construction from multiple sequence alignments
# HMMER 3.3.2 (Nov 2020); http://hmmer.org/
# Copyright (C) 2020 Howard Hughes Medical Institute.
# Freely distributed under the BSD open source license.
# - - - - - - - - - - - - - - - - - - - - - - - - - - - - - - - - - - - -
# input alignment file:             /gpfs/work/bio/yueqingxing22/igem/HMM/hmm_profiles/plastic_families/alignments/PBAT.aln.fasta
# output HMM file:                  /gpfs/work/bio/yueqingxing22/igem/HMM/hmm_profiles/plastic_families/hmm/PBAT.hmm
# - - - - - - - - - - - - - - - - - - - - - - - - - - - - - - - - - - - -

# idx name                  nseq  alen  mlen eff_nseq re/pos description
#---- -------------------- ----- ----- ----- -------- ------ -----------
1     PBAT.aln                29   879   319     6.47  0.590 

# CPU time: 0.26u 0.00s 00:00:00.26 Elapsed: 00:00:00.26
# hmmbuild :: profile HMM construction from multiple sequence alignments
# HMMER 3.3.2 (Nov 2020); http://hmmer.org/
# Copyright (C) 2020 Howard Hughes Medical Institute.
# Freely distributed under the BSD open source license.
# - - - - - - - - - - - - - - - - - - - - - - - - - - - - - - - - - - - -
# input alignment file:             /gpfs/work/bio/yueqingxing22/igem/HMM/hmm_profiles/plastic_families/alignments/PU.aln.fasta
# output HMM file:                  /gpfs/work/bio/yueqingxing22/igem/HMM/hmm_profiles/plastic_families/hmm/PU.hmm
# - - - - - - - - - - - - - - - - - - - - - - - - - - - - - - - - - - - -

# idx name                  nseq  alen  mlen eff_nseq re/pos description
#---- -------------------- ----- ----- ----- -------- ------ -----------
1     PU.aln                  43  1156   369     8.56  0.590 

# CPU time: 0.31u 0.00s 00:00:00.31 Elapsed: 00:00:00.31
# hmmbuild :: profile HMM construction from multiple sequence alignments
# HMMER 3.3.2 (Nov 2020); http://hmmer.org/
# Copyright (C) 2020 Howard Hughes Medical Institute.
# Freely distributed under the BSD open source license.
# - - - - - - - - - - - - - - - - - - - - - - - - - - - - - - - - - - - -
# input alignment file:             /gpfs/work/bio/yueqingxing22/igem/HMM/hmm_profiles/plastic_families/alignments/PBS.aln.fasta
# output HMM file:                  /gpfs/work/bio/yueqingxing22/igem/HMM/hmm_profiles/plastic_families/hmm/PBS.hmm
# - - - - - - - - - - - - - - - - - - - - - - - - - - - - - - - - - - - -

# idx name                  nseq  alen  mlen eff_nseq re/pos description
#---- -------------------- ----- ----- ----- -------- ------ -----------
1     PBS.aln                 18   943   339     5.13  0.590 

# CPU time: 0.26u 0.00s 00:00:00.26 Elapsed: 00:00:00.26
# hmmbuild :: profile HMM construction from multiple sequence alignments
# HMMER 3.3.2 (Nov 2020); http://hmmer.org/
# Copyright (C) 2020 Howard Hughes Medical Institute.
# Freely distributed under the BSD open source license.
# - - - - - - - - - - - - - - - - - - - - - - - - - - - - - - - - - - - -
# input alignment file:             /gpfs/work/bio/yueqingxing22/igem/HMM/hmm_profiles/plastic_families/alignments/NR.aln.fasta
# output HMM file:                  /gpfs/work/bio/yueqingxing22/igem/HMM/hmm_profiles/plastic_families/hmm/NR.hmm
# - - - - - - - - - - - - - - - - - - - - - - - - - - - - - - - - - - - -

# idx name                  nseq  alen  mlen eff_nseq re/pos description
#---- -------------------- ----- ----- ----- -------- ------ -----------
1     NR.aln                   8   827   414     1.14  0.591 

# CPU time: 0.29u 0.00s 00:00:00.28 Elapsed: 00:00:00.29
# hmmbuild :: profile HMM construction from multiple sequence alignments
# HMMER 3.3.2 (Nov 2020); http://hmmer.org/
# Copyright (C) 2020 Howard Hughes Medical Institute.
# Freely distributed under the BSD open source license.
# - - - - - - - - - - - - - - - - - - - - - - - - - - - - - - - - - - - -
# input alignment file:             /gpfs/work/bio/yueqingxing22/igem/HMM/hmm_profiles/plastic_families/alignments/PCL.aln.fasta
# output HMM file:                  /gpfs/work/bio/yueqingxing22/igem/HMM/hmm_profiles/plastic_families/hmm/PCL.hmm
# - - - - - - - - - - - - - - - - - - - - - - - - - - - - - - - - - - - -

# idx name                  nseq  alen  mlen eff_nseq re/pos description
#---- -------------------- ----- ----- ----- -------- ------ -----------
1     PCL.aln                 60  1573   273     9.09  0.590 

# CPU time: 0.24u 0.00s 00:00:00.24 Elapsed: 00:00:00.24
# hmmbuild :: profile HMM construction from multiple sequence alignments
# HMMER 3.3.2 (Nov 2020); http://hmmer.org/
# Copyright (C) 2020 Howard Hughes Medical Institute.
# Freely distributed under the BSD open source license.
# - - - - - - - - - - - - - - - - - - - - - - - - - - - - - - - - - - - -
# input alignment file:             /gpfs/work/bio/yueqingxing22/igem/HMM/hmm_profiles/plastic_families/alignments/Impranil.aln.fasta
# output HMM file:                  /gpfs/work/bio/yueqingxing22/igem/HMM/hmm_profiles/plastic_families/hmm/Impranil.hmm
# - - - - - - - - - - - - - - - - - - - - - - - - - - - - - - - - - - - -

# idx name                  nseq  alen  mlen eff_nseq re/pos description
#---- -------------------- ----- ----- ----- -------- ------ -----------
1     Impranil.aln             2   309   309     0.52  0.594 

# CPU time: 0.19u 0.00s 00:00:00.19 Elapsed: 00:00:00.19
# hmmbuild :: profile HMM construction from multiple sequence alignments
# HMMER 3.3.2 (Nov 2020); http://hmmer.org/
# Copyright (C) 2020 Howard Hughes Medical Institute.
# Freely distributed under the BSD open source license.
# - - - - - - - - - - - - - - - - - - - - - - - - - - - - - - - - - - - -
# input alignment file:             /gpfs/work/bio/yueqingxing22/igem/HMM/hmm_profiles/plastic_families/alignments/PLA.aln.fasta
# output HMM file:                  /gpfs/work/bio/yueqingxing22/igem/HMM/hmm_profiles/plastic_families/hmm/PLA.hmm
# - - - - - - - - - - - - - - - - - - - - - - - - - - - - - - - - - - - -

# idx name                  nseq  alen  mlen eff_nseq re/pos description
#---- -------------------- ----- ----- ----- -------- ------ -----------
1     PLA.aln                 59  1153   280    12.82  0.590 

# CPU time: 0.24u 0.00s 00:00:00.24 Elapsed: 00:00:00.24
# hmmbuild :: profile HMM construction from multiple sequence alignments
# HMMER 3.3.2 (Nov 2020); http://hmmer.org/
# Copyright (C) 2020 Howard Hughes Medical Institute.
# Freely distributed under the BSD open source license.
# - - - - - - - - - - - - - - - - - - - - - - - - - - - - - - - - - - - -
# input alignment file:             /gpfs/work/bio/yueqingxing22/igem/HMM/hmm_profiles/plastic_families/alignments/TP.aln.fasta
# output HMM file:                  /gpfs/work/bio/yueqingxing22/igem/HMM/hmm_profiles/plastic_families/hmm/TP.hmm
# - - - - - - - - - - - - - - - - - - - - - - - - - - - - - - - - - - - -

# idx name                  nseq  alen  mlen eff_nseq re/pos description
#---- -------------------- ----- ----- ----- -------- ------ -----------
1     TP.aln                   8   542   329     1.39  0.591 

# CPU time: 0.23u 0.00s 00:00:00.23 Elapsed: 00:00:00.23
# hmmbuild :: profile HMM construction from multiple sequence alignments
# HMMER 3.3.2 (Nov 2020); http://hmmer.org/
# Copyright (C) 2020 Howard Hughes Medical Institute.
# Freely distributed under the BSD open source license.
# - - - - - - - - - - - - - - - - - - - - - - - - - - - - - - - - - - - -
# input alignment file:             /gpfs/work/bio/yueqingxing22/igem/HMM/hmm_profiles/plastic_families/alignments/PS.aln.fasta
# output HMM file:                  /gpfs/work/bio/yueqingxing22/igem/HMM/hmm_profiles/plastic_families/hmm/PS.hmm
# - - - - - - - - - - - - - - - - - - - - - - - - - - - - - - - - - - - -

# idx name                  nseq  alen  mlen eff_nseq re/pos description
#---- -------------------- ----- ----- ----- -------- ------ -----------
1     PS.aln                   5   302   168     0.78  0.591 

# CPU time: 0.11u 0.00s 00:00:00.11 Elapsed: 00:00:00.11
# hmmbuild :: profile HMM construction from multiple sequence alignments
# HMMER 3.3.2 (Nov 2020); http://hmmer.org/
# Copyright (C) 2020 Howard Hughes Medical Institute.
# Freely distributed under the BSD open source license.
# - - - - - - - - - - - - - - - - - - - - - - - - - - - - - - - - - - - -
# input alignment file:             /gpfs/work/bio/yueqingxing22/igem/HMM/hmm_profiles/plastic_families/alignments/PBSeT.aln.fasta
# output HMM file:                  /gpfs/work/bio/yueqingxing22/igem/HMM/hmm_profiles/plastic_families/hmm/PBSeT.hmm
# - - - - - - - - - - - - - - - - - - - - - - - - - - - - - - - - - - - -

# idx name                  nseq  alen  mlen eff_nseq re/pos description
#---- -------------------- ----- ----- ----- -------- ------ -----------
1     PBSeT.aln                2   316   316     0.43  0.592 

# CPU time: 0.19u 0.00s 00:00:00.19 Elapsed: 00:00:00.20
# hmmbuild :: profile HMM construction from multiple sequence alignments
# HMMER 3.3.2 (Nov 2020); http://hmmer.org/
# Copyright (C) 2020 Howard Hughes Medical Institute.
# Freely distributed under the BSD open source license.
# - - - - - - - - - - - - - - - - - - - - - - - - - - - - - - - - - - - -
# input alignment file:             /gpfs/work/bio/yueqingxing22/igem/HMM/hmm_profiles/plastic_families/alignments/PEF.aln.fasta
# output HMM file:                  /gpfs/work/bio/yueqingxing22/igem/HMM/hmm_profiles/plastic_families/hmm/PEF.hmm
# - - - - - - - - - - - - - - - - - - - - - - - - - - - - - - - - - - - -

# idx name                  nseq  alen  mlen eff_nseq re/pos description
#---- -------------------- ----- ----- ----- -------- ------ -----------
1     PEF.aln                  4   296   290     0.52  0.589 

# CPU time: 0.19u 0.00s 00:00:00.19 Elapsed: 00:00:00.19
# hmmbuild :: profile HMM construction from multiple sequence alignments
# HMMER 3.3.2 (Nov 2020); http://hmmer.org/
# Copyright (C) 2020 Howard Hughes Medical Institute.
# Freely distributed under the BSD open source license.
# - - - - - - - - - - - - - - - - - - - - - - - - - - - - - - - - - - - -
# input alignment file:             /gpfs/work/bio/yueqingxing22/igem/HMM/hmm_profiles/plastic_families/alignments/PE.aln.fasta
# output HMM file:                  /gpfs/work/bio/yueqingxing22/igem/HMM/hmm_profiles/plastic_families/hmm/PE.hmm
# - - - - - - - - - - - - - - - - - - - - - - - - - - - - - - - - - - - -

# idx name                  nseq  alen  mlen eff_nseq re/pos description
#---- -------------------- ----- ----- ----- -------- ------ -----------
1     PE.aln                  71  1543   351    14.56  0.590 

# CPU time: 0.30u 0.01s 00:00:00.31 Elapsed: 00:00:00.30
# hmmbuild :: profile HMM construction from multiple sequence alignments
# HMMER 3.3.2 (Nov 2020); http://hmmer.org/
# Copyright (C) 2020 Howard Hughes Medical Institute.
# Freely distributed under the BSD open source license.
# - - - - - - - - - - - - - - - - - - - - - - - - - - - - - - - - - - - -
# input alignment file:             /gpfs/work/bio/yueqingxing22/igem/HMM/hmm_profiles/plastic_families/alignments/O-PVA.aln.fasta
# output HMM file:                  /gpfs/work/bio/yueqingxing22/igem/HMM/hmm_profiles/plastic_families/hmm/O-PVA.hmm
# - - - - - - - - - - - - - - - - - - - - - - - - - - - - - - - - - - - -

# idx name                  nseq  alen  mlen eff_nseq re/pos description
#---- -------------------- ----- ----- ----- -------- ------ -----------
1     O-PVA.aln                2   382   382     0.45  0.588 

# CPU time: 0.24u 0.00s 00:00:00.24 Elapsed: 00:00:00.24
# hmmbuild :: profile HMM construction from multiple sequence alignments
# HMMER 3.3.2 (Nov 2020); http://hmmer.org/
# Copyright (C) 2020 Howard Hughes Medical Institute.
# Freely distributed under the BSD open source license.
# - - - - - - - - - - - - - - - - - - - - - - - - - - - - - - - - - - - -
# input alignment file:             /gpfs/work/bio/yueqingxing22/igem/HMM/hmm_profiles/plastic_families/alignments/PES.aln.fasta
# output HMM file:                  /gpfs/work/bio/yueqingxing22/igem/HMM/hmm_profiles/plastic_families/hmm/PES.hmm
# - - - - - - - - - - - - - - - - - - - - - - - - - - - - - - - - - - - -

# idx name                  nseq  alen  mlen eff_nseq re/pos description
#---- -------------------- ----- ----- ----- -------- ------ -----------
1     PES.aln                 18   923   241     6.52  0.590 

# CPU time: 0.18u 0.00s 00:00:00.18 Elapsed: 00:00:00.19
# hmmbuild :: profile HMM construction from multiple sequence alignments
# HMMER 3.3.2 (Nov 2020); http://hmmer.org/
# Copyright (C) 2020 Howard Hughes Medical Institute.
# Freely distributed under the BSD open source license.
# - - - - - - - - - - - - - - - - - - - - - - - - - - - - - - - - - - - -
# input alignment file:             /gpfs/work/bio/yueqingxing22/igem/HMM/hmm_profiles/plastic_families/alignments/PEA.aln.fasta
# output HMM file:                  /gpfs/work/bio/yueqingxing22/igem/HMM/hmm_profiles/plastic_families/hmm/PEA.hmm
# - - - - - - - - - - - - - - - - - - - - - - - - - - - - - - - - - - - -

# idx name                  nseq  alen  mlen eff_nseq re/pos description
#---- -------------------- ----- ----- ----- -------- ------ -----------
1     PEA.aln                  3   673   540     0.90  0.591 

# CPU time: 0.36u 0.00s 00:00:00.36 Elapsed: 00:00:00.36
# hmmbuild :: profile HMM construction from multiple sequence alignments
# HMMER 3.3.2 (Nov 2020); http://hmmer.org/
# Copyright (C) 2020 Howard Hughes Medical Institute.
# Freely distributed under the BSD open source license.
# - - - - - - - - - - - - - - - - - - - - - - - - - - - - - - - - - - - -
# input alignment file:             /gpfs/work/bio/yueqingxing22/igem/HMM/hmm_profiles/plastic_families/alignments/P3HP.aln.fasta
# output HMM file:                  /gpfs/work/bio/yueqingxing22/igem/HMM/hmm_profiles/plastic_families/hmm/P3HP.hmm
# - - - - - - - - - - - - - - - - - - - - - - - - - - - - - - - - - - - -

# idx name                  nseq  alen  mlen eff_nseq re/pos description
#---- -------------------- ----- ----- ----- -------- ------ -----------
1     P3HP.aln                 3   673   540     0.90  0.591 

# CPU time: 0.36u 0.00s 00:00:00.36 Elapsed: 00:00:00.36
# hmmbuild :: profile HMM construction from multiple sequence alignments
# HMMER 3.3.2 (Nov 2020); http://hmmer.org/
# Copyright (C) 2020 Howard Hughes Medical Institute.
# Freely distributed under the BSD open source license.
# - - - - - - - - - - - - - - - - - - - - - - - - - - - - - - - - - - - -
# input alignment file:             /gpfs/work/bio/yueqingxing22/igem/HMM/hmm_profiles/plastic_families/alignments/PHB.aln.fasta
# output HMM file:                  /gpfs/work/bio/yueqingxing22/igem/HMM/hmm_profiles/plastic_families/hmm/PHB.hmm
# - - - - - - - - - - - - - - - - - - - - - - - - - - - - - - - - - - - -

# idx name                  nseq  alen  mlen eff_nseq re/pos description
#---- -------------------- ----- ----- ----- -------- ------ -----------
1     PHB.aln                 83  1614   435    10.13  0.590 

# CPU time: 0.39u 0.00s 00:00:00.39 Elapsed: 00:00:00.39
# hmmbuild :: profile HMM construction from multiple sequence alignments
# HMMER 3.3.2 (Nov 2020); http://hmmer.org/
# Copyright (C) 2020 Howard Hughes Medical Institute.
# Freely distributed under the BSD open source license.
# - - - - - - - - - - - - - - - - - - - - - - - - - - - - - - - - - - - -
# input alignment file:             /gpfs/work/bio/yueqingxing22/igem/HMM/hmm_profiles/plastic_families/alignments/PVA.aln.fasta
# output HMM file:                  /gpfs/work/bio/yueqingxing22/igem/HMM/hmm_profiles/plastic_families/hmm/PVA.hmm
# - - - - - - - - - - - - - - - - - - - - - - - - - - - - - - - - - - - -

# idx name                  nseq  alen  mlen eff_nseq re/pos description
#---- -------------------- ----- ----- ----- -------- ------ -----------
1     PVA.aln                  5   722   502     1.16  0.588 

# CPU time: 0.33u 0.00s 00:00:00.33 Elapsed: 00:00:00.33
# hmmbuild :: profile HMM construction from multiple sequence alignments
# HMMER 3.3.2 (Nov 2020); http://hmmer.org/
# Copyright (C) 2020 Howard Hughes Medical Institute.
# Freely distributed under the BSD open source license.
# - - - - - - - - - - - - - - - - - - - - - - - - - - - - - - - - - - - -
# input alignment file:             /gpfs/work/bio/yueqingxing22/igem/HMM/hmm_profiles/plastic_families/alignments/PHV.aln.fasta
# output HMM file:                  /gpfs/work/bio/yueqingxing22/igem/HMM/hmm_profiles/plastic_families/hmm/PHV.hmm
# - - - - - - - - - - - - - - - - - - - - - - - - - - - - - - - - - - - -

# idx name                  nseq  alen  mlen eff_nseq re/pos description
#---- -------------------- ----- ----- ----- -------- ------ -----------
1     PHV.aln                  5   686   428     1.05  0.591 

# CPU time: 0.28u 0.00s 00:00:00.28 Elapsed: 00:00:00.28
# hmmbuild :: profile HMM construction from multiple sequence alignments
# HMMER 3.3.2 (Nov 2020); http://hmmer.org/
# Copyright (C) 2020 Howard Hughes Medical Institute.
# Freely distributed under the BSD open source license.
# - - - - - - - - - - - - - - - - - - - - - - - - - - - - - - - - - - - -
# input alignment file:             /gpfs/work/bio/yueqingxing22/igem/HMM/hmm_profiles/plastic_families/alignments/PEG.aln.fasta
# output HMM file:                  /gpfs/work/bio/yueqingxing22/igem/HMM/hmm_profiles/plastic_families/hmm/PEG.hmm
# - - - - - - - - - - - - - - - - - - - - - - - - - - - - - - - - - - - -

# idx name                  nseq  alen  mlen eff_nseq re/pos description
#---- -------------------- ----- ----- ----- -------- ------ -----------
1     PEG.aln                  2   668   668     0.75  0.589 

# CPU time: 0.41u 0.00s 00:00:00.41 Elapsed: 00:00:00.41
# hmmbuild :: profile HMM construction from multiple sequence alignments
# HMMER 3.3.2 (Nov 2020); http://hmmer.org/
# Copyright (C) 2020 Howard Hughes Medical Institute.
# Freely distributed under the BSD open source license.
# - - - - - - - - - - - - - - - - - - - - - - - - - - - - - - - - - - - -
# input alignment file:             /gpfs/work/bio/yueqingxing22/igem/HMM/hmm_profiles/plastic_families/alignments/PHO.aln.fasta
# output HMM file:                  /gpfs/work/bio/yueqingxing22/igem/HMM/hmm_profiles/plastic_families/hmm/PHO.hmm
# - - - - - - - - - - - - - - - - - - - - - - - - - - - - - - - - - - - -

# idx name                  nseq  alen  mlen eff_nseq re/pos description
#---- -------------------- ----- ----- ----- -------- ------ -----------
1     PHO.aln                  3   433   316     0.95  0.591 

# CPU time: 0.21u 0.00s 00:00:00.21 Elapsed: 00:00:00.21
# hmmbuild :: profile HMM construction from multiple sequence alignments
# HMMER 3.3.2 (Nov 2020); http://hmmer.org/
# Copyright (C) 2020 Howard Hughes Medical Institute.
# Freely distributed under the BSD open source license.
# - - - - - - - - - - - - - - - - - - - - - - - - - - - - - - - - - - - -
# input alignment file:             /gpfs/work/bio/yueqingxing22/igem/HMM/hmm_profiles/plastic_families/alignments/P4HB.aln.fasta
# output HMM file:                  /gpfs/work/bio/yueqingxing22/igem/HMM/hmm_profiles/plastic_families/hmm/P4HB.hmm
# - - - - - - - - - - - - - - - - - - - - - - - - - - - - - - - - - - - -

# idx name                  nseq  alen  mlen eff_nseq re/pos description
#---- -------------------- ----- ----- ----- -------- ------ -----------
1     P4HB.aln                 3   673   540     0.90  0.591 

# CPU time: 0.35u 0.00s 00:00:00.35 Elapsed: 00:00:00.36
# hmmbuild :: profile HMM construction from multiple sequence alignments
# HMMER 3.3.2 (Nov 2020); http://hmmer.org/
# Copyright (C) 2020 Howard Hughes Medical Institute.
# Freely distributed under the BSD open source license.
# - - - - - - - - - - - - - - - - - - - - - - - - - - - - - - - - - - - -
# input alignment file:             /gpfs/work/bio/yueqingxing22/igem/HMM/hmm_profiles/plastic_families/alignments/PET.aln.fasta
# output HMM file:                  /gpfs/work/bio/yueqingxing22/igem/HMM/hmm_profiles/plastic_families/hmm/PET.hmm
# - - - - - - - - - - - - - - - - - - - - - - - - - - - - - - - - - - - -

# idx name                  nseq  alen  mlen eff_nseq re/pos description
#---- -------------------- ----- ----- ----- -------- ------ -----------
1     PET.aln                203  1705   309     8.82  0.590 

# CPU time: 0.30u 0.00s 00:00:00.30 Elapsed: 00:00:00.30
# hmmbuild :: profile HMM construction from multiple sequence alignments
# HMMER 3.3.2 (Nov 2020); http://hmmer.org/
# Copyright (C) 2020 Howard Hughes Medical Institute.
# Freely distributed under the BSD open source license.
# - - - - - - - - - - - - - - - - - - - - - - - - - - - - - - - - - - - -
# input alignment file:             /gpfs/work/bio/yueqingxing22/igem/HMM/hmm_profiles/plastic_families/alignments/PA.aln.fasta
# output HMM file:                  /gpfs/work/bio/yueqingxing22/igem/HMM/hmm_profiles/plastic_families/hmm/PA.hmm
# - - - - - - - - - - - - - - - - - - - - - - - - - - - - - - - - - - - -

# idx name                  nseq  alen  mlen eff_nseq re/pos description
#---- -------------------- ----- ----- ----- -------- ------ -----------
1     PA.aln                  51   912   440     6.69  0.590 

# CPU time: 0.37u 0.00s 00:00:00.37 Elapsed: 00:00:00.37
# hmmbuild :: profile HMM construction from multiple sequence alignments
# HMMER 3.3.2 (Nov 2020); http://hmmer.org/
# Copyright (C) 2020 Howard Hughes Medical Institute.
# Freely distributed under the BSD open source license.
# - - - - - - - - - - - - - - - - - - - - - - - - - - - - - - - - - - - -
# input alignment file:             /gpfs/work/bio/yueqingxing22/igem/HMM/hmm_profiles/plastic_families/alignments/PHBV.aln.fasta
# output HMM file:                  /gpfs/work/bio/yueqingxing22/igem/HMM/hmm_profiles/plastic_families/hmm/PHBV.hmm
# - - - - - - - - - - - - - - - - - - - - - - - - - - - - - - - - - - - -

# idx name                  nseq  alen  mlen eff_nseq re/pos description
#---- -------------------- ----- ----- ----- -------- ------ -----------
1     PHBV.aln                 8   755   314     2.56  0.590 

# CPU time: 0.22u 0.00s 00:00:00.22 Elapsed: 00:00:00.22
[INFO] Building HMM for family: PBSA
$ mafft --thread 4 --anysymbol --auto /gpfs/work/bio/yueqingxing22/igem/HMM/data/families/plastic_families/PBSA.fasta > /gpfs/work/bio/yueqingxing22/igem/HMM/hmm_profiles/plastic_families/alignments/PBSA.aln.fasta
[CMD] hmmbuild /gpfs/work/bio/yueqingxing22/igem/HMM/hmm_profiles/plastic_families/hmm/PBSA.hmm /gpfs/work/bio/yueqingxing22/igem/HMM/hmm_profiles/plastic_families/alignments/PBSA.aln.fasta
[INFO] Building HMM for family: ECOVIO-FT
$ mafft --thread 4 --anysymbol --auto /gpfs/work/bio/yueqingxing22/igem/HMM/data/families/plastic_families/ECOVIO-FT.fasta > /gpfs/work/bio/yueqingxing22/igem/HMM/hmm_profiles/plastic_families/alignments/ECOVIO-FT.aln.fasta
[CMD] hmmbuild /gpfs/work/bio/yueqingxing22/igem/HMM/hmm_profiles/plastic_families/hmm/ECOVIO-FT.hmm /gpfs/work/bio/yueqingxing22/igem/HMM/hmm_profiles/plastic_families/alignments/ECOVIO-FT.aln.fasta
[WARN] Family P_3HB-co-3MP_: <2 sequences, skip HMM build.
[INFO] Building HMM for family: PBAT
$ mafft --thread 4 --anysymbol --auto /gpfs/work/bio/yueqingxing22/igem/HMM/data/families/plastic_families/PBAT.fasta > /gpfs/work/bio/yueqingxing22/igem/HMM/hmm_profiles/plastic_families/alignments/PBAT.aln.fasta
[CMD] hmmbuild /gpfs/work/bio/yueqingxing22/igem/HMM/hmm_profiles/plastic_families/hmm/PBAT.hmm /gpfs/work/bio/yueqingxing22/igem/HMM/hmm_profiles/plastic_families/alignments/PBAT.aln.fasta
[WARN] Family PMCL: <2 sequences, skip HMM build.
[INFO] Building HMM for family: PU
$ mafft --thread 4 --anysymbol --auto /gpfs/work/bio/yueqingxing22/igem/HMM/data/families/plastic_families/PU.fasta > /gpfs/work/bio/yueqingxing22/igem/HMM/hmm_profiles/plastic_families/alignments/PU.aln.fasta
[CMD] hmmbuild /gpfs/work/bio/yueqingxing22/igem/HMM/hmm_profiles/plastic_families/hmm/PU.hmm /gpfs/work/bio/yueqingxing22/igem/HMM/hmm_profiles/plastic_families/alignments/PU.aln.fasta
[INFO] Building HMM for family: PBS
$ mafft --thread 4 --anysymbol --auto /gpfs/work/bio/yueqingxing22/igem/HMM/data/families/plastic_families/PBS.fasta > /gpfs/work/bio/yueqingxing22/igem/HMM/hmm_profiles/plastic_families/alignments/PBS.aln.fasta
[CMD] hmmbuild /gpfs/work/bio/yueqingxing22/igem/HMM/hmm_profiles/plastic_families/hmm/PBS.hmm /gpfs/work/bio/yueqingxing22/igem/HMM/hmm_profiles/plastic_families/alignments/PBS.aln.fasta
[WARN] Family PHBVH: <2 sequences, skip HMM build.
[INFO] Building HMM for family: NR
$ mafft --thread 4 --anysymbol --auto /gpfs/work/bio/yueqingxing22/igem/HMM/data/families/plastic_families/NR.fasta > /gpfs/work/bio/yueqingxing22/igem/HMM/hmm_profiles/plastic_families/alignments/NR.aln.fasta
[CMD] hmmbuild /gpfs/work/bio/yueqingxing22/igem/HMM/hmm_profiles/plastic_families/hmm/NR.hmm /gpfs/work/bio/yueqingxing22/igem/HMM/hmm_profiles/plastic_families/alignments/NR.aln.fasta
[INFO] Building HMM for family: PCL
$ mafft --thread 4 --anysymbol --auto /gpfs/work/bio/yueqingxing22/igem/HMM/data/families/plastic_families/PCL.fasta > /gpfs/work/bio/yueqingxing22/igem/HMM/hmm_profiles/plastic_families/alignments/PCL.aln.fasta
[CMD] hmmbuild /gpfs/work/bio/yueqingxing22/igem/HMM/hmm_profiles/plastic_families/hmm/PCL.hmm /gpfs/work/bio/yueqingxing22/igem/HMM/hmm_profiles/plastic_families/alignments/PCL.aln.fasta
[WARN] Family PPL: <2 sequences, skip HMM build.
[INFO] Building HMM for family: Impranil
$ mafft --thread 4 --anysymbol --auto /gpfs/work/bio/yueqingxing22/igem/HMM/data/families/plastic_families/Impranil.fasta > /gpfs/work/bio/yueqingxing22/igem/HMM/hmm_profiles/plastic_families/alignments/Impranil.aln.fasta
[CMD] hmmbuild /gpfs/work/bio/yueqingxing22/igem/HMM/hmm_profiles/plastic_families/hmm/Impranil.hmm /gpfs/work/bio/yueqingxing22/igem/HMM/hmm_profiles/plastic_families/alignments/Impranil.aln.fasta
[INFO] Building HMM for family: PLA
$ mafft --thread 4 --anysymbol --auto /gpfs/work/bio/yueqingxing22/igem/HMM/data/families/plastic_families/PLA.fasta > /gpfs/work/bio/yueqingxing22/igem/HMM/hmm_profiles/plastic_families/alignments/PLA.aln.fasta
[CMD] hmmbuild /gpfs/work/bio/yueqingxing22/igem/HMM/hmm_profiles/plastic_families/hmm/PLA.hmm /gpfs/work/bio/yueqingxing22/igem/HMM/hmm_profiles/plastic_families/alignments/PLA.aln.fasta
[INFO] Building HMM for family: TP
$ mafft --thread 4 --anysymbol --auto /gpfs/work/bio/yueqingxing22/igem/HMM/data/families/plastic_families/TP.fasta > /gpfs/work/bio/yueqingxing22/igem/HMM/hmm_profiles/plastic_families/alignments/TP.aln.fasta
[CMD] hmmbuild /gpfs/work/bio/yueqingxing22/igem/HMM/hmm_profiles/plastic_families/hmm/TP.hmm /gpfs/work/bio/yueqingxing22/igem/HMM/hmm_profiles/plastic_families/alignments/TP.aln.fasta
[WARN] Family P3HV: <2 sequences, skip HMM build.
[INFO] Building HMM for family: PS
$ mafft --thread 4 --anysymbol --auto /gpfs/work/bio/yueqingxing22/igem/HMM/data/families/plastic_families/PS.fasta > /gpfs/work/bio/yueqingxing22/igem/HMM/hmm_profiles/plastic_families/alignments/PS.aln.fasta
[CMD] hmmbuild /gpfs/work/bio/yueqingxing22/igem/HMM/hmm_profiles/plastic_families/hmm/PS.hmm /gpfs/work/bio/yueqingxing22/igem/HMM/hmm_profiles/plastic_families/alignments/PS.aln.fasta
[INFO] Building HMM for family: PBSeT
$ mafft --thread 4 --anysymbol --auto /gpfs/work/bio/yueqingxing22/igem/HMM/data/families/plastic_families/PBSeT.fasta > /gpfs/work/bio/yueqingxing22/igem/HMM/hmm_profiles/plastic_families/alignments/PBSeT.aln.fasta
[CMD] hmmbuild /gpfs/work/bio/yueqingxing22/igem/HMM/hmm_profiles/plastic_families/hmm/PBSeT.hmm /gpfs/work/bio/yueqingxing22/igem/HMM/hmm_profiles/plastic_families/alignments/PBSeT.aln.fasta
[WARN] Family PHBH: <2 sequences, skip HMM build.
[INFO] Building HMM for family: PEF
$ mafft --thread 4 --anysymbol --auto /gpfs/work/bio/yueqingxing22/igem/HMM/data/families/plastic_families/PEF.fasta > /gpfs/work/bio/yueqingxing22/igem/HMM/hmm_profiles/plastic_families/alignments/PEF.aln.fasta
[CMD] hmmbuild /gpfs/work/bio/yueqingxing22/igem/HMM/hmm_profiles/plastic_families/hmm/PEF.hmm /gpfs/work/bio/yueqingxing22/igem/HMM/hmm_profiles/plastic_families/alignments/PEF.aln.fasta
[INFO] Building HMM for family: PE
$ mafft --thread 4 --anysymbol --auto /gpfs/work/bio/yueqingxing22/igem/HMM/data/families/plastic_families/PE.fasta > /gpfs/work/bio/yueqingxing22/igem/HMM/hmm_profiles/plastic_families/alignments/PE.aln.fasta
[CMD] hmmbuild /gpfs/work/bio/yueqingxing22/igem/HMM/hmm_profiles/plastic_families/hmm/PE.hmm /gpfs/work/bio/yueqingxing22/igem/HMM/hmm_profiles/plastic_families/alignments/PE.aln.fasta
[INFO] Building HMM for family: O-PVA
$ mafft --thread 4 --anysymbol --auto /gpfs/work/bio/yueqingxing22/igem/HMM/data/families/plastic_families/O-PVA.fasta > /gpfs/work/bio/yueqingxing22/igem/HMM/hmm_profiles/plastic_families/alignments/O-PVA.aln.fasta
[CMD] hmmbuild /gpfs/work/bio/yueqingxing22/igem/HMM/hmm_profiles/plastic_families/hmm/O-PVA.hmm /gpfs/work/bio/yueqingxing22/igem/HMM/hmm_profiles/plastic_families/alignments/O-PVA.aln.fasta
[INFO] Building HMM for family: PES
$ mafft --thread 4 --anysymbol --auto /gpfs/work/bio/yueqingxing22/igem/HMM/data/families/plastic_families/PES.fasta > /gpfs/work/bio/yueqingxing22/igem/HMM/hmm_profiles/plastic_families/alignments/PES.aln.fasta
[CMD] hmmbuild /gpfs/work/bio/yueqingxing22/igem/HMM/hmm_profiles/plastic_families/hmm/PES.hmm /gpfs/work/bio/yueqingxing22/igem/HMM/hmm_profiles/plastic_families/alignments/PES.aln.fasta
[WARN] Family ECOFLEX: <2 sequences, skip HMM build.
[INFO] Building HMM for family: PEA
$ mafft --thread 4 --anysymbol --auto /gpfs/work/bio/yueqingxing22/igem/HMM/data/families/plastic_families/PEA.fasta > /gpfs/work/bio/yueqingxing22/igem/HMM/hmm_profiles/plastic_families/alignments/PEA.aln.fasta
[CMD] hmmbuild /gpfs/work/bio/yueqingxing22/igem/HMM/hmm_profiles/plastic_families/hmm/PEA.hmm /gpfs/work/bio/yueqingxing22/igem/HMM/hmm_profiles/plastic_families/alignments/PEA.aln.fasta
[INFO] Building HMM for family: P3HP
$ mafft --thread 4 --anysymbol --auto /gpfs/work/bio/yueqingxing22/igem/HMM/data/families/plastic_families/P3HP.fasta > /gpfs/work/bio/yueqingxing22/igem/HMM/hmm_profiles/plastic_families/alignments/P3HP.aln.fasta
[CMD] hmmbuild /gpfs/work/bio/yueqingxing22/igem/HMM/hmm_profiles/plastic_families/hmm/P3HP.hmm /gpfs/work/bio/yueqingxing22/igem/HMM/hmm_profiles/plastic_families/alignments/P3HP.aln.fasta
[INFO] Building HMM for family: PHB
$ mafft --thread 4 --anysymbol --auto /gpfs/work/bio/yueqingxing22/igem/HMM/data/families/plastic_families/PHB.fasta > /gpfs/work/bio/yueqingxing22/igem/HMM/hmm_profiles/plastic_families/alignments/PHB.aln.fasta
[CMD] hmmbuild /gpfs/work/bio/yueqingxing22/igem/HMM/hmm_profiles/plastic_families/hmm/PHB.hmm /gpfs/work/bio/yueqingxing22/igem/HMM/hmm_profiles/plastic_families/alignments/PHB.aln.fasta
[INFO] Building HMM for family: PVA
$ mafft --thread 4 --anysymbol --auto /gpfs/work/bio/yueqingxing22/igem/HMM/data/families/plastic_families/PVA.fasta > /gpfs/work/bio/yueqingxing22/igem/HMM/hmm_profiles/plastic_families/alignments/PVA.aln.fasta
[CMD] hmmbuild /gpfs/work/bio/yueqingxing22/igem/HMM/hmm_profiles/plastic_families/hmm/PVA.hmm /gpfs/work/bio/yueqingxing22/igem/HMM/hmm_profiles/plastic_families/alignments/PVA.aln.fasta
[INFO] Building HMM for family: PHV
$ mafft --thread 4 --anysymbol --auto /gpfs/work/bio/yueqingxing22/igem/HMM/data/families/plastic_families/PHV.fasta > /gpfs/work/bio/yueqingxing22/igem/HMM/hmm_profiles/plastic_families/alignments/PHV.aln.fasta
[CMD] hmmbuild /gpfs/work/bio/yueqingxing22/igem/HMM/hmm_profiles/plastic_families/hmm/PHV.hmm /gpfs/work/bio/yueqingxing22/igem/HMM/hmm_profiles/plastic_families/alignments/PHV.aln.fasta
[WARN] Family PHPV: <2 sequences, skip HMM build.
[INFO] Building HMM for family: PEG
$ mafft --thread 4 --anysymbol --auto /gpfs/work/bio/yueqingxing22/igem/HMM/data/families/plastic_families/PEG.fasta > /gpfs/work/bio/yueqingxing22/igem/HMM/hmm_profiles/plastic_families/alignments/PEG.aln.fasta
[CMD] hmmbuild /gpfs/work/bio/yueqingxing22/igem/HMM/hmm_profiles/plastic_families/hmm/PEG.hmm /gpfs/work/bio/yueqingxing22/igem/HMM/hmm_profiles/plastic_families/alignments/PEG.aln.fasta
[INFO] Building HMM for family: PHO
$ mafft --thread 4 --anysymbol --auto /gpfs/work/bio/yueqingxing22/igem/HMM/data/families/plastic_families/PHO.fasta > /gpfs/work/bio/yueqingxing22/igem/HMM/hmm_profiles/plastic_families/alignments/PHO.aln.fasta
[CMD] hmmbuild /gpfs/work/bio/yueqingxing22/igem/HMM/hmm_profiles/plastic_families/hmm/PHO.hmm /gpfs/work/bio/yueqingxing22/igem/HMM/hmm_profiles/plastic_families/alignments/PHO.aln.fasta
[INFO] Building HMM for family: P4HB
$ mafft --thread 4 --anysymbol --auto /gpfs/work/bio/yueqingxing22/igem/HMM/data/families/plastic_families/P4HB.fasta > /gpfs/work/bio/yueqingxing22/igem/HMM/hmm_profiles/plastic_families/alignments/P4HB.aln.fasta
[CMD] hmmbuild /gpfs/work/bio/yueqingxing22/igem/HMM/hmm_profiles/plastic_families/hmm/P4HB.hmm /gpfs/work/bio/yueqingxing22/igem/HMM/hmm_profiles/plastic_families/alignments/P4HB.aln.fasta
[INFO] Building HMM for family: PET
$ mafft --thread 4 --anysymbol --auto /gpfs/work/bio/yueqingxing22/igem/HMM/data/families/plastic_families/PET.fasta > /gpfs/work/bio/yueqingxing22/igem/HMM/hmm_profiles/plastic_families/alignments/PET.aln.fasta
[CMD] hmmbuild /gpfs/work/bio/yueqingxing22/igem/HMM/hmm_profiles/plastic_families/hmm/PET.hmm /gpfs/work/bio/yueqingxing22/igem/HMM/hmm_profiles/plastic_families/alignments/PET.aln.fasta
[INFO] Building HMM for family: PA
$ mafft --thread 4 --anysymbol --auto /gpfs/work/bio/yueqingxing22/igem/HMM/data/families/plastic_families/PA.fasta > /gpfs/work/bio/yueqingxing22/igem/HMM/hmm_profiles/plastic_families/alignments/PA.aln.fasta
[CMD] hmmbuild /gpfs/work/bio/yueqingxing22/igem/HMM/hmm_profiles/plastic_families/hmm/PA.hmm /gpfs/work/bio/yueqingxing22/igem/HMM/hmm_profiles/plastic_families/alignments/PA.aln.fasta
[INFO] Building HMM for family: PHBV
$ mafft --thread 4 --anysymbol --auto /gpfs/work/bio/yueqingxing22/igem/HMM/data/families/plastic_families/PHBV.fasta > /gpfs/work/bio/yueqingxing22/igem/HMM/hmm_profiles/plastic_families/alignments/PHBV.aln.fasta
[CMD] hmmbuild /gpfs/work/bio/yueqingxing22/igem/HMM/hmm_profiles/plastic_families/hmm/PHBV.hmm /gpfs/work/bio/yueqingxing22/igem/HMM/hmm_profiles/plastic_families/alignments/PHBV.aln.fasta
[OK] Built 27 HMMs into /gpfs/work/bio/yueqingxing22/igem/HMM/hmm_profiles/plastic_families/hmm (MSA in /gpfs/work/bio/yueqingxing22/igem/HMM/hmm_profiles/plastic_families/alignments). No combined.hmm generated.
