# hmmbuild :: profile HMM construction from multiple sequence alignments
# HMMER 3.3.2 (Nov 2020); http://hmmer.org/
# Copyright (C) 2020 Howard Hughes Medical Institute.
# Freely distributed under the BSD open source license.
# - - - - - - - - - - - - - - - - - - - - - - - - - - - - - - - - - - - -
# input alignment file:             /gpfs/work/bio/yueqingxing22/igem/HMM/hmm_profiles/plastic_families/alignments/ECOFLEX.aln.fasta
# output HMM file:                  /gpfs/work/bio/yueqingxing22/igem/HMM/hmm_profiles/plastic_families/hmm/ECOFLEX.hmm
# - - - - - - - - - - - - - - - - - - - - - - - - - - - - - - - - - - - -

# idx name                  nseq  alen  mlen eff_nseq re/pos description
#---- -------------------- ----- ----- ----- -------- ------ -----------
1     ECOFLEX.aln              1   304   304     0.39  0.584 

# CPU time: 0.18u 0.00s 00:00:00.18 Elapsed: 00:00:00.18
# hmmbuild :: profile HMM construction from multiple sequence alignments
# HMMER 3.3.2 (Nov 2020); http://hmmer.org/
# Copyright (C) 2020 Howard Hughes Medical Institute.
# Freely distributed under the BSD open source license.
# - - - - - - - - - - - - - - - - - - - - - - - - - - - - - - - - - - - -
# input alignment file:             /gpfs/work/bio/yueqingxing22/igem/HMM/hmm_profiles/plastic_families/alignments/ECOVIO-FT.aln.fasta
# output HMM file:                  /gpfs/work/bio/yueqingxing22/igem/HMM/hmm_profiles/plastic_families/hmm/ECOVIO-FT.hmm
# - - - - - - - - - - - - - - - - - - - - - - - - - - - - - - - - - - - -

# idx name                  nseq  alen  mlen eff_nseq re/pos description
#---- -------------------- ----- ----- ----- -------- ------ -----------
1     ECOVIO-FT.aln            2   316   316     0.43  0.592 

# CPU time: 0.19u 0.01s 00:00:00.20 Elapsed: 00:00:00.20
# hmmbuild :: profile HMM construction from multiple sequence alignments
# HMMER 3.3.2 (Nov 2020); http://hmmer.org/
# Copyright (C) 2020 Howard Hughes Medical Institute.
# Freely distributed under the BSD open source license.
# - - - - - - - - - - - - - - - - - - - - - - - - - - - - - - - - - - - -
# input alignment file:             /gpfs/work/bio/yueqingxing22/igem/HMM/hmm_profiles/plastic_families/alignments/Impranil.aln.fasta
# output HMM file:                  /gpfs/work/bio/yueqingxing22/igem/HMM/hmm_profiles/plastic_families/hmm/Impranil.hmm
# - - - - - - - - - - - - - - - - - - - - - - - - - - - - - - - - - - - -

# idx name                  nseq  alen  mlen eff_nseq re/pos description
#---- -------------------- ----- ----- ----- -------- ------ -----------
1     Impranil.aln             2   309   309     0.52  0.594 

# CPU time: 0.19u 0.00s 00:00:00.19 Elapsed: 00:00:00.19
# hmmbuild :: profile HMM construction from multiple sequence alignments
# HMMER 3.3.2 (Nov 2020); http://hmmer.org/
# Copyright (C) 2020 Howard Hughes Medical Institute.
# Freely distributed under the BSD open source license.
# - - - - - - - - - - - - - - - - - - - - - - - - - - - - - - - - - - - -
# input alignment file:             /gpfs/work/bio/yueqingxing22/igem/HMM/hmm_profiles/plastic_families/alignments/NR.aln.fasta
# output HMM file:                  /gpfs/work/bio/yueqingxing22/igem/HMM/hmm_profiles/plastic_families/hmm/NR.hmm
# - - - - - - - - - - - - - - - - - - - - - - - - - - - - - - - - - - - -

# idx name                  nseq  alen  mlen eff_nseq re/pos description
#---- -------------------- ----- ----- ----- -------- ------ -----------
1     NR.aln                   8   832   411     1.12  0.591 

# CPU time: 0.29u 0.00s 00:00:00.28 Elapsed: 00:00:00.29
# hmmbuild :: profile HMM construction from multiple sequence alignments
# HMMER 3.3.2 (Nov 2020); http://hmmer.org/
# Copyright (C) 2020 Howard Hughes Medical Institute.
# Freely distributed under the BSD open source license.
# - - - - - - - - - - - - - - - - - - - - - - - - - - - - - - - - - - - -
# input alignment file:             /gpfs/work/bio/yueqingxing22/igem/HMM/hmm_profiles/plastic_families/alignments/O-PVA.aln.fasta
# output HMM file:                  /gpfs/work/bio/yueqingxing22/igem/HMM/hmm_profiles/plastic_families/hmm/O-PVA.hmm
# - - - - - - - - - - - - - - - - - - - - - - - - - - - - - - - - - - - -

# idx name                  nseq  alen  mlen eff_nseq re/pos description
#---- -------------------- ----- ----- ----- -------- ------ -----------
1     O-PVA.aln                2   382   382     0.45  0.588 

# CPU time: 0.24u 0.00s 00:00:00.24 Elapsed: 00:00:00.24
# hmmbuild :: profile HMM construction from multiple sequence alignments
# HMMER 3.3.2 (Nov 2020); http://hmmer.org/
# Copyright (C) 2020 Howard Hughes Medical Institute.
# Freely distributed under the BSD open source license.
# - - - - - - - - - - - - - - - - - - - - - - - - - - - - - - - - - - - -
# input alignment file:             /gpfs/work/bio/yueqingxing22/igem/HMM/hmm_profiles/plastic_families/alignments/P3HP.aln.fasta
# output HMM file:                  /gpfs/work/bio/yueqingxing22/igem/HMM/hmm_profiles/plastic_families/hmm/P3HP.hmm
# - - - - - - - - - - - - - - - - - - - - - - - - - - - - - - - - - - - -

# idx name                  nseq  alen  mlen eff_nseq re/pos description
#---- -------------------- ----- ----- ----- -------- ------ -----------
1     P3HP.aln                 3   673   540     0.90  0.591 

# CPU time: 0.36u 0.00s 00:00:00.36 Elapsed: 00:00:00.36
# hmmbuild :: profile HMM construction from multiple sequence alignments
# HMMER 3.3.2 (Nov 2020); http://hmmer.org/
# Copyright (C) 2020 Howard Hughes Medical Institute.
# Freely distributed under the BSD open source license.
# - - - - - - - - - - - - - - - - - - - - - - - - - - - - - - - - - - - -
# input alignment file:             /gpfs/work/bio/yueqingxing22/igem/HMM/hmm_profiles/plastic_families/alignments/P3HV.aln.fasta
# output HMM file:                  /gpfs/work/bio/yueqingxing22/igem/HMM/hmm_profiles/plastic_families/hmm/P3HV.hmm
# - - - - - - - - - - - - - - - - - - - - - - - - - - - - - - - - - - - -

# idx name                  nseq  alen  mlen eff_nseq re/pos description
#---- -------------------- ----- ----- ----- -------- ------ -----------
1     P3HV.aln                 1   260   260     0.39  0.585 

# CPU time: 0.15u 0.00s 00:00:00.15 Elapsed: 00:00:00.15
# hmmbuild :: profile HMM construction from multiple sequence alignments
# HMMER 3.3.2 (Nov 2020); http://hmmer.org/
# Copyright (C) 2020 Howard Hughes Medical Institute.
# Freely distributed under the BSD open source license.
# - - - - - - - - - - - - - - - - - - - - - - - - - - - - - - - - - - - -
# input alignment file:             /gpfs/work/bio/yueqingxing22/igem/HMM/hmm_profiles/plastic_families/alignments/P4HB.aln.fasta
# output HMM file:                  /gpfs/work/bio/yueqingxing22/igem/HMM/hmm_profiles/plastic_families/hmm/P4HB.hmm
# - - - - - - - - - - - - - - - - - - - - - - - - - - - - - - - - - - - -

# idx name                  nseq  alen  mlen eff_nseq re/pos description
#---- -------------------- ----- ----- ----- -------- ------ -----------
1     P4HB.aln                 3   673   540     0.90  0.591 

# CPU time: 0.36u 0.00s 00:00:00.36 Elapsed: 00:00:00.36
# hmmbuild :: profile HMM construction from multiple sequence alignments
# HMMER 3.3.2 (Nov 2020); http://hmmer.org/
# Copyright (C) 2020 Howard Hughes Medical Institute.
# Freely distributed under the BSD open source license.
# - - - - - - - - - - - - - - - - - - - - - - - - - - - - - - - - - - - -
# input alignment file:             /gpfs/work/bio/yueqingxing22/igem/HMM/hmm_profiles/plastic_families/alignments/PA.aln.fasta
# output HMM file:                  /gpfs/work/bio/yueqingxing22/igem/HMM/hmm_profiles/plastic_families/hmm/PA.hmm
# - - - - - - - - - - - - - - - - - - - - - - - - - - - - - - - - - - - -

# idx name                  nseq  alen  mlen eff_nseq re/pos description
#---- -------------------- ----- ----- ----- -------- ------ -----------
1     PA.aln                  51   913   436     6.61  0.590 

# CPU time: 0.37u 0.00s 00:00:00.37 Elapsed: 00:00:00.37
# hmmbuild :: profile HMM construction from multiple sequence alignments
# HMMER 3.3.2 (Nov 2020); http://hmmer.org/
# Copyright (C) 2020 Howard Hughes Medical Institute.
# Freely distributed under the BSD open source license.
# - - - - - - - - - - - - - - - - - - - - - - - - - - - - - - - - - - - -
# input alignment file:             /gpfs/work/bio/yueqingxing22/igem/HMM/hmm_profiles/plastic_families/alignments/PBAT.aln.fasta
# output HMM file:                  /gpfs/work/bio/yueqingxing22/igem/HMM/hmm_profiles/plastic_families/hmm/PBAT.hmm
# - - - - - - - - - - - - - - - - - - - - - - - - - - - - - - - - - - - -

# idx name                  nseq  alen  mlen eff_nseq re/pos description
#---- -------------------- ----- ----- ----- -------- ------ -----------
1     PBAT.aln                29   871   346     6.54  0.590 

# CPU time: 0.28u 0.00s 00:00:00.28 Elapsed: 00:00:00.28
# hmmbuild :: profile HMM construction from multiple sequence alignments
# HMMER 3.3.2 (Nov 2020); http://hmmer.org/
# Copyright (C) 2020 Howard Hughes Medical Institute.
# Freely distributed under the BSD open source license.
# - - - - - - - - - - - - - - - - - - - - - - - - - - - - - - - - - - - -
# input alignment file:             /gpfs/work/bio/yueqingxing22/igem/HMM/hmm_profiles/plastic_families/alignments/PBS.aln.fasta
# output HMM file:                  /gpfs/work/bio/yueqingxing22/igem/HMM/hmm_profiles/plastic_families/hmm/PBS.hmm
# - - - - - - - - - - - - - - - - - - - - - - - - - - - - - - - - - - - -

# idx name                  nseq  alen  mlen eff_nseq re/pos description
#---- -------------------- ----- ----- ----- -------- ------ -----------
1     PBS.aln                 18   964   310     5.00  0.590 

# CPU time: 0.23u 0.00s 00:00:00.23 Elapsed: 00:00:00.24
# hmmbuild :: profile HMM construction from multiple sequence alignments
# HMMER 3.3.2 (Nov 2020); http://hmmer.org/
# Copyright (C) 2020 Howard Hughes Medical Institute.
# Freely distributed under the BSD open source license.
# - - - - - - - - - - - - - - - - - - - - - - - - - - - - - - - - - - - -
# input alignment file:             /gpfs/work/bio/yueqingxing22/igem/HMM/hmm_profiles/plastic_families/alignments/PBSA.aln.fasta
# output HMM file:                  /gpfs/work/bio/yueqingxing22/igem/HMM/hmm_profiles/plastic_families/hmm/PBSA.hmm
# - - - - - - - - - - - - - - - - - - - - - - - - - - - - - - - - - - - -

# idx name                  nseq  alen  mlen eff_nseq re/pos description
#---- -------------------- ----- ----- ----- -------- ------ -----------
1     PBSA.aln                21  1012   301     5.86  0.590 

# CPU time: 0.24u 0.00s 00:00:00.24 Elapsed: 00:00:00.24
# hmmbuild :: profile HMM construction from multiple sequence alignments
# HMMER 3.3.2 (Nov 2020); http://hmmer.org/
# Copyright (C) 2020 Howard Hughes Medical Institute.
# Freely distributed under the BSD open source license.
# - - - - - - - - - - - - - - - - - - - - - - - - - - - - - - - - - - - -
# input alignment file:             /gpfs/work/bio/yueqingxing22/igem/HMM/hmm_profiles/plastic_families/alignments/PBSeT.aln.fasta
# output HMM file:                  /gpfs/work/bio/yueqingxing22/igem/HMM/hmm_profiles/plastic_families/hmm/PBSeT.hmm
# - - - - - - - - - - - - - - - - - - - - - - - - - - - - - - - - - - - -

# idx name                  nseq  alen  mlen eff_nseq re/pos description
#---- -------------------- ----- ----- ----- -------- ------ -----------
1     PBSeT.aln                2   316   316     0.43  0.592 

# CPU time: 0.20u 0.00s 00:00:00.20 Elapsed: 00:00:00.20
# hmmbuild :: profile HMM construction from multiple sequence alignments
# HMMER 3.3.2 (Nov 2020); http://hmmer.org/
# Copyright (C) 2020 Howard Hughes Medical Institute.
# Freely distributed under the BSD open source license.
# - - - - - - - - - - - - - - - - - - - - - - - - - - - - - - - - - - - -
# input alignment file:             /gpfs/work/bio/yueqingxing22/igem/HMM/hmm_profiles/plastic_families/alignments/PCL.aln.fasta
# output HMM file:                  /gpfs/work/bio/yueqingxing22/igem/HMM/hmm_profiles/plastic_families/hmm/PCL.hmm
# - - - - - - - - - - - - - - - - - - - - - - - - - - - - - - - - - - - -

# idx name                  nseq  alen  mlen eff_nseq re/pos description
#---- -------------------- ----- ----- ----- -------- ------ -----------
1     PCL.aln                 60  1512   311     9.06  0.590 

# CPU time: 0.27u 0.00s 00:00:00.27 Elapsed: 00:00:00.27
# hmmbuild :: profile HMM construction from multiple sequence alignments
# HMMER 3.3.2 (Nov 2020); http://hmmer.org/
# Copyright (C) 2020 Howard Hughes Medical Institute.
# Freely distributed under the BSD open source license.
# - - - - - - - - - - - - - - - - - - - - - - - - - - - - - - - - - - - -
# input alignment file:             /gpfs/work/bio/yueqingxing22/igem/HMM/hmm_profiles/plastic_families/alignments/PE.aln.fasta
# output HMM file:                  /gpfs/work/bio/yueqingxing22/igem/HMM/hmm_profiles/plastic_families/hmm/PE.hmm
# - - - - - - - - - - - - - - - - - - - - - - - - - - - - - - - - - - - -

# idx name                  nseq  alen  mlen eff_nseq re/pos description
#---- -------------------- ----- ----- ----- -------- ------ -----------
1     PE.aln                  71  1598   360    14.22  0.590 

# CPU time: 0.31u 0.00s 00:00:00.31 Elapsed: 00:00:00.31
# hmmbuild :: profile HMM construction from multiple sequence alignments
# HMMER 3.3.2 (Nov 2020); http://hmmer.org/
# Copyright (C) 2020 Howard Hughes Medical Institute.
# Freely distributed under the BSD open source license.
# - - - - - - - - - - - - - - - - - - - - - - - - - - - - - - - - - - - -
# input alignment file:             /gpfs/work/bio/yueqingxing22/igem/HMM/hmm_profiles/plastic_families/alignments/PEA.aln.fasta
# output HMM file:                  /gpfs/work/bio/yueqingxing22/igem/HMM/hmm_profiles/plastic_families/hmm/PEA.hmm
# - - - - - - - - - - - - - - - - - - - - - - - - - - - - - - - - - - - -

# idx name                  nseq  alen  mlen eff_nseq re/pos description
#---- -------------------- ----- ----- ----- -------- ------ -----------
1     PEA.aln                  3   673   540     0.90  0.591 

# CPU time: 0.35u 0.00s 00:00:00.35 Elapsed: 00:00:00.36
# hmmbuild :: profile HMM construction from multiple sequence alignments
# HMMER 3.3.2 (Nov 2020); http://hmmer.org/
# Copyright (C) 2020 Howard Hughes Medical Institute.
# Freely distributed under the BSD open source license.
# - - - - - - - - - - - - - - - - - - - - - - - - - - - - - - - - - - - -
# input alignment file:             /gpfs/work/bio/yueqingxing22/igem/HMM/hmm_profiles/plastic_families/alignments/PEF.aln.fasta
# output HMM file:                  /gpfs/work/bio/yueqingxing22/igem/HMM/hmm_profiles/plastic_families/hmm/PEF.hmm
# - - - - - - - - - - - - - - - - - - - - - - - - - - - - - - - - - - - -

# idx name                  nseq  alen  mlen eff_nseq re/pos description
#---- -------------------- ----- ----- ----- -------- ------ -----------
1     PEF.aln                  4   296   290     0.52  0.589 

# CPU time: 0.19u 0.00s 00:00:00.19 Elapsed: 00:00:00.19
# hmmbuild :: profile HMM construction from multiple sequence alignments
# HMMER 3.3.2 (Nov 2020); http://hmmer.org/
# Copyright (C) 2020 Howard Hughes Medical Institute.
# Freely distributed under the BSD open source license.
# - - - - - - - - - - - - - - - - - - - - - - - - - - - - - - - - - - - -
# input alignment file:             /gpfs/work/bio/yueqingxing22/igem/HMM/hmm_profiles/plastic_families/alignments/PEG.aln.fasta
# output HMM file:                  /gpfs/work/bio/yueqingxing22/igem/HMM/hmm_profiles/plastic_families/hmm/PEG.hmm
# - - - - - - - - - - - - - - - - - - - - - - - - - - - - - - - - - - - -

# idx name                  nseq  alen  mlen eff_nseq re/pos description
#---- -------------------- ----- ----- ----- -------- ------ -----------
1     PEG.aln                  2   668   668     0.75  0.589 

# CPU time: 0.41u 0.00s 00:00:00.41 Elapsed: 00:00:00.41
# hmmbuild :: profile HMM construction from multiple sequence alignments
# HMMER 3.3.2 (Nov 2020); http://hmmer.org/
# Copyright (C) 2020 Howard Hughes Medical Institute.
# Freely distributed under the BSD open source license.
# - - - - - - - - - - - - - - - - - - - - - - - - - - - - - - - - - - - -
# input alignment file:             /gpfs/work/bio/yueqingxing22/igem/HMM/hmm_profiles/plastic_families/alignments/PES.aln.fasta
# output HMM file:                  /gpfs/work/bio/yueqingxing22/igem/HMM/hmm_profiles/plastic_families/hmm/PES.hmm
# - - - - - - - - - - - - - - - - - - - - - - - - - - - - - - - - - - - -

# idx name                  nseq  alen  mlen eff_nseq re/pos description
#---- -------------------- ----- ----- ----- -------- ------ -----------
1     PES.aln                 18   908   231     6.31  0.590 

# CPU time: 0.18u 0.00s 00:00:00.18 Elapsed: 00:00:00.18
[RUN] mafft --thread 4 --auto /gpfs/work/bio/yueqingxing22/igem/HMM/data/families/plastic_families/ECOFLEX.fasta > /gpfs/work/bio/yueqingxing22/igem/HMM/hmm_profiles/plastic_families/alignments/ECOFLEX.aln.fasta
[RUN] hmmbuild /gpfs/work/bio/yueqingxing22/igem/HMM/hmm_profiles/plastic_families/hmm/ECOFLEX.hmm /gpfs/work/bio/yueqingxing22/igem/HMM/hmm_profiles/plastic_families/alignments/ECOFLEX.aln.fasta
[RUN] mafft --thread 4 --auto /gpfs/work/bio/yueqingxing22/igem/HMM/data/families/plastic_families/ECOVIO-FT.fasta > /gpfs/work/bio/yueqingxing22/igem/HMM/hmm_profiles/plastic_families/alignments/ECOVIO-FT.aln.fasta
[RUN] hmmbuild /gpfs/work/bio/yueqingxing22/igem/HMM/hmm_profiles/plastic_families/hmm/ECOVIO-FT.hmm /gpfs/work/bio/yueqingxing22/igem/HMM/hmm_profiles/plastic_families/alignments/ECOVIO-FT.aln.fasta
[RUN] mafft --thread 4 --auto /gpfs/work/bio/yueqingxing22/igem/HMM/data/families/plastic_families/Impranil.fasta > /gpfs/work/bio/yueqingxing22/igem/HMM/hmm_profiles/plastic_families/alignments/Impranil.aln.fasta
[RUN] hmmbuild /gpfs/work/bio/yueqingxing22/igem/HMM/hmm_profiles/plastic_families/hmm/Impranil.hmm /gpfs/work/bio/yueqingxing22/igem/HMM/hmm_profiles/plastic_families/alignments/Impranil.aln.fasta
[RUN] mafft --thread 4 --auto /gpfs/work/bio/yueqingxing22/igem/HMM/data/families/plastic_families/NR.fasta > /gpfs/work/bio/yueqingxing22/igem/HMM/hmm_profiles/plastic_families/alignments/NR.aln.fasta
[RUN] hmmbuild /gpfs/work/bio/yueqingxing22/igem/HMM/hmm_profiles/plastic_families/hmm/NR.hmm /gpfs/work/bio/yueqingxing22/igem/HMM/hmm_profiles/plastic_families/alignments/NR.aln.fasta
[RUN] mafft --thread 4 --auto /gpfs/work/bio/yueqingxing22/igem/HMM/data/families/plastic_families/O-PVA.fasta > /gpfs/work/bio/yueqingxing22/igem/HMM/hmm_profiles/plastic_families/alignments/O-PVA.aln.fasta
[RUN] hmmbuild /gpfs/work/bio/yueqingxing22/igem/HMM/hmm_profiles/plastic_families/hmm/O-PVA.hmm /gpfs/work/bio/yueqingxing22/igem/HMM/hmm_profiles/plastic_families/alignments/O-PVA.aln.fasta
[RUN] mafft --thread 4 --auto /gpfs/work/bio/yueqingxing22/igem/HMM/data/families/plastic_families/P3HP.fasta > /gpfs/work/bio/yueqingxing22/igem/HMM/hmm_profiles/plastic_families/alignments/P3HP.aln.fasta
[RUN] hmmbuild /gpfs/work/bio/yueqingxing22/igem/HMM/hmm_profiles/plastic_families/hmm/P3HP.hmm /gpfs/work/bio/yueqingxing22/igem/HMM/hmm_profiles/plastic_families/alignments/P3HP.aln.fasta
[RUN] mafft --thread 4 --auto /gpfs/work/bio/yueqingxing22/igem/HMM/data/families/plastic_families/P3HV.fasta > /gpfs/work/bio/yueqingxing22/igem/HMM/hmm_profiles/plastic_families/alignments/P3HV.aln.fasta
[RUN] hmmbuild /gpfs/work/bio/yueqingxing22/igem/HMM/hmm_profiles/plastic_families/hmm/P3HV.hmm /gpfs/work/bio/yueqingxing22/igem/HMM/hmm_profiles/plastic_families/alignments/P3HV.aln.fasta
[RUN] mafft --thread 4 --auto /gpfs/work/bio/yueqingxing22/igem/HMM/data/families/plastic_families/P4HB.fasta > /gpfs/work/bio/yueqingxing22/igem/HMM/hmm_profiles/plastic_families/alignments/P4HB.aln.fasta
[RUN] hmmbuild /gpfs/work/bio/yueqingxing22/igem/HMM/hmm_profiles/plastic_families/hmm/P4HB.hmm /gpfs/work/bio/yueqingxing22/igem/HMM/hmm_profiles/plastic_families/alignments/P4HB.aln.fasta
[RUN] mafft --thread 4 --auto /gpfs/work/bio/yueqingxing22/igem/HMM/data/families/plastic_families/PA.fasta > /gpfs/work/bio/yueqingxing22/igem/HMM/hmm_profiles/plastic_families/alignments/PA.aln.fasta
[RUN] hmmbuild /gpfs/work/bio/yueqingxing22/igem/HMM/hmm_profiles/plastic_families/hmm/PA.hmm /gpfs/work/bio/yueqingxing22/igem/HMM/hmm_profiles/plastic_families/alignments/PA.aln.fasta
[RUN] mafft --thread 4 --auto /gpfs/work/bio/yueqingxing22/igem/HMM/data/families/plastic_families/PBAT.fasta > /gpfs/work/bio/yueqingxing22/igem/HMM/hmm_profiles/plastic_families/alignments/PBAT.aln.fasta
[RUN] hmmbuild /gpfs/work/bio/yueqingxing22/igem/HMM/hmm_profiles/plastic_families/hmm/PBAT.hmm /gpfs/work/bio/yueqingxing22/igem/HMM/hmm_profiles/plastic_families/alignments/PBAT.aln.fasta
[RUN] mafft --thread 4 --auto /gpfs/work/bio/yueqingxing22/igem/HMM/data/families/plastic_families/PBS.fasta > /gpfs/work/bio/yueqingxing22/igem/HMM/hmm_profiles/plastic_families/alignments/PBS.aln.fasta
[RUN] hmmbuild /gpfs/work/bio/yueqingxing22/igem/HMM/hmm_profiles/plastic_families/hmm/PBS.hmm /gpfs/work/bio/yueqingxing22/igem/HMM/hmm_profiles/plastic_families/alignments/PBS.aln.fasta
[RUN] mafft --thread 4 --auto /gpfs/work/bio/yueqingxing22/igem/HMM/data/families/plastic_families/PBSA.fasta > /gpfs/work/bio/yueqingxing22/igem/HMM/hmm_profiles/plastic_families/alignments/PBSA.aln.fasta
[RUN] hmmbuild /gpfs/work/bio/yueqingxing22/igem/HMM/hmm_profiles/plastic_families/hmm/PBSA.hmm /gpfs/work/bio/yueqingxing22/igem/HMM/hmm_profiles/plastic_families/alignments/PBSA.aln.fasta
[RUN] mafft --thread 4 --auto /gpfs/work/bio/yueqingxing22/igem/HMM/data/families/plastic_families/PBSeT.fasta > /gpfs/work/bio/yueqingxing22/igem/HMM/hmm_profiles/plastic_families/alignments/PBSeT.aln.fasta
[RUN] hmmbuild /gpfs/work/bio/yueqingxing22/igem/HMM/hmm_profiles/plastic_families/hmm/PBSeT.hmm /gpfs/work/bio/yueqingxing22/igem/HMM/hmm_profiles/plastic_families/alignments/PBSeT.aln.fasta
[RUN] mafft --thread 4 --auto /gpfs/work/bio/yueqingxing22/igem/HMM/data/families/plastic_families/PCL.fasta > /gpfs/work/bio/yueqingxing22/igem/HMM/hmm_profiles/plastic_families/alignments/PCL.aln.fasta
[RUN] hmmbuild /gpfs/work/bio/yueqingxing22/igem/HMM/hmm_profiles/plastic_families/hmm/PCL.hmm /gpfs/work/bio/yueqingxing22/igem/HMM/hmm_profiles/plastic_families/alignments/PCL.aln.fasta
[RUN] mafft --thread 4 --auto /gpfs/work/bio/yueqingxing22/igem/HMM/data/families/plastic_families/PE.fasta > /gpfs/work/bio/yueqingxing22/igem/HMM/hmm_profiles/plastic_families/alignments/PE.aln.fasta
[RUN] hmmbuild /gpfs/work/bio/yueqingxing22/igem/HMM/hmm_profiles/plastic_families/hmm/PE.hmm /gpfs/work/bio/yueqingxing22/igem/HMM/hmm_profiles/plastic_families/alignments/PE.aln.fasta
[RUN] mafft --thread 4 --auto /gpfs/work/bio/yueqingxing22/igem/HMM/data/families/plastic_families/PEA.fasta > /gpfs/work/bio/yueqingxing22/igem/HMM/hmm_profiles/plastic_families/alignments/PEA.aln.fasta
[RUN] hmmbuild /gpfs/work/bio/yueqingxing22/igem/HMM/hmm_profiles/plastic_families/hmm/PEA.hmm /gpfs/work/bio/yueqingxing22/igem/HMM/hmm_profiles/plastic_families/alignments/PEA.aln.fasta
[RUN] mafft --thread 4 --auto /gpfs/work/bio/yueqingxing22/igem/HMM/data/families/plastic_families/PEF.fasta > /gpfs/work/bio/yueqingxing22/igem/HMM/hmm_profiles/plastic_families/alignments/PEF.aln.fasta
[RUN] hmmbuild /gpfs/work/bio/yueqingxing22/igem/HMM/hmm_profiles/plastic_families/hmm/PEF.hmm /gpfs/work/bio/yueqingxing22/igem/HMM/hmm_profiles/plastic_families/alignments/PEF.aln.fasta
[RUN] mafft --thread 4 --auto /gpfs/work/bio/yueqingxing22/igem/HMM/data/families/plastic_families/PEG.fasta > /gpfs/work/bio/yueqingxing22/igem/HMM/hmm_profiles/plastic_families/alignments/PEG.aln.fasta
[RUN] hmmbuild /gpfs/work/bio/yueqingxing22/igem/HMM/hmm_profiles/plastic_families/hmm/PEG.hmm /gpfs/work/bio/yueqingxing22/igem/HMM/hmm_profiles/plastic_families/alignments/PEG.aln.fasta
[RUN] mafft --thread 4 --auto /gpfs/work/bio/yueqingxing22/igem/HMM/data/families/plastic_families/PES.fasta > /gpfs/work/bio/yueqingxing22/igem/HMM/hmm_profiles/plastic_families/alignments/PES.aln.fasta
[RUN] hmmbuild /gpfs/work/bio/yueqingxing22/igem/HMM/hmm_profiles/plastic_families/hmm/PES.hmm /gpfs/work/bio/yueqingxing22/igem/HMM/hmm_profiles/plastic_families/alignments/PES.aln.fasta
[RUN] mafft --thread 4 --auto /gpfs/work/bio/yueqingxing22/igem/HMM/data/families/plastic_families/PET.fasta > /gpfs/work/bio/yueqingxing22/igem/HMM/hmm_profiles/plastic_families/alignments/PET.aln.fasta
